Vivado Simulator v2025.1.0
Copyright 1986-2022 Xilinx, Inc. All Rights Reserved.
Copyright 2022-2025 Advanced Micro Devices, Inc. All Rights Reserved.
Running: /home/developer/tools/Xilinx/2025.1/Vivado/bin/unwrapped/lnx64.o/xelab -L uvm -timescale 1ns/1ps -debug typical -top tb_top -snapshot tb_sim 
Multi-threading is on. Using 6 slave threads.
WARNING: [XSIM 43-3431] One or more environment variables have been detected which affect the operation of the C compiler. These are typically not set in standard installations and are not tested by AMD, however they may be appropriate for your system, so the flow will attempt to continue.  If errors occur, try running xelab with the "-mt off -v 1" switches to see more information from the C compiler. The following environment variables have been detected:
Starting static elaboration
Pass Through NonSizing Optimizer
WARNING: [VRFC 10-9543] actual bit length 30 differs from formal bit length 10 for port 'addr' [/home/developer/RTL/RISC-V-CPU/ooo_rtl/instr_fetch_stage.sv:129]
WARNING: [VRFC 10-3645] port 'empty_o' remains unconnected for this instance [/home/developer/RTL/RISC-V-CPU/ooo_rtl/instr_fetch_stage.sv:256]
WARNING: [VRFC 10-8967] first argument of $fatal is invalid; expected 0, 1 or 2 [/home/developer/RTL/RISC-V-CPU/ooo_rtl/execute_memory_stage.sv:55]
WARNING: [VRFC 10-8967] first argument of $fatal is invalid; expected 0, 1 or 2 [/home/developer/RTL/RISC-V-CPU/ooo_rtl/execute_memory_stage.sv:253]
Completed static elaboration
INFO: [XSIM 43-4329] Assuming default value 1 for the first arguement of $fatal at Line 55, File /home/developer/RTL/RISC-V-CPU/ooo_rtl/execute_memory_stage.sv
INFO: [XSIM 43-4329] Assuming default value 1 for the first arguement of $fatal at Line 253, File /home/developer/RTL/RISC-V-CPU/ooo_rtl/execute_memory_stage.sv
Starting simulation data flow analysis
WARNING: [XSIM 43-4468] File : /proj/primebuilds/9999.0_PRIME_0428_0031/installs/data/system_verilog/uvm_1.2/xlnx_uvm_package.sv, Line : 25994, RANDC variable size more than 8 bits. This will be treated as a RAND variable instead.
Completed simulation data flow analysis
Time Resolution for simulation is 1ps
Compiling package work.$unit_tb_top_sv
WARNING: [XSIM 43-3373] "/home/developer/RTL/RISC-V-CPU/verification/uvm_files/tb_top.sv" Line 144. System function $fgets is used as system task. This system function should have a LHS e.g. x=$fgets().
WARNING: [XSIM 43-3373] "/home/developer/RTL/RISC-V-CPU/verification/uvm_files/tb_top.sv" Line 145. System function $fgets is used as system task. This system function should have a LHS e.g. x=$fgets().
Compiling package work.core_pkg
Compiling package work.instr_fetch_pkg
Compiling package work.general_pkg
Compiling package work.writeback_pkg
Compiling package work.decode_pkg
Compiling package work.issue_pkg
Compiling package work.exec_mem_pkg
Compiling package uvm.uvm_pkg
Compiling package std.std
Compiling package work.brnch_predict_pkg
Compiling package work.trgt_buffer_pkg
Compiling module work.cpu_commit_if_default
Compiling module work.branch_predictor_default
Compiling module work.trgt_buffer_default
Compiling module work.sram_async_read(INIT_FILE="../me...
Compiling module work.fifo_modded(DEPTH=4,DATA_WIDTH=6...
Compiling module work.trgt_shift_register
Compiling module work.instr_fetch_stage
Compiling module work.free_list
Compiling module work.rename_table_async_read
Compiling module work.issue_queue
Compiling module work.mini_scoreboard
Compiling module work.decode_stage
Compiling module work.register_file_async_read_default
Compiling module work.pc_buffer
Compiling module work.issue_stage
Compiling module work.funct_unit_scoreboard
Compiling module work.alu
Compiling module work.alu_stage
Compiling module work.sram_sync_read_dual_port_vari_wi...
Compiling module work.mem_stage
Compiling module work.branch_unit
Compiling module work.branch_stage
Compiling module work.jalr_stage
Compiling module work.auipc_stage
Compiling module work.execute_memory_stage
Compiling module work.rob_buffer
Compiling module work.spec_exec_answer_buffer
Compiling module work.mem_addr_buffer
Compiling module work.writeback_stage
Compiling module work.core
Compiling module work.tb_top
Built simulation snapshot tb_sim
