0x80000000: ADDI x5, x0, 0
1 5 0 0x0 0x0 0x80000000 0x0
0x80000004: ADDI x6, x0, 256
1 6 0 0x0 0x0 0x80000004 0x100
0x80000008: LUI x7, -2147418112
1 7 0 0x0 0x0 0x80000008 0x80010000
0x8000000c: ADDI x7, x7, 256
1 7 0 0x0 0x0 0x8000000c 0x80010100
0x80000010: SB x5, 0(x7)
0 0 1 0x80010100 0x0 0x80000010 0x0
0x80000014: ADDI x5, x5, 1
1 5 0 0x0 0x0 0x80000014 0x1
0x80000018: ADDI x7, x7, 1
1 7 0 0x0 0x0 0x80000018 0x80010101
0x8000001c: BLTU x5, x6, -12
0 0 0 0x0 0x0 0x8000001c 0x0
0x80000010: SB x5, 0(x7)
0 0 1 0x80010101 0x1 0x80000010 0x0
0x80000014: ADDI x5, x5, 1
1 5 0 0x0 0x0 0x80000014 0x2
0x80000018: ADDI x7, x7, 1
1 7 0 0x0 0x0 0x80000018 0x80010102
0x8000001c: BLTU x5, x6, -12
0 0 0 0x0 0x0 0x8000001c 0x0
0x80000010: SB x5, 0(x7)
0 0 1 0x80010102 0x2 0x80000010 0x0
0x80000014: ADDI x5, x5, 1
1 5 0 0x0 0x0 0x80000014 0x3
0x80000018: ADDI x7, x7, 1
1 7 0 0x0 0x0 0x80000018 0x80010103
0x8000001c: BLTU x5, x6, -12
0 0 0 0x0 0x0 0x8000001c 0x0
0x80000010: SB x5, 0(x7)
0 0 1 0x80010103 0x3 0x80000010 0x0
0x80000014: ADDI x5, x5, 1
1 5 0 0x0 0x0 0x80000014 0x4
0x80000018: ADDI x7, x7, 1
1 7 0 0x0 0x0 0x80000018 0x80010104
0x8000001c: BLTU x5, x6, -12
0 0 0 0x0 0x0 0x8000001c 0x0
0x80000010: SB x5, 0(x7)
0 0 1 0x80010104 0x4 0x80000010 0x0
0x80000014: ADDI x5, x5, 1
1 5 0 0x0 0x0 0x80000014 0x5
0x80000018: ADDI x7, x7, 1
1 7 0 0x0 0x0 0x80000018 0x80010105
0x8000001c: BLTU x5, x6, -12
0 0 0 0x0 0x0 0x8000001c 0x0
0x80000010: SB x5, 0(x7)
0 0 1 0x80010105 0x5 0x80000010 0x0
0x80000014: ADDI x5, x5, 1
1 5 0 0x0 0x0 0x80000014 0x6
0x80000018: ADDI x7, x7, 1
1 7 0 0x0 0x0 0x80000018 0x80010106
0x8000001c: BLTU x5, x6, -12
0 0 0 0x0 0x0 0x8000001c 0x0
0x80000010: SB x5, 0(x7)
0 0 1 0x80010106 0x6 0x80000010 0x0
0x80000014: ADDI x5, x5, 1
1 5 0 0x0 0x0 0x80000014 0x7
0x80000018: ADDI x7, x7, 1
1 7 0 0x0 0x0 0x80000018 0x80010107
0x8000001c: BLTU x5, x6, -12
0 0 0 0x0 0x0 0x8000001c 0x0
0x80000010: SB x5, 0(x7)
0 0 1 0x80010107 0x7 0x80000010 0x0
0x80000014: ADDI x5, x5, 1
1 5 0 0x0 0x0 0x80000014 0x8
0x80000018: ADDI x7, x7, 1
1 7 0 0x0 0x0 0x80000018 0x80010108
0x8000001c: BLTU x5, x6, -12
0 0 0 0x0 0x0 0x8000001c 0x0
0x80000010: SB x5, 0(x7)
0 0 1 0x80010108 0x8 0x80000010 0x0
0x80000014: ADDI x5, x5, 1
1 5 0 0x0 0x0 0x80000014 0x9
0x80000018: ADDI x7, x7, 1
1 7 0 0x0 0x0 0x80000018 0x80010109
0x8000001c: BLTU x5, x6, -12
0 0 0 0x0 0x0 0x8000001c 0x0
0x80000010: SB x5, 0(x7)
0 0 1 0x80010109 0x9 0x80000010 0x0
0x80000014: ADDI x5, x5, 1
1 5 0 0x0 0x0 0x80000014 0xa
0x80000018: ADDI x7, x7, 1
1 7 0 0x0 0x0 0x80000018 0x8001010a
0x8000001c: BLTU x5, x6, -12
0 0 0 0x0 0x0 0x8000001c 0x0
0x80000010: SB x5, 0(x7)
0 0 1 0x8001010a 0xa 0x80000010 0x0
0x80000014: ADDI x5, x5, 1
1 5 0 0x0 0x0 0x80000014 0xb
0x80000018: ADDI x7, x7, 1
1 7 0 0x0 0x0 0x80000018 0x8001010b
0x8000001c: BLTU x5, x6, -12
0 0 0 0x0 0x0 0x8000001c 0x0
0x80000010: SB x5, 0(x7)
0 0 1 0x8001010b 0xb 0x80000010 0x0
0x80000014: ADDI x5, x5, 1
1 5 0 0x0 0x0 0x80000014 0xc
0x80000018: ADDI x7, x7, 1
1 7 0 0x0 0x0 0x80000018 0x8001010c
0x8000001c: BLTU x5, x6, -12
0 0 0 0x0 0x0 0x8000001c 0x0
0x80000010: SB x5, 0(x7)
0 0 1 0x8001010c 0xc 0x80000010 0x0
0x80000014: ADDI x5, x5, 1
1 5 0 0x0 0x0 0x80000014 0xd
0x80000018: ADDI x7, x7, 1
1 7 0 0x0 0x0 0x80000018 0x8001010d
0x8000001c: BLTU x5, x6, -12
0 0 0 0x0 0x0 0x8000001c 0x0
0x80000010: SB x5, 0(x7)
0 0 1 0x8001010d 0xd 0x80000010 0x0
0x80000014: ADDI x5, x5, 1
1 5 0 0x0 0x0 0x80000014 0xe
0x80000018: ADDI x7, x7, 1
1 7 0 0x0 0x0 0x80000018 0x8001010e
0x8000001c: BLTU x5, x6, -12
0 0 0 0x0 0x0 0x8000001c 0x0
0x80000010: SB x5, 0(x7)
0 0 1 0x8001010e 0xe 0x80000010 0x0
0x80000014: ADDI x5, x5, 1
1 5 0 0x0 0x0 0x80000014 0xf
0x80000018: ADDI x7, x7, 1
1 7 0 0x0 0x0 0x80000018 0x8001010f
0x8000001c: BLTU x5, x6, -12
0 0 0 0x0 0x0 0x8000001c 0x0
0x80000010: SB x5, 0(x7)
0 0 1 0x8001010f 0xf 0x80000010 0x0
0x80000014: ADDI x5, x5, 1
1 5 0 0x0 0x0 0x80000014 0x10
0x80000018: ADDI x7, x7, 1
1 7 0 0x0 0x0 0x80000018 0x80010110
0x8000001c: BLTU x5, x6, -12
0 0 0 0x0 0x0 0x8000001c 0x0
0x80000010: SB x5, 0(x7)
0 0 1 0x80010110 0x10 0x80000010 0x0
0x80000014: ADDI x5, x5, 1
1 5 0 0x0 0x0 0x80000014 0x11
0x80000018: ADDI x7, x7, 1
1 7 0 0x0 0x0 0x80000018 0x80010111
0x8000001c: BLTU x5, x6, -12
0 0 0 0x0 0x0 0x8000001c 0x0
0x80000010: SB x5, 0(x7)
0 0 1 0x80010111 0x11 0x80000010 0x0
0x80000014: ADDI x5, x5, 1
1 5 0 0x0 0x0 0x80000014 0x12
0x80000018: ADDI x7, x7, 1
1 7 0 0x0 0x0 0x80000018 0x80010112
0x8000001c: BLTU x5, x6, -12
0 0 0 0x0 0x0 0x8000001c 0x0
0x80000010: SB x5, 0(x7)
0 0 1 0x80010112 0x12 0x80000010 0x0
0x80000014: ADDI x5, x5, 1
1 5 0 0x0 0x0 0x80000014 0x13
0x80000018: ADDI x7, x7, 1
1 7 0 0x0 0x0 0x80000018 0x80010113
0x8000001c: BLTU x5, x6, -12
0 0 0 0x0 0x0 0x8000001c 0x0
0x80000010: SB x5, 0(x7)
0 0 1 0x80010113 0x13 0x80000010 0x0
0x80000014: ADDI x5, x5, 1
1 5 0 0x0 0x0 0x80000014 0x14
0x80000018: ADDI x7, x7, 1
1 7 0 0x0 0x0 0x80000018 0x80010114
0x8000001c: BLTU x5, x6, -12
0 0 0 0x0 0x0 0x8000001c 0x0
0x80000010: SB x5, 0(x7)
0 0 1 0x80010114 0x14 0x80000010 0x0
0x80000014: ADDI x5, x5, 1
1 5 0 0x0 0x0 0x80000014 0x15
0x80000018: ADDI x7, x7, 1
1 7 0 0x0 0x0 0x80000018 0x80010115
0x8000001c: BLTU x5, x6, -12
0 0 0 0x0 0x0 0x8000001c 0x0
0x80000010: SB x5, 0(x7)
0 0 1 0x80010115 0x15 0x80000010 0x0
0x80000014: ADDI x5, x5, 1
1 5 0 0x0 0x0 0x80000014 0x16
0x80000018: ADDI x7, x7, 1
1 7 0 0x0 0x0 0x80000018 0x80010116
0x8000001c: BLTU x5, x6, -12
0 0 0 0x0 0x0 0x8000001c 0x0
0x80000010: SB x5, 0(x7)
0 0 1 0x80010116 0x16 0x80000010 0x0
0x80000014: ADDI x5, x5, 1
1 5 0 0x0 0x0 0x80000014 0x17
0x80000018: ADDI x7, x7, 1
1 7 0 0x0 0x0 0x80000018 0x80010117
0x8000001c: BLTU x5, x6, -12
0 0 0 0x0 0x0 0x8000001c 0x0
0x80000010: SB x5, 0(x7)
0 0 1 0x80010117 0x17 0x80000010 0x0
0x80000014: ADDI x5, x5, 1
1 5 0 0x0 0x0 0x80000014 0x18
0x80000018: ADDI x7, x7, 1
1 7 0 0x0 0x0 0x80000018 0x80010118
0x8000001c: BLTU x5, x6, -12
0 0 0 0x0 0x0 0x8000001c 0x0
0x80000010: SB x5, 0(x7)
0 0 1 0x80010118 0x18 0x80000010 0x0
0x80000014: ADDI x5, x5, 1
1 5 0 0x0 0x0 0x80000014 0x19
0x80000018: ADDI x7, x7, 1
1 7 0 0x0 0x0 0x80000018 0x80010119
0x8000001c: BLTU x5, x6, -12
0 0 0 0x0 0x0 0x8000001c 0x0
0x80000010: SB x5, 0(x7)
0 0 1 0x80010119 0x19 0x80000010 0x0
0x80000014: ADDI x5, x5, 1
1 5 0 0x0 0x0 0x80000014 0x1a
0x80000018: ADDI x7, x7, 1
1 7 0 0x0 0x0 0x80000018 0x8001011a
0x8000001c: BLTU x5, x6, -12
0 0 0 0x0 0x0 0x8000001c 0x0
0x80000010: SB x5, 0(x7)
0 0 1 0x8001011a 0x1a 0x80000010 0x0
0x80000014: ADDI x5, x5, 1
1 5 0 0x0 0x0 0x80000014 0x1b
0x80000018: ADDI x7, x7, 1
1 7 0 0x0 0x0 0x80000018 0x8001011b
0x8000001c: BLTU x5, x6, -12
0 0 0 0x0 0x0 0x8000001c 0x0
0x80000010: SB x5, 0(x7)
0 0 1 0x8001011b 0x1b 0x80000010 0x0
0x80000014: ADDI x5, x5, 1
1 5 0 0x0 0x0 0x80000014 0x1c
0x80000018: ADDI x7, x7, 1
1 7 0 0x0 0x0 0x80000018 0x8001011c
0x8000001c: BLTU x5, x6, -12
0 0 0 0x0 0x0 0x8000001c 0x0
0x80000010: SB x5, 0(x7)
0 0 1 0x8001011c 0x1c 0x80000010 0x0
0x80000014: ADDI x5, x5, 1
1 5 0 0x0 0x0 0x80000014 0x1d
0x80000018: ADDI x7, x7, 1
1 7 0 0x0 0x0 0x80000018 0x8001011d
0x8000001c: BLTU x5, x6, -12
0 0 0 0x0 0x0 0x8000001c 0x0
0x80000010: SB x5, 0(x7)
0 0 1 0x8001011d 0x1d 0x80000010 0x0
0x80000014: ADDI x5, x5, 1
1 5 0 0x0 0x0 0x80000014 0x1e
0x80000018: ADDI x7, x7, 1
1 7 0 0x0 0x0 0x80000018 0x8001011e
0x8000001c: BLTU x5, x6, -12
0 0 0 0x0 0x0 0x8000001c 0x0
0x80000010: SB x5, 0(x7)
0 0 1 0x8001011e 0x1e 0x80000010 0x0
0x80000014: ADDI x5, x5, 1
1 5 0 0x0 0x0 0x80000014 0x1f
0x80000018: ADDI x7, x7, 1
1 7 0 0x0 0x0 0x80000018 0x8001011f
0x8000001c: BLTU x5, x6, -12
0 0 0 0x0 0x0 0x8000001c 0x0
0x80000010: SB x5, 0(x7)
0 0 1 0x8001011f 0x1f 0x80000010 0x0
0x80000014: ADDI x5, x5, 1
1 5 0 0x0 0x0 0x80000014 0x20
0x80000018: ADDI x7, x7, 1
1 7 0 0x0 0x0 0x80000018 0x80010120
0x8000001c: BLTU x5, x6, -12
0 0 0 0x0 0x0 0x8000001c 0x0
0x80000010: SB x5, 0(x7)
0 0 1 0x80010120 0x20 0x80000010 0x0
0x80000014: ADDI x5, x5, 1
1 5 0 0x0 0x0 0x80000014 0x21
0x80000018: ADDI x7, x7, 1
1 7 0 0x0 0x0 0x80000018 0x80010121
0x8000001c: BLTU x5, x6, -12
0 0 0 0x0 0x0 0x8000001c 0x0
0x80000010: SB x5, 0(x7)
0 0 1 0x80010121 0x21 0x80000010 0x0
0x80000014: ADDI x5, x5, 1
1 5 0 0x0 0x0 0x80000014 0x22
0x80000018: ADDI x7, x7, 1
1 7 0 0x0 0x0 0x80000018 0x80010122
0x8000001c: BLTU x5, x6, -12
0 0 0 0x0 0x0 0x8000001c 0x0
0x80000010: SB x5, 0(x7)
0 0 1 0x80010122 0x22 0x80000010 0x0
0x80000014: ADDI x5, x5, 1
1 5 0 0x0 0x0 0x80000014 0x23
0x80000018: ADDI x7, x7, 1
1 7 0 0x0 0x0 0x80000018 0x80010123
0x8000001c: BLTU x5, x6, -12
0 0 0 0x0 0x0 0x8000001c 0x0
0x80000010: SB x5, 0(x7)
0 0 1 0x80010123 0x23 0x80000010 0x0
0x80000014: ADDI x5, x5, 1
1 5 0 0x0 0x0 0x80000014 0x24
0x80000018: ADDI x7, x7, 1
1 7 0 0x0 0x0 0x80000018 0x80010124
0x8000001c: BLTU x5, x6, -12
0 0 0 0x0 0x0 0x8000001c 0x0
0x80000010: SB x5, 0(x7)
0 0 1 0x80010124 0x24 0x80000010 0x0
0x80000014: ADDI x5, x5, 1
1 5 0 0x0 0x0 0x80000014 0x25
0x80000018: ADDI x7, x7, 1
1 7 0 0x0 0x0 0x80000018 0x80010125
0x8000001c: BLTU x5, x6, -12
0 0 0 0x0 0x0 0x8000001c 0x0
0x80000010: SB x5, 0(x7)
0 0 1 0x80010125 0x25 0x80000010 0x0
0x80000014: ADDI x5, x5, 1
1 5 0 0x0 0x0 0x80000014 0x26
0x80000018: ADDI x7, x7, 1
1 7 0 0x0 0x0 0x80000018 0x80010126
0x8000001c: BLTU x5, x6, -12
0 0 0 0x0 0x0 0x8000001c 0x0
0x80000010: SB x5, 0(x7)
0 0 1 0x80010126 0x26 0x80000010 0x0
0x80000014: ADDI x5, x5, 1
1 5 0 0x0 0x0 0x80000014 0x27
0x80000018: ADDI x7, x7, 1
1 7 0 0x0 0x0 0x80000018 0x80010127
0x8000001c: BLTU x5, x6, -12
0 0 0 0x0 0x0 0x8000001c 0x0
0x80000010: SB x5, 0(x7)
0 0 1 0x80010127 0x27 0x80000010 0x0
0x80000014: ADDI x5, x5, 1
1 5 0 0x0 0x0 0x80000014 0x28
0x80000018: ADDI x7, x7, 1
1 7 0 0x0 0x0 0x80000018 0x80010128
0x8000001c: BLTU x5, x6, -12
0 0 0 0x0 0x0 0x8000001c 0x0
0x80000010: SB x5, 0(x7)
0 0 1 0x80010128 0x28 0x80000010 0x0
0x80000014: ADDI x5, x5, 1
1 5 0 0x0 0x0 0x80000014 0x29
0x80000018: ADDI x7, x7, 1
1 7 0 0x0 0x0 0x80000018 0x80010129
0x8000001c: BLTU x5, x6, -12
0 0 0 0x0 0x0 0x8000001c 0x0
0x80000010: SB x5, 0(x7)
0 0 1 0x80010129 0x29 0x80000010 0x0
0x80000014: ADDI x5, x5, 1
1 5 0 0x0 0x0 0x80000014 0x2a
0x80000018: ADDI x7, x7, 1
1 7 0 0x0 0x0 0x80000018 0x8001012a
0x8000001c: BLTU x5, x6, -12
0 0 0 0x0 0x0 0x8000001c 0x0
0x80000010: SB x5, 0(x7)
0 0 1 0x8001012a 0x2a 0x80000010 0x0
0x80000014: ADDI x5, x5, 1
1 5 0 0x0 0x0 0x80000014 0x2b
0x80000018: ADDI x7, x7, 1
1 7 0 0x0 0x0 0x80000018 0x8001012b
0x8000001c: BLTU x5, x6, -12
0 0 0 0x0 0x0 0x8000001c 0x0
0x80000010: SB x5, 0(x7)
0 0 1 0x8001012b 0x2b 0x80000010 0x0
0x80000014: ADDI x5, x5, 1
1 5 0 0x0 0x0 0x80000014 0x2c
0x80000018: ADDI x7, x7, 1
1 7 0 0x0 0x0 0x80000018 0x8001012c
0x8000001c: BLTU x5, x6, -12
0 0 0 0x0 0x0 0x8000001c 0x0
0x80000010: SB x5, 0(x7)
0 0 1 0x8001012c 0x2c 0x80000010 0x0
0x80000014: ADDI x5, x5, 1
1 5 0 0x0 0x0 0x80000014 0x2d
0x80000018: ADDI x7, x7, 1
1 7 0 0x0 0x0 0x80000018 0x8001012d
0x8000001c: BLTU x5, x6, -12
0 0 0 0x0 0x0 0x8000001c 0x0
0x80000010: SB x5, 0(x7)
0 0 1 0x8001012d 0x2d 0x80000010 0x0
0x80000014: ADDI x5, x5, 1
1 5 0 0x0 0x0 0x80000014 0x2e
0x80000018: ADDI x7, x7, 1
1 7 0 0x0 0x0 0x80000018 0x8001012e
0x8000001c: BLTU x5, x6, -12
0 0 0 0x0 0x0 0x8000001c 0x0
0x80000010: SB x5, 0(x7)
0 0 1 0x8001012e 0x2e 0x80000010 0x0
0x80000014: ADDI x5, x5, 1
1 5 0 0x0 0x0 0x80000014 0x2f
0x80000018: ADDI x7, x7, 1
1 7 0 0x0 0x0 0x80000018 0x8001012f
0x8000001c: BLTU x5, x6, -12
0 0 0 0x0 0x0 0x8000001c 0x0
0x80000010: SB x5, 0(x7)
0 0 1 0x8001012f 0x2f 0x80000010 0x0
0x80000014: ADDI x5, x5, 1
1 5 0 0x0 0x0 0x80000014 0x30
0x80000018: ADDI x7, x7, 1
1 7 0 0x0 0x0 0x80000018 0x80010130
0x8000001c: BLTU x5, x6, -12
0 0 0 0x0 0x0 0x8000001c 0x0
0x80000010: SB x5, 0(x7)
0 0 1 0x80010130 0x30 0x80000010 0x0
0x80000014: ADDI x5, x5, 1
1 5 0 0x0 0x0 0x80000014 0x31
0x80000018: ADDI x7, x7, 1
1 7 0 0x0 0x0 0x80000018 0x80010131
0x8000001c: BLTU x5, x6, -12
0 0 0 0x0 0x0 0x8000001c 0x0
0x80000010: SB x5, 0(x7)
0 0 1 0x80010131 0x31 0x80000010 0x0
0x80000014: ADDI x5, x5, 1
1 5 0 0x0 0x0 0x80000014 0x32
0x80000018: ADDI x7, x7, 1
1 7 0 0x0 0x0 0x80000018 0x80010132
0x8000001c: BLTU x5, x6, -12
0 0 0 0x0 0x0 0x8000001c 0x0
0x80000010: SB x5, 0(x7)
0 0 1 0x80010132 0x32 0x80000010 0x0
0x80000014: ADDI x5, x5, 1
1 5 0 0x0 0x0 0x80000014 0x33
0x80000018: ADDI x7, x7, 1
1 7 0 0x0 0x0 0x80000018 0x80010133
0x8000001c: BLTU x5, x6, -12
0 0 0 0x0 0x0 0x8000001c 0x0
0x80000010: SB x5, 0(x7)
0 0 1 0x80010133 0x33 0x80000010 0x0
0x80000014: ADDI x5, x5, 1
1 5 0 0x0 0x0 0x80000014 0x34
0x80000018: ADDI x7, x7, 1
1 7 0 0x0 0x0 0x80000018 0x80010134
0x8000001c: BLTU x5, x6, -12
0 0 0 0x0 0x0 0x8000001c 0x0
0x80000010: SB x5, 0(x7)
0 0 1 0x80010134 0x34 0x80000010 0x0
0x80000014: ADDI x5, x5, 1
1 5 0 0x0 0x0 0x80000014 0x35
0x80000018: ADDI x7, x7, 1
1 7 0 0x0 0x0 0x80000018 0x80010135
0x8000001c: BLTU x5, x6, -12
0 0 0 0x0 0x0 0x8000001c 0x0
0x80000010: SB x5, 0(x7)
0 0 1 0x80010135 0x35 0x80000010 0x0
0x80000014: ADDI x5, x5, 1
1 5 0 0x0 0x0 0x80000014 0x36
0x80000018: ADDI x7, x7, 1
1 7 0 0x0 0x0 0x80000018 0x80010136
0x8000001c: BLTU x5, x6, -12
0 0 0 0x0 0x0 0x8000001c 0x0
0x80000010: SB x5, 0(x7)
0 0 1 0x80010136 0x36 0x80000010 0x0
0x80000014: ADDI x5, x5, 1
1 5 0 0x0 0x0 0x80000014 0x37
0x80000018: ADDI x7, x7, 1
1 7 0 0x0 0x0 0x80000018 0x80010137
0x8000001c: BLTU x5, x6, -12
0 0 0 0x0 0x0 0x8000001c 0x0
0x80000010: SB x5, 0(x7)
0 0 1 0x80010137 0x37 0x80000010 0x0
0x80000014: ADDI x5, x5, 1
1 5 0 0x0 0x0 0x80000014 0x38
0x80000018: ADDI x7, x7, 1
1 7 0 0x0 0x0 0x80000018 0x80010138
0x8000001c: BLTU x5, x6, -12
0 0 0 0x0 0x0 0x8000001c 0x0
0x80000010: SB x5, 0(x7)
0 0 1 0x80010138 0x38 0x80000010 0x0
0x80000014: ADDI x5, x5, 1
1 5 0 0x0 0x0 0x80000014 0x39
0x80000018: ADDI x7, x7, 1
1 7 0 0x0 0x0 0x80000018 0x80010139
0x8000001c: BLTU x5, x6, -12
0 0 0 0x0 0x0 0x8000001c 0x0
0x80000010: SB x5, 0(x7)
0 0 1 0x80010139 0x39 0x80000010 0x0
0x80000014: ADDI x5, x5, 1
1 5 0 0x0 0x0 0x80000014 0x3a
0x80000018: ADDI x7, x7, 1
1 7 0 0x0 0x0 0x80000018 0x8001013a
0x8000001c: BLTU x5, x6, -12
0 0 0 0x0 0x0 0x8000001c 0x0
0x80000010: SB x5, 0(x7)
0 0 1 0x8001013a 0x3a 0x80000010 0x0
0x80000014: ADDI x5, x5, 1
1 5 0 0x0 0x0 0x80000014 0x3b
0x80000018: ADDI x7, x7, 1
1 7 0 0x0 0x0 0x80000018 0x8001013b
0x8000001c: BLTU x5, x6, -12
0 0 0 0x0 0x0 0x8000001c 0x0
0x80000010: SB x5, 0(x7)
0 0 1 0x8001013b 0x3b 0x80000010 0x0
0x80000014: ADDI x5, x5, 1
1 5 0 0x0 0x0 0x80000014 0x3c
0x80000018: ADDI x7, x7, 1
1 7 0 0x0 0x0 0x80000018 0x8001013c
0x8000001c: BLTU x5, x6, -12
0 0 0 0x0 0x0 0x8000001c 0x0
0x80000010: SB x5, 0(x7)
0 0 1 0x8001013c 0x3c 0x80000010 0x0
0x80000014: ADDI x5, x5, 1
1 5 0 0x0 0x0 0x80000014 0x3d
0x80000018: ADDI x7, x7, 1
1 7 0 0x0 0x0 0x80000018 0x8001013d
0x8000001c: BLTU x5, x6, -12
0 0 0 0x0 0x0 0x8000001c 0x0
0x80000010: SB x5, 0(x7)
0 0 1 0x8001013d 0x3d 0x80000010 0x0
0x80000014: ADDI x5, x5, 1
1 5 0 0x0 0x0 0x80000014 0x3e
0x80000018: ADDI x7, x7, 1
1 7 0 0x0 0x0 0x80000018 0x8001013e
0x8000001c: BLTU x5, x6, -12
0 0 0 0x0 0x0 0x8000001c 0x0
0x80000010: SB x5, 0(x7)
0 0 1 0x8001013e 0x3e 0x80000010 0x0
0x80000014: ADDI x5, x5, 1
1 5 0 0x0 0x0 0x80000014 0x3f
0x80000018: ADDI x7, x7, 1
1 7 0 0x0 0x0 0x80000018 0x8001013f
0x8000001c: BLTU x5, x6, -12
0 0 0 0x0 0x0 0x8000001c 0x0
0x80000010: SB x5, 0(x7)
0 0 1 0x8001013f 0x3f 0x80000010 0x0
0x80000014: ADDI x5, x5, 1
1 5 0 0x0 0x0 0x80000014 0x40
0x80000018: ADDI x7, x7, 1
1 7 0 0x0 0x0 0x80000018 0x80010140
0x8000001c: BLTU x5, x6, -12
0 0 0 0x0 0x0 0x8000001c 0x0
0x80000010: SB x5, 0(x7)
0 0 1 0x80010140 0x40 0x80000010 0x0
0x80000014: ADDI x5, x5, 1
1 5 0 0x0 0x0 0x80000014 0x41
0x80000018: ADDI x7, x7, 1
1 7 0 0x0 0x0 0x80000018 0x80010141
0x8000001c: BLTU x5, x6, -12
0 0 0 0x0 0x0 0x8000001c 0x0
0x80000010: SB x5, 0(x7)
0 0 1 0x80010141 0x41 0x80000010 0x0
0x80000014: ADDI x5, x5, 1
1 5 0 0x0 0x0 0x80000014 0x42
0x80000018: ADDI x7, x7, 1
1 7 0 0x0 0x0 0x80000018 0x80010142
0x8000001c: BLTU x5, x6, -12
0 0 0 0x0 0x0 0x8000001c 0x0
0x80000010: SB x5, 0(x7)
0 0 1 0x80010142 0x42 0x80000010 0x0
0x80000014: ADDI x5, x5, 1
1 5 0 0x0 0x0 0x80000014 0x43
0x80000018: ADDI x7, x7, 1
1 7 0 0x0 0x0 0x80000018 0x80010143
0x8000001c: BLTU x5, x6, -12
0 0 0 0x0 0x0 0x8000001c 0x0
0x80000010: SB x5, 0(x7)
0 0 1 0x80010143 0x43 0x80000010 0x0
0x80000014: ADDI x5, x5, 1
1 5 0 0x0 0x0 0x80000014 0x44
0x80000018: ADDI x7, x7, 1
1 7 0 0x0 0x0 0x80000018 0x80010144
0x8000001c: BLTU x5, x6, -12
0 0 0 0x0 0x0 0x8000001c 0x0
0x80000010: SB x5, 0(x7)
0 0 1 0x80010144 0x44 0x80000010 0x0
0x80000014: ADDI x5, x5, 1
1 5 0 0x0 0x0 0x80000014 0x45
0x80000018: ADDI x7, x7, 1
1 7 0 0x0 0x0 0x80000018 0x80010145
0x8000001c: BLTU x5, x6, -12
0 0 0 0x0 0x0 0x8000001c 0x0
0x80000010: SB x5, 0(x7)
0 0 1 0x80010145 0x45 0x80000010 0x0
0x80000014: ADDI x5, x5, 1
1 5 0 0x0 0x0 0x80000014 0x46
0x80000018: ADDI x7, x7, 1
1 7 0 0x0 0x0 0x80000018 0x80010146
0x8000001c: BLTU x5, x6, -12
0 0 0 0x0 0x0 0x8000001c 0x0
0x80000010: SB x5, 0(x7)
0 0 1 0x80010146 0x46 0x80000010 0x0
0x80000014: ADDI x5, x5, 1
1 5 0 0x0 0x0 0x80000014 0x47
0x80000018: ADDI x7, x7, 1
1 7 0 0x0 0x0 0x80000018 0x80010147
0x8000001c: BLTU x5, x6, -12
0 0 0 0x0 0x0 0x8000001c 0x0
0x80000010: SB x5, 0(x7)
0 0 1 0x80010147 0x47 0x80000010 0x0
0x80000014: ADDI x5, x5, 1
1 5 0 0x0 0x0 0x80000014 0x48
0x80000018: ADDI x7, x7, 1
1 7 0 0x0 0x0 0x80000018 0x80010148
0x8000001c: BLTU x5, x6, -12
0 0 0 0x0 0x0 0x8000001c 0x0
0x80000010: SB x5, 0(x7)
0 0 1 0x80010148 0x48 0x80000010 0x0
0x80000014: ADDI x5, x5, 1
1 5 0 0x0 0x0 0x80000014 0x49
0x80000018: ADDI x7, x7, 1
1 7 0 0x0 0x0 0x80000018 0x80010149
0x8000001c: BLTU x5, x6, -12
0 0 0 0x0 0x0 0x8000001c 0x0
0x80000010: SB x5, 0(x7)
0 0 1 0x80010149 0x49 0x80000010 0x0
0x80000014: ADDI x5, x5, 1
1 5 0 0x0 0x0 0x80000014 0x4a
0x80000018: ADDI x7, x7, 1
1 7 0 0x0 0x0 0x80000018 0x8001014a
0x8000001c: BLTU x5, x6, -12
0 0 0 0x0 0x0 0x8000001c 0x0
0x80000010: SB x5, 0(x7)
0 0 1 0x8001014a 0x4a 0x80000010 0x0
0x80000014: ADDI x5, x5, 1
1 5 0 0x0 0x0 0x80000014 0x4b
0x80000018: ADDI x7, x7, 1
1 7 0 0x0 0x0 0x80000018 0x8001014b
0x8000001c: BLTU x5, x6, -12
0 0 0 0x0 0x0 0x8000001c 0x0
0x80000010: SB x5, 0(x7)
0 0 1 0x8001014b 0x4b 0x80000010 0x0
0x80000014: ADDI x5, x5, 1
1 5 0 0x0 0x0 0x80000014 0x4c
0x80000018: ADDI x7, x7, 1
1 7 0 0x0 0x0 0x80000018 0x8001014c
0x8000001c: BLTU x5, x6, -12
0 0 0 0x0 0x0 0x8000001c 0x0
0x80000010: SB x5, 0(x7)
0 0 1 0x8001014c 0x4c 0x80000010 0x0
0x80000014: ADDI x5, x5, 1
1 5 0 0x0 0x0 0x80000014 0x4d
0x80000018: ADDI x7, x7, 1
1 7 0 0x0 0x0 0x80000018 0x8001014d
0x8000001c: BLTU x5, x6, -12
0 0 0 0x0 0x0 0x8000001c 0x0
0x80000010: SB x5, 0(x7)
0 0 1 0x8001014d 0x4d 0x80000010 0x0
0x80000014: ADDI x5, x5, 1
1 5 0 0x0 0x0 0x80000014 0x4e
0x80000018: ADDI x7, x7, 1
1 7 0 0x0 0x0 0x80000018 0x8001014e
0x8000001c: BLTU x5, x6, -12
0 0 0 0x0 0x0 0x8000001c 0x0
0x80000010: SB x5, 0(x7)
0 0 1 0x8001014e 0x4e 0x80000010 0x0
0x80000014: ADDI x5, x5, 1
1 5 0 0x0 0x0 0x80000014 0x4f
0x80000018: ADDI x7, x7, 1
1 7 0 0x0 0x0 0x80000018 0x8001014f
0x8000001c: BLTU x5, x6, -12
0 0 0 0x0 0x0 0x8000001c 0x0
0x80000010: SB x5, 0(x7)
0 0 1 0x8001014f 0x4f 0x80000010 0x0
0x80000014: ADDI x5, x5, 1
1 5 0 0x0 0x0 0x80000014 0x50
0x80000018: ADDI x7, x7, 1
1 7 0 0x0 0x0 0x80000018 0x80010150
0x8000001c: BLTU x5, x6, -12
0 0 0 0x0 0x0 0x8000001c 0x0
0x80000010: SB x5, 0(x7)
0 0 1 0x80010150 0x50 0x80000010 0x0
0x80000014: ADDI x5, x5, 1
1 5 0 0x0 0x0 0x80000014 0x51
0x80000018: ADDI x7, x7, 1
1 7 0 0x0 0x0 0x80000018 0x80010151
0x8000001c: BLTU x5, x6, -12
0 0 0 0x0 0x0 0x8000001c 0x0
0x80000010: SB x5, 0(x7)
0 0 1 0x80010151 0x51 0x80000010 0x0
0x80000014: ADDI x5, x5, 1
1 5 0 0x0 0x0 0x80000014 0x52
0x80000018: ADDI x7, x7, 1
1 7 0 0x0 0x0 0x80000018 0x80010152
0x8000001c: BLTU x5, x6, -12
0 0 0 0x0 0x0 0x8000001c 0x0
0x80000010: SB x5, 0(x7)
0 0 1 0x80010152 0x52 0x80000010 0x0
0x80000014: ADDI x5, x5, 1
1 5 0 0x0 0x0 0x80000014 0x53
0x80000018: ADDI x7, x7, 1
1 7 0 0x0 0x0 0x80000018 0x80010153
0x8000001c: BLTU x5, x6, -12
0 0 0 0x0 0x0 0x8000001c 0x0
0x80000010: SB x5, 0(x7)
0 0 1 0x80010153 0x53 0x80000010 0x0
0x80000014: ADDI x5, x5, 1
1 5 0 0x0 0x0 0x80000014 0x54
0x80000018: ADDI x7, x7, 1
1 7 0 0x0 0x0 0x80000018 0x80010154
0x8000001c: BLTU x5, x6, -12
0 0 0 0x0 0x0 0x8000001c 0x0
0x80000010: SB x5, 0(x7)
0 0 1 0x80010154 0x54 0x80000010 0x0
0x80000014: ADDI x5, x5, 1
1 5 0 0x0 0x0 0x80000014 0x55
0x80000018: ADDI x7, x7, 1
1 7 0 0x0 0x0 0x80000018 0x80010155
0x8000001c: BLTU x5, x6, -12
0 0 0 0x0 0x0 0x8000001c 0x0
0x80000010: SB x5, 0(x7)
0 0 1 0x80010155 0x55 0x80000010 0x0
0x80000014: ADDI x5, x5, 1
1 5 0 0x0 0x0 0x80000014 0x56
0x80000018: ADDI x7, x7, 1
1 7 0 0x0 0x0 0x80000018 0x80010156
0x8000001c: BLTU x5, x6, -12
0 0 0 0x0 0x0 0x8000001c 0x0
0x80000010: SB x5, 0(x7)
0 0 1 0x80010156 0x56 0x80000010 0x0
0x80000014: ADDI x5, x5, 1
1 5 0 0x0 0x0 0x80000014 0x57
0x80000018: ADDI x7, x7, 1
1 7 0 0x0 0x0 0x80000018 0x80010157
0x8000001c: BLTU x5, x6, -12
0 0 0 0x0 0x0 0x8000001c 0x0
0x80000010: SB x5, 0(x7)
0 0 1 0x80010157 0x57 0x80000010 0x0
0x80000014: ADDI x5, x5, 1
1 5 0 0x0 0x0 0x80000014 0x58
0x80000018: ADDI x7, x7, 1
1 7 0 0x0 0x0 0x80000018 0x80010158
0x8000001c: BLTU x5, x6, -12
0 0 0 0x0 0x0 0x8000001c 0x0
0x80000010: SB x5, 0(x7)
0 0 1 0x80010158 0x58 0x80000010 0x0
0x80000014: ADDI x5, x5, 1
1 5 0 0x0 0x0 0x80000014 0x59
0x80000018: ADDI x7, x7, 1
1 7 0 0x0 0x0 0x80000018 0x80010159
0x8000001c: BLTU x5, x6, -12
0 0 0 0x0 0x0 0x8000001c 0x0
0x80000010: SB x5, 0(x7)
0 0 1 0x80010159 0x59 0x80000010 0x0
0x80000014: ADDI x5, x5, 1
1 5 0 0x0 0x0 0x80000014 0x5a
0x80000018: ADDI x7, x7, 1
1 7 0 0x0 0x0 0x80000018 0x8001015a
0x8000001c: BLTU x5, x6, -12
0 0 0 0x0 0x0 0x8000001c 0x0
0x80000010: SB x5, 0(x7)
0 0 1 0x8001015a 0x5a 0x80000010 0x0
0x80000014: ADDI x5, x5, 1
1 5 0 0x0 0x0 0x80000014 0x5b
0x80000018: ADDI x7, x7, 1
1 7 0 0x0 0x0 0x80000018 0x8001015b
0x8000001c: BLTU x5, x6, -12
0 0 0 0x0 0x0 0x8000001c 0x0
0x80000010: SB x5, 0(x7)
0 0 1 0x8001015b 0x5b 0x80000010 0x0
0x80000014: ADDI x5, x5, 1
1 5 0 0x0 0x0 0x80000014 0x5c
0x80000018: ADDI x7, x7, 1
1 7 0 0x0 0x0 0x80000018 0x8001015c
0x8000001c: BLTU x5, x6, -12
0 0 0 0x0 0x0 0x8000001c 0x0
0x80000010: SB x5, 0(x7)
0 0 1 0x8001015c 0x5c 0x80000010 0x0
0x80000014: ADDI x5, x5, 1
1 5 0 0x0 0x0 0x80000014 0x5d
0x80000018: ADDI x7, x7, 1
1 7 0 0x0 0x0 0x80000018 0x8001015d
0x8000001c: BLTU x5, x6, -12
0 0 0 0x0 0x0 0x8000001c 0x0
0x80000010: SB x5, 0(x7)
0 0 1 0x8001015d 0x5d 0x80000010 0x0
0x80000014: ADDI x5, x5, 1
1 5 0 0x0 0x0 0x80000014 0x5e
0x80000018: ADDI x7, x7, 1
1 7 0 0x0 0x0 0x80000018 0x8001015e
0x8000001c: BLTU x5, x6, -12
0 0 0 0x0 0x0 0x8000001c 0x0
0x80000010: SB x5, 0(x7)
0 0 1 0x8001015e 0x5e 0x80000010 0x0
0x80000014: ADDI x5, x5, 1
1 5 0 0x0 0x0 0x80000014 0x5f
0x80000018: ADDI x7, x7, 1
1 7 0 0x0 0x0 0x80000018 0x8001015f
0x8000001c: BLTU x5, x6, -12
0 0 0 0x0 0x0 0x8000001c 0x0
0x80000010: SB x5, 0(x7)
0 0 1 0x8001015f 0x5f 0x80000010 0x0
0x80000014: ADDI x5, x5, 1
1 5 0 0x0 0x0 0x80000014 0x60
0x80000018: ADDI x7, x7, 1
1 7 0 0x0 0x0 0x80000018 0x80010160
0x8000001c: BLTU x5, x6, -12
0 0 0 0x0 0x0 0x8000001c 0x0
0x80000010: SB x5, 0(x7)
0 0 1 0x80010160 0x60 0x80000010 0x0
0x80000014: ADDI x5, x5, 1
1 5 0 0x0 0x0 0x80000014 0x61
0x80000018: ADDI x7, x7, 1
1 7 0 0x0 0x0 0x80000018 0x80010161
0x8000001c: BLTU x5, x6, -12
0 0 0 0x0 0x0 0x8000001c 0x0
0x80000010: SB x5, 0(x7)
0 0 1 0x80010161 0x61 0x80000010 0x0
0x80000014: ADDI x5, x5, 1
1 5 0 0x0 0x0 0x80000014 0x62
0x80000018: ADDI x7, x7, 1
1 7 0 0x0 0x0 0x80000018 0x80010162
0x8000001c: BLTU x5, x6, -12
0 0 0 0x0 0x0 0x8000001c 0x0
0x80000010: SB x5, 0(x7)
0 0 1 0x80010162 0x62 0x80000010 0x0
0x80000014: ADDI x5, x5, 1
1 5 0 0x0 0x0 0x80000014 0x63
0x80000018: ADDI x7, x7, 1
1 7 0 0x0 0x0 0x80000018 0x80010163
0x8000001c: BLTU x5, x6, -12
0 0 0 0x0 0x0 0x8000001c 0x0
0x80000010: SB x5, 0(x7)
0 0 1 0x80010163 0x63 0x80000010 0x0
0x80000014: ADDI x5, x5, 1
1 5 0 0x0 0x0 0x80000014 0x64
0x80000018: ADDI x7, x7, 1
1 7 0 0x0 0x0 0x80000018 0x80010164
0x8000001c: BLTU x5, x6, -12
0 0 0 0x0 0x0 0x8000001c 0x0
0x80000010: SB x5, 0(x7)
0 0 1 0x80010164 0x64 0x80000010 0x0
0x80000014: ADDI x5, x5, 1
1 5 0 0x0 0x0 0x80000014 0x65
0x80000018: ADDI x7, x7, 1
1 7 0 0x0 0x0 0x80000018 0x80010165
0x8000001c: BLTU x5, x6, -12
0 0 0 0x0 0x0 0x8000001c 0x0
0x80000010: SB x5, 0(x7)
0 0 1 0x80010165 0x65 0x80000010 0x0
0x80000014: ADDI x5, x5, 1
1 5 0 0x0 0x0 0x80000014 0x66
0x80000018: ADDI x7, x7, 1
1 7 0 0x0 0x0 0x80000018 0x80010166
0x8000001c: BLTU x5, x6, -12
0 0 0 0x0 0x0 0x8000001c 0x0
0x80000010: SB x5, 0(x7)
0 0 1 0x80010166 0x66 0x80000010 0x0
0x80000014: ADDI x5, x5, 1
1 5 0 0x0 0x0 0x80000014 0x67
0x80000018: ADDI x7, x7, 1
1 7 0 0x0 0x0 0x80000018 0x80010167
0x8000001c: BLTU x5, x6, -12
0 0 0 0x0 0x0 0x8000001c 0x0
0x80000010: SB x5, 0(x7)
0 0 1 0x80010167 0x67 0x80000010 0x0
0x80000014: ADDI x5, x5, 1
1 5 0 0x0 0x0 0x80000014 0x68
0x80000018: ADDI x7, x7, 1
1 7 0 0x0 0x0 0x80000018 0x80010168
0x8000001c: BLTU x5, x6, -12
0 0 0 0x0 0x0 0x8000001c 0x0
0x80000010: SB x5, 0(x7)
0 0 1 0x80010168 0x68 0x80000010 0x0
0x80000014: ADDI x5, x5, 1
1 5 0 0x0 0x0 0x80000014 0x69
0x80000018: ADDI x7, x7, 1
1 7 0 0x0 0x0 0x80000018 0x80010169
0x8000001c: BLTU x5, x6, -12
0 0 0 0x0 0x0 0x8000001c 0x0
0x80000010: SB x5, 0(x7)
0 0 1 0x80010169 0x69 0x80000010 0x0
0x80000014: ADDI x5, x5, 1
1 5 0 0x0 0x0 0x80000014 0x6a
0x80000018: ADDI x7, x7, 1
1 7 0 0x0 0x0 0x80000018 0x8001016a
0x8000001c: BLTU x5, x6, -12
0 0 0 0x0 0x0 0x8000001c 0x0
0x80000010: SB x5, 0(x7)
0 0 1 0x8001016a 0x6a 0x80000010 0x0
0x80000014: ADDI x5, x5, 1
1 5 0 0x0 0x0 0x80000014 0x6b
0x80000018: ADDI x7, x7, 1
1 7 0 0x0 0x0 0x80000018 0x8001016b
0x8000001c: BLTU x5, x6, -12
0 0 0 0x0 0x0 0x8000001c 0x0
0x80000010: SB x5, 0(x7)
0 0 1 0x8001016b 0x6b 0x80000010 0x0
0x80000014: ADDI x5, x5, 1
1 5 0 0x0 0x0 0x80000014 0x6c
0x80000018: ADDI x7, x7, 1
1 7 0 0x0 0x0 0x80000018 0x8001016c
0x8000001c: BLTU x5, x6, -12
0 0 0 0x0 0x0 0x8000001c 0x0
0x80000010: SB x5, 0(x7)
0 0 1 0x8001016c 0x6c 0x80000010 0x0
0x80000014: ADDI x5, x5, 1
1 5 0 0x0 0x0 0x80000014 0x6d
0x80000018: ADDI x7, x7, 1
1 7 0 0x0 0x0 0x80000018 0x8001016d
0x8000001c: BLTU x5, x6, -12
0 0 0 0x0 0x0 0x8000001c 0x0
0x80000010: SB x5, 0(x7)
0 0 1 0x8001016d 0x6d 0x80000010 0x0
0x80000014: ADDI x5, x5, 1
1 5 0 0x0 0x0 0x80000014 0x6e
0x80000018: ADDI x7, x7, 1
1 7 0 0x0 0x0 0x80000018 0x8001016e
0x8000001c: BLTU x5, x6, -12
0 0 0 0x0 0x0 0x8000001c 0x0
0x80000010: SB x5, 0(x7)
0 0 1 0x8001016e 0x6e 0x80000010 0x0
0x80000014: ADDI x5, x5, 1
1 5 0 0x0 0x0 0x80000014 0x6f
0x80000018: ADDI x7, x7, 1
1 7 0 0x0 0x0 0x80000018 0x8001016f
0x8000001c: BLTU x5, x6, -12
0 0 0 0x0 0x0 0x8000001c 0x0
0x80000010: SB x5, 0(x7)
0 0 1 0x8001016f 0x6f 0x80000010 0x0
0x80000014: ADDI x5, x5, 1
1 5 0 0x0 0x0 0x80000014 0x70
0x80000018: ADDI x7, x7, 1
1 7 0 0x0 0x0 0x80000018 0x80010170
0x8000001c: BLTU x5, x6, -12
0 0 0 0x0 0x0 0x8000001c 0x0
0x80000010: SB x5, 0(x7)
0 0 1 0x80010170 0x70 0x80000010 0x0
0x80000014: ADDI x5, x5, 1
1 5 0 0x0 0x0 0x80000014 0x71
0x80000018: ADDI x7, x7, 1
1 7 0 0x0 0x0 0x80000018 0x80010171
0x8000001c: BLTU x5, x6, -12
0 0 0 0x0 0x0 0x8000001c 0x0
0x80000010: SB x5, 0(x7)
0 0 1 0x80010171 0x71 0x80000010 0x0
0x80000014: ADDI x5, x5, 1
1 5 0 0x0 0x0 0x80000014 0x72
0x80000018: ADDI x7, x7, 1
1 7 0 0x0 0x0 0x80000018 0x80010172
0x8000001c: BLTU x5, x6, -12
0 0 0 0x0 0x0 0x8000001c 0x0
0x80000010: SB x5, 0(x7)
0 0 1 0x80010172 0x72 0x80000010 0x0
0x80000014: ADDI x5, x5, 1
1 5 0 0x0 0x0 0x80000014 0x73
0x80000018: ADDI x7, x7, 1
1 7 0 0x0 0x0 0x80000018 0x80010173
0x8000001c: BLTU x5, x6, -12
0 0 0 0x0 0x0 0x8000001c 0x0
0x80000010: SB x5, 0(x7)
0 0 1 0x80010173 0x73 0x80000010 0x0
0x80000014: ADDI x5, x5, 1
1 5 0 0x0 0x0 0x80000014 0x74
0x80000018: ADDI x7, x7, 1
1 7 0 0x0 0x0 0x80000018 0x80010174
0x8000001c: BLTU x5, x6, -12
0 0 0 0x0 0x0 0x8000001c 0x0
0x80000010: SB x5, 0(x7)
0 0 1 0x80010174 0x74 0x80000010 0x0
0x80000014: ADDI x5, x5, 1
1 5 0 0x0 0x0 0x80000014 0x75
0x80000018: ADDI x7, x7, 1
1 7 0 0x0 0x0 0x80000018 0x80010175
0x8000001c: BLTU x5, x6, -12
0 0 0 0x0 0x0 0x8000001c 0x0
0x80000010: SB x5, 0(x7)
0 0 1 0x80010175 0x75 0x80000010 0x0
0x80000014: ADDI x5, x5, 1
1 5 0 0x0 0x0 0x80000014 0x76
0x80000018: ADDI x7, x7, 1
1 7 0 0x0 0x0 0x80000018 0x80010176
0x8000001c: BLTU x5, x6, -12
0 0 0 0x0 0x0 0x8000001c 0x0
0x80000010: SB x5, 0(x7)
0 0 1 0x80010176 0x76 0x80000010 0x0
0x80000014: ADDI x5, x5, 1
1 5 0 0x0 0x0 0x80000014 0x77
0x80000018: ADDI x7, x7, 1
1 7 0 0x0 0x0 0x80000018 0x80010177
0x8000001c: BLTU x5, x6, -12
0 0 0 0x0 0x0 0x8000001c 0x0
0x80000010: SB x5, 0(x7)
0 0 1 0x80010177 0x77 0x80000010 0x0
0x80000014: ADDI x5, x5, 1
1 5 0 0x0 0x0 0x80000014 0x78
0x80000018: ADDI x7, x7, 1
1 7 0 0x0 0x0 0x80000018 0x80010178
0x8000001c: BLTU x5, x6, -12
0 0 0 0x0 0x0 0x8000001c 0x0
0x80000010: SB x5, 0(x7)
0 0 1 0x80010178 0x78 0x80000010 0x0
0x80000014: ADDI x5, x5, 1
1 5 0 0x0 0x0 0x80000014 0x79
0x80000018: ADDI x7, x7, 1
1 7 0 0x0 0x0 0x80000018 0x80010179
0x8000001c: BLTU x5, x6, -12
0 0 0 0x0 0x0 0x8000001c 0x0
0x80000010: SB x5, 0(x7)
0 0 1 0x80010179 0x79 0x80000010 0x0
0x80000014: ADDI x5, x5, 1
1 5 0 0x0 0x0 0x80000014 0x7a
0x80000018: ADDI x7, x7, 1
1 7 0 0x0 0x0 0x80000018 0x8001017a
0x8000001c: BLTU x5, x6, -12
0 0 0 0x0 0x0 0x8000001c 0x0
0x80000010: SB x5, 0(x7)
0 0 1 0x8001017a 0x7a 0x80000010 0x0
0x80000014: ADDI x5, x5, 1
1 5 0 0x0 0x0 0x80000014 0x7b
0x80000018: ADDI x7, x7, 1
1 7 0 0x0 0x0 0x80000018 0x8001017b
0x8000001c: BLTU x5, x6, -12
0 0 0 0x0 0x0 0x8000001c 0x0
0x80000010: SB x5, 0(x7)
0 0 1 0x8001017b 0x7b 0x80000010 0x0
0x80000014: ADDI x5, x5, 1
1 5 0 0x0 0x0 0x80000014 0x7c
0x80000018: ADDI x7, x7, 1
1 7 0 0x0 0x0 0x80000018 0x8001017c
0x8000001c: BLTU x5, x6, -12
0 0 0 0x0 0x0 0x8000001c 0x0
0x80000010: SB x5, 0(x7)
0 0 1 0x8001017c 0x7c 0x80000010 0x0
0x80000014: ADDI x5, x5, 1
1 5 0 0x0 0x0 0x80000014 0x7d
0x80000018: ADDI x7, x7, 1
1 7 0 0x0 0x0 0x80000018 0x8001017d
0x8000001c: BLTU x5, x6, -12
0 0 0 0x0 0x0 0x8000001c 0x0
0x80000010: SB x5, 0(x7)
0 0 1 0x8001017d 0x7d 0x80000010 0x0
0x80000014: ADDI x5, x5, 1
1 5 0 0x0 0x0 0x80000014 0x7e
0x80000018: ADDI x7, x7, 1
1 7 0 0x0 0x0 0x80000018 0x8001017e
0x8000001c: BLTU x5, x6, -12
0 0 0 0x0 0x0 0x8000001c 0x0
0x80000010: SB x5, 0(x7)
0 0 1 0x8001017e 0x7e 0x80000010 0x0
0x80000014: ADDI x5, x5, 1
1 5 0 0x0 0x0 0x80000014 0x7f
0x80000018: ADDI x7, x7, 1
1 7 0 0x0 0x0 0x80000018 0x8001017f
0x8000001c: BLTU x5, x6, -12
0 0 0 0x0 0x0 0x8000001c 0x0
0x80000010: SB x5, 0(x7)
0 0 1 0x8001017f 0x7f 0x80000010 0x0
0x80000014: ADDI x5, x5, 1
1 5 0 0x0 0x0 0x80000014 0x80
0x80000018: ADDI x7, x7, 1
1 7 0 0x0 0x0 0x80000018 0x80010180
0x8000001c: BLTU x5, x6, -12
0 0 0 0x0 0x0 0x8000001c 0x0
0x80000010: SB x5, 0(x7)
0 0 1 0x80010180 0x80 0x80000010 0x0
0x80000014: ADDI x5, x5, 1
1 5 0 0x0 0x0 0x80000014 0x81
0x80000018: ADDI x7, x7, 1
1 7 0 0x0 0x0 0x80000018 0x80010181
0x8000001c: BLTU x5, x6, -12
0 0 0 0x0 0x0 0x8000001c 0x0
0x80000010: SB x5, 0(x7)
0 0 1 0x80010181 0x81 0x80000010 0x0
0x80000014: ADDI x5, x5, 1
1 5 0 0x0 0x0 0x80000014 0x82
0x80000018: ADDI x7, x7, 1
1 7 0 0x0 0x0 0x80000018 0x80010182
0x8000001c: BLTU x5, x6, -12
0 0 0 0x0 0x0 0x8000001c 0x0
0x80000010: SB x5, 0(x7)
0 0 1 0x80010182 0x82 0x80000010 0x0
0x80000014: ADDI x5, x5, 1
1 5 0 0x0 0x0 0x80000014 0x83
0x80000018: ADDI x7, x7, 1
1 7 0 0x0 0x0 0x80000018 0x80010183
0x8000001c: BLTU x5, x6, -12
0 0 0 0x0 0x0 0x8000001c 0x0
0x80000010: SB x5, 0(x7)
0 0 1 0x80010183 0x83 0x80000010 0x0
0x80000014: ADDI x5, x5, 1
1 5 0 0x0 0x0 0x80000014 0x84
0x80000018: ADDI x7, x7, 1
1 7 0 0x0 0x0 0x80000018 0x80010184
0x8000001c: BLTU x5, x6, -12
0 0 0 0x0 0x0 0x8000001c 0x0
0x80000010: SB x5, 0(x7)
0 0 1 0x80010184 0x84 0x80000010 0x0
0x80000014: ADDI x5, x5, 1
1 5 0 0x0 0x0 0x80000014 0x85
0x80000018: ADDI x7, x7, 1
1 7 0 0x0 0x0 0x80000018 0x80010185
0x8000001c: BLTU x5, x6, -12
0 0 0 0x0 0x0 0x8000001c 0x0
0x80000010: SB x5, 0(x7)
0 0 1 0x80010185 0x85 0x80000010 0x0
0x80000014: ADDI x5, x5, 1
1 5 0 0x0 0x0 0x80000014 0x86
0x80000018: ADDI x7, x7, 1
1 7 0 0x0 0x0 0x80000018 0x80010186
0x8000001c: BLTU x5, x6, -12
0 0 0 0x0 0x0 0x8000001c 0x0
0x80000010: SB x5, 0(x7)
0 0 1 0x80010186 0x86 0x80000010 0x0
0x80000014: ADDI x5, x5, 1
1 5 0 0x0 0x0 0x80000014 0x87
0x80000018: ADDI x7, x7, 1
1 7 0 0x0 0x0 0x80000018 0x80010187
0x8000001c: BLTU x5, x6, -12
0 0 0 0x0 0x0 0x8000001c 0x0
0x80000010: SB x5, 0(x7)
0 0 1 0x80010187 0x87 0x80000010 0x0
0x80000014: ADDI x5, x5, 1
1 5 0 0x0 0x0 0x80000014 0x88
0x80000018: ADDI x7, x7, 1
1 7 0 0x0 0x0 0x80000018 0x80010188
0x8000001c: BLTU x5, x6, -12
0 0 0 0x0 0x0 0x8000001c 0x0
0x80000010: SB x5, 0(x7)
0 0 1 0x80010188 0x88 0x80000010 0x0
0x80000014: ADDI x5, x5, 1
1 5 0 0x0 0x0 0x80000014 0x89
0x80000018: ADDI x7, x7, 1
1 7 0 0x0 0x0 0x80000018 0x80010189
0x8000001c: BLTU x5, x6, -12
0 0 0 0x0 0x0 0x8000001c 0x0
0x80000010: SB x5, 0(x7)
0 0 1 0x80010189 0x89 0x80000010 0x0
0x80000014: ADDI x5, x5, 1
1 5 0 0x0 0x0 0x80000014 0x8a
0x80000018: ADDI x7, x7, 1
1 7 0 0x0 0x0 0x80000018 0x8001018a
0x8000001c: BLTU x5, x6, -12
0 0 0 0x0 0x0 0x8000001c 0x0
0x80000010: SB x5, 0(x7)
0 0 1 0x8001018a 0x8a 0x80000010 0x0
0x80000014: ADDI x5, x5, 1
1 5 0 0x0 0x0 0x80000014 0x8b
0x80000018: ADDI x7, x7, 1
1 7 0 0x0 0x0 0x80000018 0x8001018b
0x8000001c: BLTU x5, x6, -12
0 0 0 0x0 0x0 0x8000001c 0x0
0x80000010: SB x5, 0(x7)
0 0 1 0x8001018b 0x8b 0x80000010 0x0
0x80000014: ADDI x5, x5, 1
1 5 0 0x0 0x0 0x80000014 0x8c
0x80000018: ADDI x7, x7, 1
1 7 0 0x0 0x0 0x80000018 0x8001018c
0x8000001c: BLTU x5, x6, -12
0 0 0 0x0 0x0 0x8000001c 0x0
0x80000010: SB x5, 0(x7)
0 0 1 0x8001018c 0x8c 0x80000010 0x0
0x80000014: ADDI x5, x5, 1
1 5 0 0x0 0x0 0x80000014 0x8d
0x80000018: ADDI x7, x7, 1
1 7 0 0x0 0x0 0x80000018 0x8001018d
0x8000001c: BLTU x5, x6, -12
0 0 0 0x0 0x0 0x8000001c 0x0
0x80000010: SB x5, 0(x7)
0 0 1 0x8001018d 0x8d 0x80000010 0x0
0x80000014: ADDI x5, x5, 1
1 5 0 0x0 0x0 0x80000014 0x8e
0x80000018: ADDI x7, x7, 1
1 7 0 0x0 0x0 0x80000018 0x8001018e
0x8000001c: BLTU x5, x6, -12
0 0 0 0x0 0x0 0x8000001c 0x0
0x80000010: SB x5, 0(x7)
0 0 1 0x8001018e 0x8e 0x80000010 0x0
0x80000014: ADDI x5, x5, 1
1 5 0 0x0 0x0 0x80000014 0x8f
0x80000018: ADDI x7, x7, 1
1 7 0 0x0 0x0 0x80000018 0x8001018f
0x8000001c: BLTU x5, x6, -12
0 0 0 0x0 0x0 0x8000001c 0x0
0x80000010: SB x5, 0(x7)
0 0 1 0x8001018f 0x8f 0x80000010 0x0
0x80000014: ADDI x5, x5, 1
1 5 0 0x0 0x0 0x80000014 0x90
0x80000018: ADDI x7, x7, 1
1 7 0 0x0 0x0 0x80000018 0x80010190
0x8000001c: BLTU x5, x6, -12
0 0 0 0x0 0x0 0x8000001c 0x0
0x80000010: SB x5, 0(x7)
0 0 1 0x80010190 0x90 0x80000010 0x0
0x80000014: ADDI x5, x5, 1
1 5 0 0x0 0x0 0x80000014 0x91
0x80000018: ADDI x7, x7, 1
1 7 0 0x0 0x0 0x80000018 0x80010191
0x8000001c: BLTU x5, x6, -12
0 0 0 0x0 0x0 0x8000001c 0x0
0x80000010: SB x5, 0(x7)
0 0 1 0x80010191 0x91 0x80000010 0x0
0x80000014: ADDI x5, x5, 1
1 5 0 0x0 0x0 0x80000014 0x92
0x80000018: ADDI x7, x7, 1
1 7 0 0x0 0x0 0x80000018 0x80010192
0x8000001c: BLTU x5, x6, -12
0 0 0 0x0 0x0 0x8000001c 0x0
0x80000010: SB x5, 0(x7)
0 0 1 0x80010192 0x92 0x80000010 0x0
0x80000014: ADDI x5, x5, 1
1 5 0 0x0 0x0 0x80000014 0x93
0x80000018: ADDI x7, x7, 1
1 7 0 0x0 0x0 0x80000018 0x80010193
0x8000001c: BLTU x5, x6, -12
0 0 0 0x0 0x0 0x8000001c 0x0
0x80000010: SB x5, 0(x7)
0 0 1 0x80010193 0x93 0x80000010 0x0
0x80000014: ADDI x5, x5, 1
1 5 0 0x0 0x0 0x80000014 0x94
0x80000018: ADDI x7, x7, 1
1 7 0 0x0 0x0 0x80000018 0x80010194
0x8000001c: BLTU x5, x6, -12
0 0 0 0x0 0x0 0x8000001c 0x0
0x80000010: SB x5, 0(x7)
0 0 1 0x80010194 0x94 0x80000010 0x0
0x80000014: ADDI x5, x5, 1
1 5 0 0x0 0x0 0x80000014 0x95
0x80000018: ADDI x7, x7, 1
1 7 0 0x0 0x0 0x80000018 0x80010195
0x8000001c: BLTU x5, x6, -12
0 0 0 0x0 0x0 0x8000001c 0x0
0x80000010: SB x5, 0(x7)
0 0 1 0x80010195 0x95 0x80000010 0x0
0x80000014: ADDI x5, x5, 1
1 5 0 0x0 0x0 0x80000014 0x96
0x80000018: ADDI x7, x7, 1
1 7 0 0x0 0x0 0x80000018 0x80010196
0x8000001c: BLTU x5, x6, -12
0 0 0 0x0 0x0 0x8000001c 0x0
0x80000010: SB x5, 0(x7)
0 0 1 0x80010196 0x96 0x80000010 0x0
0x80000014: ADDI x5, x5, 1
1 5 0 0x0 0x0 0x80000014 0x97
0x80000018: ADDI x7, x7, 1
1 7 0 0x0 0x0 0x80000018 0x80010197
0x8000001c: BLTU x5, x6, -12
0 0 0 0x0 0x0 0x8000001c 0x0
0x80000010: SB x5, 0(x7)
0 0 1 0x80010197 0x97 0x80000010 0x0
0x80000014: ADDI x5, x5, 1
1 5 0 0x0 0x0 0x80000014 0x98
0x80000018: ADDI x7, x7, 1
1 7 0 0x0 0x0 0x80000018 0x80010198
0x8000001c: BLTU x5, x6, -12
0 0 0 0x0 0x0 0x8000001c 0x0
0x80000010: SB x5, 0(x7)
0 0 1 0x80010198 0x98 0x80000010 0x0
0x80000014: ADDI x5, x5, 1
1 5 0 0x0 0x0 0x80000014 0x99
0x80000018: ADDI x7, x7, 1
1 7 0 0x0 0x0 0x80000018 0x80010199
0x8000001c: BLTU x5, x6, -12
0 0 0 0x0 0x0 0x8000001c 0x0
0x80000010: SB x5, 0(x7)
0 0 1 0x80010199 0x99 0x80000010 0x0
0x80000014: ADDI x5, x5, 1
1 5 0 0x0 0x0 0x80000014 0x9a
0x80000018: ADDI x7, x7, 1
1 7 0 0x0 0x0 0x80000018 0x8001019a
0x8000001c: BLTU x5, x6, -12
0 0 0 0x0 0x0 0x8000001c 0x0
0x80000010: SB x5, 0(x7)
0 0 1 0x8001019a 0x9a 0x80000010 0x0
0x80000014: ADDI x5, x5, 1
1 5 0 0x0 0x0 0x80000014 0x9b
0x80000018: ADDI x7, x7, 1
1 7 0 0x0 0x0 0x80000018 0x8001019b
0x8000001c: BLTU x5, x6, -12
0 0 0 0x0 0x0 0x8000001c 0x0
0x80000010: SB x5, 0(x7)
0 0 1 0x8001019b 0x9b 0x80000010 0x0
0x80000014: ADDI x5, x5, 1
1 5 0 0x0 0x0 0x80000014 0x9c
0x80000018: ADDI x7, x7, 1
1 7 0 0x0 0x0 0x80000018 0x8001019c
0x8000001c: BLTU x5, x6, -12
0 0 0 0x0 0x0 0x8000001c 0x0
0x80000010: SB x5, 0(x7)
0 0 1 0x8001019c 0x9c 0x80000010 0x0
0x80000014: ADDI x5, x5, 1
1 5 0 0x0 0x0 0x80000014 0x9d
0x80000018: ADDI x7, x7, 1
1 7 0 0x0 0x0 0x80000018 0x8001019d
0x8000001c: BLTU x5, x6, -12
0 0 0 0x0 0x0 0x8000001c 0x0
0x80000010: SB x5, 0(x7)
0 0 1 0x8001019d 0x9d 0x80000010 0x0
0x80000014: ADDI x5, x5, 1
1 5 0 0x0 0x0 0x80000014 0x9e
0x80000018: ADDI x7, x7, 1
1 7 0 0x0 0x0 0x80000018 0x8001019e
0x8000001c: BLTU x5, x6, -12
0 0 0 0x0 0x0 0x8000001c 0x0
0x80000010: SB x5, 0(x7)
0 0 1 0x8001019e 0x9e 0x80000010 0x0
0x80000014: ADDI x5, x5, 1
1 5 0 0x0 0x0 0x80000014 0x9f
0x80000018: ADDI x7, x7, 1
1 7 0 0x0 0x0 0x80000018 0x8001019f
0x8000001c: BLTU x5, x6, -12
0 0 0 0x0 0x0 0x8000001c 0x0
0x80000010: SB x5, 0(x7)
0 0 1 0x8001019f 0x9f 0x80000010 0x0
0x80000014: ADDI x5, x5, 1
1 5 0 0x0 0x0 0x80000014 0xa0
0x80000018: ADDI x7, x7, 1
1 7 0 0x0 0x0 0x80000018 0x800101a0
0x8000001c: BLTU x5, x6, -12
0 0 0 0x0 0x0 0x8000001c 0x0
0x80000010: SB x5, 0(x7)
0 0 1 0x800101a0 0xa0 0x80000010 0x0
0x80000014: ADDI x5, x5, 1
1 5 0 0x0 0x0 0x80000014 0xa1
0x80000018: ADDI x7, x7, 1
1 7 0 0x0 0x0 0x80000018 0x800101a1
0x8000001c: BLTU x5, x6, -12
0 0 0 0x0 0x0 0x8000001c 0x0
0x80000010: SB x5, 0(x7)
0 0 1 0x800101a1 0xa1 0x80000010 0x0
0x80000014: ADDI x5, x5, 1
1 5 0 0x0 0x0 0x80000014 0xa2
0x80000018: ADDI x7, x7, 1
1 7 0 0x0 0x0 0x80000018 0x800101a2
0x8000001c: BLTU x5, x6, -12
0 0 0 0x0 0x0 0x8000001c 0x0
0x80000010: SB x5, 0(x7)
0 0 1 0x800101a2 0xa2 0x80000010 0x0
0x80000014: ADDI x5, x5, 1
1 5 0 0x0 0x0 0x80000014 0xa3
0x80000018: ADDI x7, x7, 1
1 7 0 0x0 0x0 0x80000018 0x800101a3
0x8000001c: BLTU x5, x6, -12
0 0 0 0x0 0x0 0x8000001c 0x0
0x80000010: SB x5, 0(x7)
0 0 1 0x800101a3 0xa3 0x80000010 0x0
0x80000014: ADDI x5, x5, 1
1 5 0 0x0 0x0 0x80000014 0xa4
0x80000018: ADDI x7, x7, 1
1 7 0 0x0 0x0 0x80000018 0x800101a4
0x8000001c: BLTU x5, x6, -12
0 0 0 0x0 0x0 0x8000001c 0x0
0x80000010: SB x5, 0(x7)
0 0 1 0x800101a4 0xa4 0x80000010 0x0
0x80000014: ADDI x5, x5, 1
1 5 0 0x0 0x0 0x80000014 0xa5
0x80000018: ADDI x7, x7, 1
1 7 0 0x0 0x0 0x80000018 0x800101a5
0x8000001c: BLTU x5, x6, -12
0 0 0 0x0 0x0 0x8000001c 0x0
0x80000010: SB x5, 0(x7)
0 0 1 0x800101a5 0xa5 0x80000010 0x0
0x80000014: ADDI x5, x5, 1
1 5 0 0x0 0x0 0x80000014 0xa6
0x80000018: ADDI x7, x7, 1
1 7 0 0x0 0x0 0x80000018 0x800101a6
0x8000001c: BLTU x5, x6, -12
0 0 0 0x0 0x0 0x8000001c 0x0
0x80000010: SB x5, 0(x7)
0 0 1 0x800101a6 0xa6 0x80000010 0x0
0x80000014: ADDI x5, x5, 1
1 5 0 0x0 0x0 0x80000014 0xa7
0x80000018: ADDI x7, x7, 1
1 7 0 0x0 0x0 0x80000018 0x800101a7
0x8000001c: BLTU x5, x6, -12
0 0 0 0x0 0x0 0x8000001c 0x0
0x80000010: SB x5, 0(x7)
0 0 1 0x800101a7 0xa7 0x80000010 0x0
0x80000014: ADDI x5, x5, 1
1 5 0 0x0 0x0 0x80000014 0xa8
0x80000018: ADDI x7, x7, 1
1 7 0 0x0 0x0 0x80000018 0x800101a8
0x8000001c: BLTU x5, x6, -12
0 0 0 0x0 0x0 0x8000001c 0x0
0x80000010: SB x5, 0(x7)
0 0 1 0x800101a8 0xa8 0x80000010 0x0
0x80000014: ADDI x5, x5, 1
1 5 0 0x0 0x0 0x80000014 0xa9
0x80000018: ADDI x7, x7, 1
1 7 0 0x0 0x0 0x80000018 0x800101a9
0x8000001c: BLTU x5, x6, -12
0 0 0 0x0 0x0 0x8000001c 0x0
0x80000010: SB x5, 0(x7)
0 0 1 0x800101a9 0xa9 0x80000010 0x0
0x80000014: ADDI x5, x5, 1
1 5 0 0x0 0x0 0x80000014 0xaa
0x80000018: ADDI x7, x7, 1
1 7 0 0x0 0x0 0x80000018 0x800101aa
0x8000001c: BLTU x5, x6, -12
0 0 0 0x0 0x0 0x8000001c 0x0
0x80000010: SB x5, 0(x7)
0 0 1 0x800101aa 0xaa 0x80000010 0x0
0x80000014: ADDI x5, x5, 1
1 5 0 0x0 0x0 0x80000014 0xab
0x80000018: ADDI x7, x7, 1
1 7 0 0x0 0x0 0x80000018 0x800101ab
0x8000001c: BLTU x5, x6, -12
0 0 0 0x0 0x0 0x8000001c 0x0
0x80000010: SB x5, 0(x7)
0 0 1 0x800101ab 0xab 0x80000010 0x0
0x80000014: ADDI x5, x5, 1
1 5 0 0x0 0x0 0x80000014 0xac
0x80000018: ADDI x7, x7, 1
1 7 0 0x0 0x0 0x80000018 0x800101ac
0x8000001c: BLTU x5, x6, -12
0 0 0 0x0 0x0 0x8000001c 0x0
0x80000010: SB x5, 0(x7)
0 0 1 0x800101ac 0xac 0x80000010 0x0
0x80000014: ADDI x5, x5, 1
1 5 0 0x0 0x0 0x80000014 0xad
0x80000018: ADDI x7, x7, 1
1 7 0 0x0 0x0 0x80000018 0x800101ad
0x8000001c: BLTU x5, x6, -12
0 0 0 0x0 0x0 0x8000001c 0x0
0x80000010: SB x5, 0(x7)
0 0 1 0x800101ad 0xad 0x80000010 0x0
0x80000014: ADDI x5, x5, 1
1 5 0 0x0 0x0 0x80000014 0xae
0x80000018: ADDI x7, x7, 1
1 7 0 0x0 0x0 0x80000018 0x800101ae
0x8000001c: BLTU x5, x6, -12
0 0 0 0x0 0x0 0x8000001c 0x0
0x80000010: SB x5, 0(x7)
0 0 1 0x800101ae 0xae 0x80000010 0x0
0x80000014: ADDI x5, x5, 1
1 5 0 0x0 0x0 0x80000014 0xaf
0x80000018: ADDI x7, x7, 1
1 7 0 0x0 0x0 0x80000018 0x800101af
0x8000001c: BLTU x5, x6, -12
0 0 0 0x0 0x0 0x8000001c 0x0
0x80000010: SB x5, 0(x7)
0 0 1 0x800101af 0xaf 0x80000010 0x0
0x80000014: ADDI x5, x5, 1
1 5 0 0x0 0x0 0x80000014 0xb0
0x80000018: ADDI x7, x7, 1
1 7 0 0x0 0x0 0x80000018 0x800101b0
0x8000001c: BLTU x5, x6, -12
0 0 0 0x0 0x0 0x8000001c 0x0
0x80000010: SB x5, 0(x7)
0 0 1 0x800101b0 0xb0 0x80000010 0x0
0x80000014: ADDI x5, x5, 1
1 5 0 0x0 0x0 0x80000014 0xb1
0x80000018: ADDI x7, x7, 1
1 7 0 0x0 0x0 0x80000018 0x800101b1
0x8000001c: BLTU x5, x6, -12
0 0 0 0x0 0x0 0x8000001c 0x0
0x80000010: SB x5, 0(x7)
0 0 1 0x800101b1 0xb1 0x80000010 0x0
0x80000014: ADDI x5, x5, 1
1 5 0 0x0 0x0 0x80000014 0xb2
0x80000018: ADDI x7, x7, 1
1 7 0 0x0 0x0 0x80000018 0x800101b2
0x8000001c: BLTU x5, x6, -12
0 0 0 0x0 0x0 0x8000001c 0x0
0x80000010: SB x5, 0(x7)
0 0 1 0x800101b2 0xb2 0x80000010 0x0
0x80000014: ADDI x5, x5, 1
1 5 0 0x0 0x0 0x80000014 0xb3
0x80000018: ADDI x7, x7, 1
1 7 0 0x0 0x0 0x80000018 0x800101b3
0x8000001c: BLTU x5, x6, -12
0 0 0 0x0 0x0 0x8000001c 0x0
0x80000010: SB x5, 0(x7)
0 0 1 0x800101b3 0xb3 0x80000010 0x0
0x80000014: ADDI x5, x5, 1
1 5 0 0x0 0x0 0x80000014 0xb4
0x80000018: ADDI x7, x7, 1
1 7 0 0x0 0x0 0x80000018 0x800101b4
0x8000001c: BLTU x5, x6, -12
0 0 0 0x0 0x0 0x8000001c 0x0
0x80000010: SB x5, 0(x7)
0 0 1 0x800101b4 0xb4 0x80000010 0x0
0x80000014: ADDI x5, x5, 1
1 5 0 0x0 0x0 0x80000014 0xb5
0x80000018: ADDI x7, x7, 1
1 7 0 0x0 0x0 0x80000018 0x800101b5
0x8000001c: BLTU x5, x6, -12
0 0 0 0x0 0x0 0x8000001c 0x0
0x80000010: SB x5, 0(x7)
0 0 1 0x800101b5 0xb5 0x80000010 0x0
0x80000014: ADDI x5, x5, 1
1 5 0 0x0 0x0 0x80000014 0xb6
0x80000018: ADDI x7, x7, 1
1 7 0 0x0 0x0 0x80000018 0x800101b6
0x8000001c: BLTU x5, x6, -12
0 0 0 0x0 0x0 0x8000001c 0x0
0x80000010: SB x5, 0(x7)
0 0 1 0x800101b6 0xb6 0x80000010 0x0
0x80000014: ADDI x5, x5, 1
1 5 0 0x0 0x0 0x80000014 0xb7
0x80000018: ADDI x7, x7, 1
1 7 0 0x0 0x0 0x80000018 0x800101b7
0x8000001c: BLTU x5, x6, -12
0 0 0 0x0 0x0 0x8000001c 0x0
0x80000010: SB x5, 0(x7)
0 0 1 0x800101b7 0xb7 0x80000010 0x0
0x80000014: ADDI x5, x5, 1
1 5 0 0x0 0x0 0x80000014 0xb8
0x80000018: ADDI x7, x7, 1
1 7 0 0x0 0x0 0x80000018 0x800101b8
0x8000001c: BLTU x5, x6, -12
0 0 0 0x0 0x0 0x8000001c 0x0
0x80000010: SB x5, 0(x7)
0 0 1 0x800101b8 0xb8 0x80000010 0x0
0x80000014: ADDI x5, x5, 1
1 5 0 0x0 0x0 0x80000014 0xb9
0x80000018: ADDI x7, x7, 1
1 7 0 0x0 0x0 0x80000018 0x800101b9
0x8000001c: BLTU x5, x6, -12
0 0 0 0x0 0x0 0x8000001c 0x0
0x80000010: SB x5, 0(x7)
0 0 1 0x800101b9 0xb9 0x80000010 0x0
0x80000014: ADDI x5, x5, 1
1 5 0 0x0 0x0 0x80000014 0xba
0x80000018: ADDI x7, x7, 1
1 7 0 0x0 0x0 0x80000018 0x800101ba
0x8000001c: BLTU x5, x6, -12
0 0 0 0x0 0x0 0x8000001c 0x0
0x80000010: SB x5, 0(x7)
0 0 1 0x800101ba 0xba 0x80000010 0x0
0x80000014: ADDI x5, x5, 1
1 5 0 0x0 0x0 0x80000014 0xbb
0x80000018: ADDI x7, x7, 1
1 7 0 0x0 0x0 0x80000018 0x800101bb
0x8000001c: BLTU x5, x6, -12
0 0 0 0x0 0x0 0x8000001c 0x0
0x80000010: SB x5, 0(x7)
0 0 1 0x800101bb 0xbb 0x80000010 0x0
0x80000014: ADDI x5, x5, 1
1 5 0 0x0 0x0 0x80000014 0xbc
0x80000018: ADDI x7, x7, 1
1 7 0 0x0 0x0 0x80000018 0x800101bc
0x8000001c: BLTU x5, x6, -12
0 0 0 0x0 0x0 0x8000001c 0x0
0x80000010: SB x5, 0(x7)
0 0 1 0x800101bc 0xbc 0x80000010 0x0
0x80000014: ADDI x5, x5, 1
1 5 0 0x0 0x0 0x80000014 0xbd
0x80000018: ADDI x7, x7, 1
1 7 0 0x0 0x0 0x80000018 0x800101bd
0x8000001c: BLTU x5, x6, -12
0 0 0 0x0 0x0 0x8000001c 0x0
0x80000010: SB x5, 0(x7)
0 0 1 0x800101bd 0xbd 0x80000010 0x0
0x80000014: ADDI x5, x5, 1
1 5 0 0x0 0x0 0x80000014 0xbe
0x80000018: ADDI x7, x7, 1
1 7 0 0x0 0x0 0x80000018 0x800101be
0x8000001c: BLTU x5, x6, -12
0 0 0 0x0 0x0 0x8000001c 0x0
0x80000010: SB x5, 0(x7)
0 0 1 0x800101be 0xbe 0x80000010 0x0
0x80000014: ADDI x5, x5, 1
1 5 0 0x0 0x0 0x80000014 0xbf
0x80000018: ADDI x7, x7, 1
1 7 0 0x0 0x0 0x80000018 0x800101bf
0x8000001c: BLTU x5, x6, -12
0 0 0 0x0 0x0 0x8000001c 0x0
0x80000010: SB x5, 0(x7)
0 0 1 0x800101bf 0xbf 0x80000010 0x0
0x80000014: ADDI x5, x5, 1
1 5 0 0x0 0x0 0x80000014 0xc0
0x80000018: ADDI x7, x7, 1
1 7 0 0x0 0x0 0x80000018 0x800101c0
0x8000001c: BLTU x5, x6, -12
0 0 0 0x0 0x0 0x8000001c 0x0
0x80000010: SB x5, 0(x7)
0 0 1 0x800101c0 0xc0 0x80000010 0x0
0x80000014: ADDI x5, x5, 1
1 5 0 0x0 0x0 0x80000014 0xc1
0x80000018: ADDI x7, x7, 1
1 7 0 0x0 0x0 0x80000018 0x800101c1
0x8000001c: BLTU x5, x6, -12
0 0 0 0x0 0x0 0x8000001c 0x0
0x80000010: SB x5, 0(x7)
0 0 1 0x800101c1 0xc1 0x80000010 0x0
0x80000014: ADDI x5, x5, 1
1 5 0 0x0 0x0 0x80000014 0xc2
0x80000018: ADDI x7, x7, 1
1 7 0 0x0 0x0 0x80000018 0x800101c2
0x8000001c: BLTU x5, x6, -12
0 0 0 0x0 0x0 0x8000001c 0x0
0x80000010: SB x5, 0(x7)
0 0 1 0x800101c2 0xc2 0x80000010 0x0
0x80000014: ADDI x5, x5, 1
1 5 0 0x0 0x0 0x80000014 0xc3
0x80000018: ADDI x7, x7, 1
1 7 0 0x0 0x0 0x80000018 0x800101c3
0x8000001c: BLTU x5, x6, -12
0 0 0 0x0 0x0 0x8000001c 0x0
0x80000010: SB x5, 0(x7)
0 0 1 0x800101c3 0xc3 0x80000010 0x0
0x80000014: ADDI x5, x5, 1
1 5 0 0x0 0x0 0x80000014 0xc4
0x80000018: ADDI x7, x7, 1
1 7 0 0x0 0x0 0x80000018 0x800101c4
0x8000001c: BLTU x5, x6, -12
0 0 0 0x0 0x0 0x8000001c 0x0
0x80000010: SB x5, 0(x7)
0 0 1 0x800101c4 0xc4 0x80000010 0x0
0x80000014: ADDI x5, x5, 1
1 5 0 0x0 0x0 0x80000014 0xc5
0x80000018: ADDI x7, x7, 1
1 7 0 0x0 0x0 0x80000018 0x800101c5
0x8000001c: BLTU x5, x6, -12
0 0 0 0x0 0x0 0x8000001c 0x0
0x80000010: SB x5, 0(x7)
0 0 1 0x800101c5 0xc5 0x80000010 0x0
0x80000014: ADDI x5, x5, 1
1 5 0 0x0 0x0 0x80000014 0xc6
0x80000018: ADDI x7, x7, 1
1 7 0 0x0 0x0 0x80000018 0x800101c6
0x8000001c: BLTU x5, x6, -12
0 0 0 0x0 0x0 0x8000001c 0x0
0x80000010: SB x5, 0(x7)
0 0 1 0x800101c6 0xc6 0x80000010 0x0
0x80000014: ADDI x5, x5, 1
1 5 0 0x0 0x0 0x80000014 0xc7
0x80000018: ADDI x7, x7, 1
1 7 0 0x0 0x0 0x80000018 0x800101c7
0x8000001c: BLTU x5, x6, -12
0 0 0 0x0 0x0 0x8000001c 0x0
0x80000010: SB x5, 0(x7)
0 0 1 0x800101c7 0xc7 0x80000010 0x0
0x80000014: ADDI x5, x5, 1
1 5 0 0x0 0x0 0x80000014 0xc8
0x80000018: ADDI x7, x7, 1
1 7 0 0x0 0x0 0x80000018 0x800101c8
0x8000001c: BLTU x5, x6, -12
0 0 0 0x0 0x0 0x8000001c 0x0
0x80000010: SB x5, 0(x7)
0 0 1 0x800101c8 0xc8 0x80000010 0x0
0x80000014: ADDI x5, x5, 1
1 5 0 0x0 0x0 0x80000014 0xc9
0x80000018: ADDI x7, x7, 1
1 7 0 0x0 0x0 0x80000018 0x800101c9
0x8000001c: BLTU x5, x6, -12
0 0 0 0x0 0x0 0x8000001c 0x0
0x80000010: SB x5, 0(x7)
0 0 1 0x800101c9 0xc9 0x80000010 0x0
0x80000014: ADDI x5, x5, 1
1 5 0 0x0 0x0 0x80000014 0xca
0x80000018: ADDI x7, x7, 1
1 7 0 0x0 0x0 0x80000018 0x800101ca
0x8000001c: BLTU x5, x6, -12
0 0 0 0x0 0x0 0x8000001c 0x0
0x80000010: SB x5, 0(x7)
0 0 1 0x800101ca 0xca 0x80000010 0x0
0x80000014: ADDI x5, x5, 1
1 5 0 0x0 0x0 0x80000014 0xcb
0x80000018: ADDI x7, x7, 1
1 7 0 0x0 0x0 0x80000018 0x800101cb
0x8000001c: BLTU x5, x6, -12
0 0 0 0x0 0x0 0x8000001c 0x0
0x80000010: SB x5, 0(x7)
0 0 1 0x800101cb 0xcb 0x80000010 0x0
0x80000014: ADDI x5, x5, 1
1 5 0 0x0 0x0 0x80000014 0xcc
0x80000018: ADDI x7, x7, 1
1 7 0 0x0 0x0 0x80000018 0x800101cc
0x8000001c: BLTU x5, x6, -12
0 0 0 0x0 0x0 0x8000001c 0x0
0x80000010: SB x5, 0(x7)
0 0 1 0x800101cc 0xcc 0x80000010 0x0
0x80000014: ADDI x5, x5, 1
1 5 0 0x0 0x0 0x80000014 0xcd
0x80000018: ADDI x7, x7, 1
1 7 0 0x0 0x0 0x80000018 0x800101cd
0x8000001c: BLTU x5, x6, -12
0 0 0 0x0 0x0 0x8000001c 0x0
0x80000010: SB x5, 0(x7)
0 0 1 0x800101cd 0xcd 0x80000010 0x0
0x80000014: ADDI x5, x5, 1
1 5 0 0x0 0x0 0x80000014 0xce
0x80000018: ADDI x7, x7, 1
1 7 0 0x0 0x0 0x80000018 0x800101ce
0x8000001c: BLTU x5, x6, -12
0 0 0 0x0 0x0 0x8000001c 0x0
0x80000010: SB x5, 0(x7)
0 0 1 0x800101ce 0xce 0x80000010 0x0
0x80000014: ADDI x5, x5, 1
1 5 0 0x0 0x0 0x80000014 0xcf
0x80000018: ADDI x7, x7, 1
1 7 0 0x0 0x0 0x80000018 0x800101cf
0x8000001c: BLTU x5, x6, -12
0 0 0 0x0 0x0 0x8000001c 0x0
0x80000010: SB x5, 0(x7)
0 0 1 0x800101cf 0xcf 0x80000010 0x0
0x80000014: ADDI x5, x5, 1
1 5 0 0x0 0x0 0x80000014 0xd0
0x80000018: ADDI x7, x7, 1
1 7 0 0x0 0x0 0x80000018 0x800101d0
0x8000001c: BLTU x5, x6, -12
0 0 0 0x0 0x0 0x8000001c 0x0
0x80000010: SB x5, 0(x7)
0 0 1 0x800101d0 0xd0 0x80000010 0x0
0x80000014: ADDI x5, x5, 1
1 5 0 0x0 0x0 0x80000014 0xd1
0x80000018: ADDI x7, x7, 1
1 7 0 0x0 0x0 0x80000018 0x800101d1
0x8000001c: BLTU x5, x6, -12
0 0 0 0x0 0x0 0x8000001c 0x0
0x80000010: SB x5, 0(x7)
0 0 1 0x800101d1 0xd1 0x80000010 0x0
0x80000014: ADDI x5, x5, 1
1 5 0 0x0 0x0 0x80000014 0xd2
0x80000018: ADDI x7, x7, 1
1 7 0 0x0 0x0 0x80000018 0x800101d2
0x8000001c: BLTU x5, x6, -12
0 0 0 0x0 0x0 0x8000001c 0x0
0x80000010: SB x5, 0(x7)
0 0 1 0x800101d2 0xd2 0x80000010 0x0
0x80000014: ADDI x5, x5, 1
1 5 0 0x0 0x0 0x80000014 0xd3
0x80000018: ADDI x7, x7, 1
1 7 0 0x0 0x0 0x80000018 0x800101d3
0x8000001c: BLTU x5, x6, -12
0 0 0 0x0 0x0 0x8000001c 0x0
0x80000010: SB x5, 0(x7)
0 0 1 0x800101d3 0xd3 0x80000010 0x0
0x80000014: ADDI x5, x5, 1
1 5 0 0x0 0x0 0x80000014 0xd4
0x80000018: ADDI x7, x7, 1
1 7 0 0x0 0x0 0x80000018 0x800101d4
0x8000001c: BLTU x5, x6, -12
0 0 0 0x0 0x0 0x8000001c 0x0
0x80000010: SB x5, 0(x7)
0 0 1 0x800101d4 0xd4 0x80000010 0x0
0x80000014: ADDI x5, x5, 1
1 5 0 0x0 0x0 0x80000014 0xd5
0x80000018: ADDI x7, x7, 1
1 7 0 0x0 0x0 0x80000018 0x800101d5
0x8000001c: BLTU x5, x6, -12
0 0 0 0x0 0x0 0x8000001c 0x0
0x80000010: SB x5, 0(x7)
0 0 1 0x800101d5 0xd5 0x80000010 0x0
0x80000014: ADDI x5, x5, 1
1 5 0 0x0 0x0 0x80000014 0xd6
0x80000018: ADDI x7, x7, 1
1 7 0 0x0 0x0 0x80000018 0x800101d6
0x8000001c: BLTU x5, x6, -12
0 0 0 0x0 0x0 0x8000001c 0x0
0x80000010: SB x5, 0(x7)
0 0 1 0x800101d6 0xd6 0x80000010 0x0
0x80000014: ADDI x5, x5, 1
1 5 0 0x0 0x0 0x80000014 0xd7
0x80000018: ADDI x7, x7, 1
1 7 0 0x0 0x0 0x80000018 0x800101d7
0x8000001c: BLTU x5, x6, -12
0 0 0 0x0 0x0 0x8000001c 0x0
0x80000010: SB x5, 0(x7)
0 0 1 0x800101d7 0xd7 0x80000010 0x0
0x80000014: ADDI x5, x5, 1
1 5 0 0x0 0x0 0x80000014 0xd8
0x80000018: ADDI x7, x7, 1
1 7 0 0x0 0x0 0x80000018 0x800101d8
0x8000001c: BLTU x5, x6, -12
0 0 0 0x0 0x0 0x8000001c 0x0
0x80000010: SB x5, 0(x7)
0 0 1 0x800101d8 0xd8 0x80000010 0x0
0x80000014: ADDI x5, x5, 1
1 5 0 0x0 0x0 0x80000014 0xd9
0x80000018: ADDI x7, x7, 1
1 7 0 0x0 0x0 0x80000018 0x800101d9
0x8000001c: BLTU x5, x6, -12
0 0 0 0x0 0x0 0x8000001c 0x0
0x80000010: SB x5, 0(x7)
0 0 1 0x800101d9 0xd9 0x80000010 0x0
0x80000014: ADDI x5, x5, 1
1 5 0 0x0 0x0 0x80000014 0xda
0x80000018: ADDI x7, x7, 1
1 7 0 0x0 0x0 0x80000018 0x800101da
0x8000001c: BLTU x5, x6, -12
0 0 0 0x0 0x0 0x8000001c 0x0
0x80000010: SB x5, 0(x7)
0 0 1 0x800101da 0xda 0x80000010 0x0
0x80000014: ADDI x5, x5, 1
1 5 0 0x0 0x0 0x80000014 0xdb
0x80000018: ADDI x7, x7, 1
1 7 0 0x0 0x0 0x80000018 0x800101db
0x8000001c: BLTU x5, x6, -12
0 0 0 0x0 0x0 0x8000001c 0x0
0x80000010: SB x5, 0(x7)
0 0 1 0x800101db 0xdb 0x80000010 0x0
0x80000014: ADDI x5, x5, 1
1 5 0 0x0 0x0 0x80000014 0xdc
0x80000018: ADDI x7, x7, 1
1 7 0 0x0 0x0 0x80000018 0x800101dc
0x8000001c: BLTU x5, x6, -12
0 0 0 0x0 0x0 0x8000001c 0x0
0x80000010: SB x5, 0(x7)
0 0 1 0x800101dc 0xdc 0x80000010 0x0
0x80000014: ADDI x5, x5, 1
1 5 0 0x0 0x0 0x80000014 0xdd
0x80000018: ADDI x7, x7, 1
1 7 0 0x0 0x0 0x80000018 0x800101dd
0x8000001c: BLTU x5, x6, -12
0 0 0 0x0 0x0 0x8000001c 0x0
0x80000010: SB x5, 0(x7)
0 0 1 0x800101dd 0xdd 0x80000010 0x0
0x80000014: ADDI x5, x5, 1
1 5 0 0x0 0x0 0x80000014 0xde
0x80000018: ADDI x7, x7, 1
1 7 0 0x0 0x0 0x80000018 0x800101de
0x8000001c: BLTU x5, x6, -12
0 0 0 0x0 0x0 0x8000001c 0x0
0x80000010: SB x5, 0(x7)
0 0 1 0x800101de 0xde 0x80000010 0x0
0x80000014: ADDI x5, x5, 1
1 5 0 0x0 0x0 0x80000014 0xdf
0x80000018: ADDI x7, x7, 1
1 7 0 0x0 0x0 0x80000018 0x800101df
0x8000001c: BLTU x5, x6, -12
0 0 0 0x0 0x0 0x8000001c 0x0
0x80000010: SB x5, 0(x7)
0 0 1 0x800101df 0xdf 0x80000010 0x0
0x80000014: ADDI x5, x5, 1
1 5 0 0x0 0x0 0x80000014 0xe0
0x80000018: ADDI x7, x7, 1
1 7 0 0x0 0x0 0x80000018 0x800101e0
0x8000001c: BLTU x5, x6, -12
0 0 0 0x0 0x0 0x8000001c 0x0
0x80000010: SB x5, 0(x7)
0 0 1 0x800101e0 0xe0 0x80000010 0x0
0x80000014: ADDI x5, x5, 1
1 5 0 0x0 0x0 0x80000014 0xe1
0x80000018: ADDI x7, x7, 1
1 7 0 0x0 0x0 0x80000018 0x800101e1
0x8000001c: BLTU x5, x6, -12
0 0 0 0x0 0x0 0x8000001c 0x0
0x80000010: SB x5, 0(x7)
0 0 1 0x800101e1 0xe1 0x80000010 0x0
0x80000014: ADDI x5, x5, 1
1 5 0 0x0 0x0 0x80000014 0xe2
0x80000018: ADDI x7, x7, 1
1 7 0 0x0 0x0 0x80000018 0x800101e2
0x8000001c: BLTU x5, x6, -12
0 0 0 0x0 0x0 0x8000001c 0x0
0x80000010: SB x5, 0(x7)
0 0 1 0x800101e2 0xe2 0x80000010 0x0
0x80000014: ADDI x5, x5, 1
1 5 0 0x0 0x0 0x80000014 0xe3
0x80000018: ADDI x7, x7, 1
1 7 0 0x0 0x0 0x80000018 0x800101e3
0x8000001c: BLTU x5, x6, -12
0 0 0 0x0 0x0 0x8000001c 0x0
0x80000010: SB x5, 0(x7)
0 0 1 0x800101e3 0xe3 0x80000010 0x0
0x80000014: ADDI x5, x5, 1
1 5 0 0x0 0x0 0x80000014 0xe4
0x80000018: ADDI x7, x7, 1
1 7 0 0x0 0x0 0x80000018 0x800101e4
0x8000001c: BLTU x5, x6, -12
0 0 0 0x0 0x0 0x8000001c 0x0
0x80000010: SB x5, 0(x7)
0 0 1 0x800101e4 0xe4 0x80000010 0x0
0x80000014: ADDI x5, x5, 1
1 5 0 0x0 0x0 0x80000014 0xe5
0x80000018: ADDI x7, x7, 1
1 7 0 0x0 0x0 0x80000018 0x800101e5
0x8000001c: BLTU x5, x6, -12
0 0 0 0x0 0x0 0x8000001c 0x0
0x80000010: SB x5, 0(x7)
0 0 1 0x800101e5 0xe5 0x80000010 0x0
0x80000014: ADDI x5, x5, 1
1 5 0 0x0 0x0 0x80000014 0xe6
0x80000018: ADDI x7, x7, 1
1 7 0 0x0 0x0 0x80000018 0x800101e6
0x8000001c: BLTU x5, x6, -12
0 0 0 0x0 0x0 0x8000001c 0x0
0x80000010: SB x5, 0(x7)
0 0 1 0x800101e6 0xe6 0x80000010 0x0
0x80000014: ADDI x5, x5, 1
1 5 0 0x0 0x0 0x80000014 0xe7
0x80000018: ADDI x7, x7, 1
1 7 0 0x0 0x0 0x80000018 0x800101e7
0x8000001c: BLTU x5, x6, -12
0 0 0 0x0 0x0 0x8000001c 0x0
0x80000010: SB x5, 0(x7)
0 0 1 0x800101e7 0xe7 0x80000010 0x0
0x80000014: ADDI x5, x5, 1
1 5 0 0x0 0x0 0x80000014 0xe8
0x80000018: ADDI x7, x7, 1
1 7 0 0x0 0x0 0x80000018 0x800101e8
0x8000001c: BLTU x5, x6, -12
0 0 0 0x0 0x0 0x8000001c 0x0
0x80000010: SB x5, 0(x7)
0 0 1 0x800101e8 0xe8 0x80000010 0x0
0x80000014: ADDI x5, x5, 1
1 5 0 0x0 0x0 0x80000014 0xe9
0x80000018: ADDI x7, x7, 1
1 7 0 0x0 0x0 0x80000018 0x800101e9
0x8000001c: BLTU x5, x6, -12
0 0 0 0x0 0x0 0x8000001c 0x0
0x80000010: SB x5, 0(x7)
0 0 1 0x800101e9 0xe9 0x80000010 0x0
0x80000014: ADDI x5, x5, 1
1 5 0 0x0 0x0 0x80000014 0xea
0x80000018: ADDI x7, x7, 1
1 7 0 0x0 0x0 0x80000018 0x800101ea
0x8000001c: BLTU x5, x6, -12
0 0 0 0x0 0x0 0x8000001c 0x0
0x80000010: SB x5, 0(x7)
0 0 1 0x800101ea 0xea 0x80000010 0x0
0x80000014: ADDI x5, x5, 1
1 5 0 0x0 0x0 0x80000014 0xeb
0x80000018: ADDI x7, x7, 1
1 7 0 0x0 0x0 0x80000018 0x800101eb
0x8000001c: BLTU x5, x6, -12
0 0 0 0x0 0x0 0x8000001c 0x0
0x80000010: SB x5, 0(x7)
0 0 1 0x800101eb 0xeb 0x80000010 0x0
0x80000014: ADDI x5, x5, 1
1 5 0 0x0 0x0 0x80000014 0xec
0x80000018: ADDI x7, x7, 1
1 7 0 0x0 0x0 0x80000018 0x800101ec
0x8000001c: BLTU x5, x6, -12
0 0 0 0x0 0x0 0x8000001c 0x0
0x80000010: SB x5, 0(x7)
0 0 1 0x800101ec 0xec 0x80000010 0x0
0x80000014: ADDI x5, x5, 1
1 5 0 0x0 0x0 0x80000014 0xed
0x80000018: ADDI x7, x7, 1
1 7 0 0x0 0x0 0x80000018 0x800101ed
0x8000001c: BLTU x5, x6, -12
0 0 0 0x0 0x0 0x8000001c 0x0
0x80000010: SB x5, 0(x7)
0 0 1 0x800101ed 0xed 0x80000010 0x0
0x80000014: ADDI x5, x5, 1
1 5 0 0x0 0x0 0x80000014 0xee
0x80000018: ADDI x7, x7, 1
1 7 0 0x0 0x0 0x80000018 0x800101ee
0x8000001c: BLTU x5, x6, -12
0 0 0 0x0 0x0 0x8000001c 0x0
0x80000010: SB x5, 0(x7)
0 0 1 0x800101ee 0xee 0x80000010 0x0
0x80000014: ADDI x5, x5, 1
1 5 0 0x0 0x0 0x80000014 0xef
0x80000018: ADDI x7, x7, 1
1 7 0 0x0 0x0 0x80000018 0x800101ef
0x8000001c: BLTU x5, x6, -12
0 0 0 0x0 0x0 0x8000001c 0x0
0x80000010: SB x5, 0(x7)
0 0 1 0x800101ef 0xef 0x80000010 0x0
0x80000014: ADDI x5, x5, 1
1 5 0 0x0 0x0 0x80000014 0xf0
0x80000018: ADDI x7, x7, 1
1 7 0 0x0 0x0 0x80000018 0x800101f0
0x8000001c: BLTU x5, x6, -12
0 0 0 0x0 0x0 0x8000001c 0x0
0x80000010: SB x5, 0(x7)
0 0 1 0x800101f0 0xf0 0x80000010 0x0
0x80000014: ADDI x5, x5, 1
1 5 0 0x0 0x0 0x80000014 0xf1
0x80000018: ADDI x7, x7, 1
1 7 0 0x0 0x0 0x80000018 0x800101f1
0x8000001c: BLTU x5, x6, -12
0 0 0 0x0 0x0 0x8000001c 0x0
0x80000010: SB x5, 0(x7)
0 0 1 0x800101f1 0xf1 0x80000010 0x0
0x80000014: ADDI x5, x5, 1
1 5 0 0x0 0x0 0x80000014 0xf2
0x80000018: ADDI x7, x7, 1
1 7 0 0x0 0x0 0x80000018 0x800101f2
0x8000001c: BLTU x5, x6, -12
0 0 0 0x0 0x0 0x8000001c 0x0
0x80000010: SB x5, 0(x7)
0 0 1 0x800101f2 0xf2 0x80000010 0x0
0x80000014: ADDI x5, x5, 1
1 5 0 0x0 0x0 0x80000014 0xf3
0x80000018: ADDI x7, x7, 1
1 7 0 0x0 0x0 0x80000018 0x800101f3
0x8000001c: BLTU x5, x6, -12
0 0 0 0x0 0x0 0x8000001c 0x0
0x80000010: SB x5, 0(x7)
0 0 1 0x800101f3 0xf3 0x80000010 0x0
0x80000014: ADDI x5, x5, 1
1 5 0 0x0 0x0 0x80000014 0xf4
0x80000018: ADDI x7, x7, 1
1 7 0 0x0 0x0 0x80000018 0x800101f4
0x8000001c: BLTU x5, x6, -12
0 0 0 0x0 0x0 0x8000001c 0x0
0x80000010: SB x5, 0(x7)
0 0 1 0x800101f4 0xf4 0x80000010 0x0
0x80000014: ADDI x5, x5, 1
1 5 0 0x0 0x0 0x80000014 0xf5
0x80000018: ADDI x7, x7, 1
1 7 0 0x0 0x0 0x80000018 0x800101f5
0x8000001c: BLTU x5, x6, -12
0 0 0 0x0 0x0 0x8000001c 0x0
0x80000010: SB x5, 0(x7)
0 0 1 0x800101f5 0xf5 0x80000010 0x0
0x80000014: ADDI x5, x5, 1
1 5 0 0x0 0x0 0x80000014 0xf6
0x80000018: ADDI x7, x7, 1
1 7 0 0x0 0x0 0x80000018 0x800101f6
0x8000001c: BLTU x5, x6, -12
0 0 0 0x0 0x0 0x8000001c 0x0
0x80000010: SB x5, 0(x7)
0 0 1 0x800101f6 0xf6 0x80000010 0x0
0x80000014: ADDI x5, x5, 1
1 5 0 0x0 0x0 0x80000014 0xf7
0x80000018: ADDI x7, x7, 1
1 7 0 0x0 0x0 0x80000018 0x800101f7
0x8000001c: BLTU x5, x6, -12
0 0 0 0x0 0x0 0x8000001c 0x0
0x80000010: SB x5, 0(x7)
0 0 1 0x800101f7 0xf7 0x80000010 0x0
0x80000014: ADDI x5, x5, 1
1 5 0 0x0 0x0 0x80000014 0xf8
0x80000018: ADDI x7, x7, 1
1 7 0 0x0 0x0 0x80000018 0x800101f8
0x8000001c: BLTU x5, x6, -12
0 0 0 0x0 0x0 0x8000001c 0x0
0x80000010: SB x5, 0(x7)
0 0 1 0x800101f8 0xf8 0x80000010 0x0
0x80000014: ADDI x5, x5, 1
1 5 0 0x0 0x0 0x80000014 0xf9
0x80000018: ADDI x7, x7, 1
1 7 0 0x0 0x0 0x80000018 0x800101f9
0x8000001c: BLTU x5, x6, -12
0 0 0 0x0 0x0 0x8000001c 0x0
0x80000010: SB x5, 0(x7)
0 0 1 0x800101f9 0xf9 0x80000010 0x0
0x80000014: ADDI x5, x5, 1
1 5 0 0x0 0x0 0x80000014 0xfa
0x80000018: ADDI x7, x7, 1
1 7 0 0x0 0x0 0x80000018 0x800101fa
0x8000001c: BLTU x5, x6, -12
0 0 0 0x0 0x0 0x8000001c 0x0
0x80000010: SB x5, 0(x7)
0 0 1 0x800101fa 0xfa 0x80000010 0x0
0x80000014: ADDI x5, x5, 1
1 5 0 0x0 0x0 0x80000014 0xfb
0x80000018: ADDI x7, x7, 1
1 7 0 0x0 0x0 0x80000018 0x800101fb
0x8000001c: BLTU x5, x6, -12
0 0 0 0x0 0x0 0x8000001c 0x0
0x80000010: SB x5, 0(x7)
0 0 1 0x800101fb 0xfb 0x80000010 0x0
0x80000014: ADDI x5, x5, 1
1 5 0 0x0 0x0 0x80000014 0xfc
0x80000018: ADDI x7, x7, 1
1 7 0 0x0 0x0 0x80000018 0x800101fc
0x8000001c: BLTU x5, x6, -12
0 0 0 0x0 0x0 0x8000001c 0x0
0x80000010: SB x5, 0(x7)
0 0 1 0x800101fc 0xfc 0x80000010 0x0
0x80000014: ADDI x5, x5, 1
1 5 0 0x0 0x0 0x80000014 0xfd
0x80000018: ADDI x7, x7, 1
1 7 0 0x0 0x0 0x80000018 0x800101fd
0x8000001c: BLTU x5, x6, -12
0 0 0 0x0 0x0 0x8000001c 0x0
0x80000010: SB x5, 0(x7)
0 0 1 0x800101fd 0xfd 0x80000010 0x0
0x80000014: ADDI x5, x5, 1
1 5 0 0x0 0x0 0x80000014 0xfe
0x80000018: ADDI x7, x7, 1
1 7 0 0x0 0x0 0x80000018 0x800101fe
0x8000001c: BLTU x5, x6, -12
0 0 0 0x0 0x0 0x8000001c 0x0
0x80000010: SB x5, 0(x7)
0 0 1 0x800101fe 0xfe 0x80000010 0x0
0x80000014: ADDI x5, x5, 1
1 5 0 0x0 0x0 0x80000014 0xff
0x80000018: ADDI x7, x7, 1
1 7 0 0x0 0x0 0x80000018 0x800101ff
0x8000001c: BLTU x5, x6, -12
0 0 0 0x0 0x0 0x8000001c 0x0
0x80000010: SB x5, 0(x7)
0 0 1 0x800101ff 0xff 0x80000010 0x0
0x80000014: ADDI x5, x5, 1
1 5 0 0x0 0x0 0x80000014 0x100
0x80000018: ADDI x7, x7, 1
1 7 0 0x0 0x0 0x80000018 0x80010200
0x8000001c: BLTU x5, x6, -12
0 0 0 0x0 0x0 0x8000001c 0x0
0x80000020: ADDI x10, x0, 17
1 10 0 0x0 0x0 0x80000020 0x11
0x80000024: ADDI x11, x0, 34
1 11 0 0x0 0x0 0x80000024 0x22
0x80000028: ADDI x12, x0, 51
1 12 0 0x0 0x0 0x80000028 0x33
0x8000002c: ADDI x13, x0, 68
1 13 0 0x0 0x0 0x8000002c 0x44
0x80000030: ADDI x14, x0, 85
1 14 0 0x0 0x0 0x80000030 0x55
0x80000034: ADDI x15, x0, 102
1 15 0 0x0 0x0 0x80000034 0x66
0x80000038: ADDI x16, x0, 119
1 16 0 0x0 0x0 0x80000038 0x77
0x8000003c: ADDI x17, x0, 136
1 17 0 0x0 0x0 0x8000003c 0x88
0x80000040: ADDI x18, x0, 153
1 18 0 0x0 0x0 0x80000040 0x99
0x80000044: ADDI x19, x0, 170
1 19 0 0x0 0x0 0x80000044 0xaa
0x80000048: ADDI x20, x0, 187
1 20 0 0x0 0x0 0x80000048 0xbb
0x8000004c: ADDI x21, x0, 204
1 21 0 0x0 0x0 0x8000004c 0xcc
0x80000050: JAL x22, 12
1 22 0 0x0 0x0 0x80000050 0x80000054
0x8000005c: LUI x31, -2147409920
1 31 0 0x0 0x0 0x8000005c 0x80012000
0x80000060: ADDI x31, x31, 256
1 31 0 0x0 0x0 0x80000060 0x80012100
0x80000064: ADDI x30, x0, -1
1 30 0 0x0 0x0 0x80000064 0xffffffff
0x80000068: SW x30, 0(x31)
0 0 1 0x80012100 0xffffffff 0x80000068 0x0
0x8000006c: LUI x5, -2147418112
1 5 0 0x0 0x0 0x8000006c 0x80010000
0x80000070: ADDI x6, x0, 1
1 6 0 0x0 0x0 0x80000070 0x1
0x80000074: SW x6, 0(x5)
0 0 1 0x80010000 0x1 0x80000074 0x0
0x80000078: JAL x0, 0
1 0 0 0x0 0x0 0x80000078 0x0
0x80000078: JAL x0, 0
1 0 0 0x0 0x0 0x80000078 0x0
0x80000078: JAL x0, 0
1 0 0 0x0 0x0 0x80000078 0x0
0x80000078: JAL x0, 0
1 0 0 0x0 0x0 0x80000078 0x0
0x80000078: JAL x0, 0
1 0 0 0x0 0x0 0x80000078 0x0
0x80000078: JAL x0, 0
1 0 0 0x0 0x0 0x80000078 0x0
0x80000078: JAL x0, 0
1 0 0 0x0 0x0 0x80000078 0x0
0x80000078: JAL x0, 0
1 0 0 0x0 0x0 0x80000078 0x0
0x80000078: JAL x0, 0
1 0 0 0x0 0x0 0x80000078 0x0
0x80000078: JAL x0, 0
1 0 0 0x0 0x0 0x80000078 0x0
0x80000078: JAL x0, 0
1 0 0 0x0 0x0 0x80000078 0x0
0x80000078: JAL x0, 0
1 0 0 0x0 0x0 0x80000078 0x0
0x80000078: JAL x0, 0
1 0 0 0x0 0x0 0x80000078 0x0
0x80000078: JAL x0, 0
1 0 0 0x0 0x0 0x80000078 0x0
0x80000078: JAL x0, 0
1 0 0 0x0 0x0 0x80000078 0x0
0x80000078: JAL x0, 0
1 0 0 0x0 0x0 0x80000078 0x0
0x80000078: JAL x0, 0
1 0 0 0x0 0x0 0x80000078 0x0
0x80000078: JAL x0, 0
1 0 0 0x0 0x0 0x80000078 0x0
0x80000078: JAL x0, 0
1 0 0 0x0 0x0 0x80000078 0x0
0x80000078: JAL x0, 0
1 0 0 0x0 0x0 0x80000078 0x0
0x80000078: JAL x0, 0
1 0 0 0x0 0x0 0x80000078 0x0
0x80000078: JAL x0, 0
1 0 0 0x0 0x0 0x80000078 0x0
0x80000078: JAL x0, 0
1 0 0 0x0 0x0 0x80000078 0x0
0x80000078: JAL x0, 0
1 0 0 0x0 0x0 0x80000078 0x0
0x80000078: JAL x0, 0
1 0 0 0x0 0x0 0x80000078 0x0
0x80000078: JAL x0, 0
1 0 0 0x0 0x0 0x80000078 0x0
0x80000078: JAL x0, 0
1 0 0 0x0 0x0 0x80000078 0x0
0x80000078: JAL x0, 0
1 0 0 0x0 0x0 0x80000078 0x0
0x80000078: JAL x0, 0
1 0 0 0x0 0x0 0x80000078 0x0
0x80000078: JAL x0, 0
1 0 0 0x0 0x0 0x80000078 0x0
0x80000078: JAL x0, 0
1 0 0 0x0 0x0 0x80000078 0x0
0x80000078: JAL x0, 0
1 0 0 0x0 0x0 0x80000078 0x0
0x80000078: JAL x0, 0
1 0 0 0x0 0x0 0x80000078 0x0
0x80000078: JAL x0, 0
1 0 0 0x0 0x0 0x80000078 0x0
0x80000078: JAL x0, 0
1 0 0 0x0 0x0 0x80000078 0x0
0x80000078: JAL x0, 0
1 0 0 0x0 0x0 0x80000078 0x0
0x80000078: JAL x0, 0
1 0 0 0x0 0x0 0x80000078 0x0
0x80000078: JAL x0, 0
1 0 0 0x0 0x0 0x80000078 0x0
0x80000078: JAL x0, 0
1 0 0 0x0 0x0 0x80000078 0x0
0x80000078: JAL x0, 0
1 0 0 0x0 0x0 0x80000078 0x0
0x80000078: JAL x0, 0
1 0 0 0x0 0x0 0x80000078 0x0
0x80000078: JAL x0, 0
1 0 0 0x0 0x0 0x80000078 0x0
0x80000078: JAL x0, 0
1 0 0 0x0 0x0 0x80000078 0x0
0x80000078: JAL x0, 0
1 0 0 0x0 0x0 0x80000078 0x0
0x80000078: JAL x0, 0
1 0 0 0x0 0x0 0x80000078 0x0
0x80000078: JAL x0, 0
1 0 0 0x0 0x0 0x80000078 0x0
0x80000078: JAL x0, 0
1 0 0 0x0 0x0 0x80000078 0x0
0x80000078: JAL x0, 0
1 0 0 0x0 0x0 0x80000078 0x0
0x80000078: JAL x0, 0
1 0 0 0x0 0x0 0x80000078 0x0
0x80000078: JAL x0, 0
1 0 0 0x0 0x0 0x80000078 0x0
0x80000078: JAL x0, 0
1 0 0 0x0 0x0 0x80000078 0x0
0x80000078: JAL x0, 0
1 0 0 0x0 0x0 0x80000078 0x0
0x80000078: JAL x0, 0
1 0 0 0x0 0x0 0x80000078 0x0
0x80000078: JAL x0, 0
1 0 0 0x0 0x0 0x80000078 0x0
0x80000078: JAL x0, 0
1 0 0 0x0 0x0 0x80000078 0x0
0x80000078: JAL x0, 0
1 0 0 0x0 0x0 0x80000078 0x0
0x80000078: JAL x0, 0
1 0 0 0x0 0x0 0x80000078 0x0
0x80000078: JAL x0, 0
1 0 0 0x0 0x0 0x80000078 0x0
0x80000078: JAL x0, 0
1 0 0 0x0 0x0 0x80000078 0x0
0x80000078: JAL x0, 0
1 0 0 0x0 0x0 0x80000078 0x0
0x80000078: JAL x0, 0
1 0 0 0x0 0x0 0x80000078 0x0
0x80000078: JAL x0, 0
1 0 0 0x0 0x0 0x80000078 0x0
0x80000078: JAL x0, 0
1 0 0 0x0 0x0 0x80000078 0x0
0x80000078: JAL x0, 0
1 0 0 0x0 0x0 0x80000078 0x0
0x80000078: JAL x0, 0
1 0 0 0x0 0x0 0x80000078 0x0
0x80000078: JAL x0, 0
1 0 0 0x0 0x0 0x80000078 0x0
0x80000078: JAL x0, 0
1 0 0 0x0 0x0 0x80000078 0x0
0x80000078: JAL x0, 0
1 0 0 0x0 0x0 0x80000078 0x0
0x80000078: JAL x0, 0
1 0 0 0x0 0x0 0x80000078 0x0
0x80000078: JAL x0, 0
1 0 0 0x0 0x0 0x80000078 0x0
0x80000078: JAL x0, 0
1 0 0 0x0 0x0 0x80000078 0x0
0x80000078: JAL x0, 0
1 0 0 0x0 0x0 0x80000078 0x0
0x80000078: JAL x0, 0
1 0 0 0x0 0x0 0x80000078 0x0
0x80000078: JAL x0, 0
1 0 0 0x0 0x0 0x80000078 0x0
0x80000078: JAL x0, 0
1 0 0 0x0 0x0 0x80000078 0x0
0x80000078: JAL x0, 0
1 0 0 0x0 0x0 0x80000078 0x0
0x80000078: JAL x0, 0
1 0 0 0x0 0x0 0x80000078 0x0
0x80000078: JAL x0, 0
1 0 0 0x0 0x0 0x80000078 0x0
0x80000078: JAL x0, 0
1 0 0 0x0 0x0 0x80000078 0x0
0x80000078: JAL x0, 0
1 0 0 0x0 0x0 0x80000078 0x0
0x80000078: JAL x0, 0
1 0 0 0x0 0x0 0x80000078 0x0
0x80000078: JAL x0, 0
1 0 0 0x0 0x0 0x80000078 0x0
0x80000078: JAL x0, 0
1 0 0 0x0 0x0 0x80000078 0x0
0x80000078: JAL x0, 0
1 0 0 0x0 0x0 0x80000078 0x0
0x80000078: JAL x0, 0
1 0 0 0x0 0x0 0x80000078 0x0
0x80000078: JAL x0, 0
1 0 0 0x0 0x0 0x80000078 0x0
0x80000078: JAL x0, 0
1 0 0 0x0 0x0 0x80000078 0x0
0x80000078: JAL x0, 0
1 0 0 0x0 0x0 0x80000078 0x0
0x80000078: JAL x0, 0
1 0 0 0x0 0x0 0x80000078 0x0
0x80000078: JAL x0, 0
1 0 0 0x0 0x0 0x80000078 0x0
0x80000078: JAL x0, 0
1 0 0 0x0 0x0 0x80000078 0x0
0x80000078: JAL x0, 0
1 0 0 0x0 0x0 0x80000078 0x0
0x80000078: JAL x0, 0
1 0 0 0x0 0x0 0x80000078 0x0
0x80000078: JAL x0, 0
1 0 0 0x0 0x0 0x80000078 0x0
0x80000078: JAL x0, 0
1 0 0 0x0 0x0 0x80000078 0x0
0x80000078: JAL x0, 0
1 0 0 0x0 0x0 0x80000078 0x0
0x80000078: JAL x0, 0
1 0 0 0x0 0x0 0x80000078 0x0
0x80000078: JAL x0, 0
1 0 0 0x0 0x0 0x80000078 0x0
0x80000078: JAL x0, 0
1 0 0 0x0 0x0 0x80000078 0x0
0x80000078: JAL x0, 0
1 0 0 0x0 0x0 0x80000078 0x0
0x80000078: JAL x0, 0
1 0 0 0x0 0x0 0x80000078 0x0
0x80000078: JAL x0, 0
1 0 0 0x0 0x0 0x80000078 0x0
0x80000078: JAL x0, 0
1 0 0 0x0 0x0 0x80000078 0x0
0x80000078: JAL x0, 0
1 0 0 0x0 0x0 0x80000078 0x0
0x80000078: JAL x0, 0
1 0 0 0x0 0x0 0x80000078 0x0
0x80000078: JAL x0, 0
1 0 0 0x0 0x0 0x80000078 0x0
0x80000078: JAL x0, 0
1 0 0 0x0 0x0 0x80000078 0x0
0x80000078: JAL x0, 0
1 0 0 0x0 0x0 0x80000078 0x0
0x80000078: JAL x0, 0
1 0 0 0x0 0x0 0x80000078 0x0
0x80000078: JAL x0, 0
1 0 0 0x0 0x0 0x80000078 0x0
0x80000078: JAL x0, 0
1 0 0 0x0 0x0 0x80000078 0x0
0x80000078: JAL x0, 0
1 0 0 0x0 0x0 0x80000078 0x0
0x80000078: JAL x0, 0
1 0 0 0x0 0x0 0x80000078 0x0
0x80000078: JAL x0, 0
1 0 0 0x0 0x0 0x80000078 0x0
0x80000078: JAL x0, 0
1 0 0 0x0 0x0 0x80000078 0x0
0x80000078: JAL x0, 0
1 0 0 0x0 0x0 0x80000078 0x0
0x80000078: JAL x0, 0
1 0 0 0x0 0x0 0x80000078 0x0
0x80000078: JAL x0, 0
1 0 0 0x0 0x0 0x80000078 0x0
0x80000078: JAL x0, 0
1 0 0 0x0 0x0 0x80000078 0x0
0x80000078: JAL x0, 0
1 0 0 0x0 0x0 0x80000078 0x0
0x80000078: JAL x0, 0
1 0 0 0x0 0x0 0x80000078 0x0
0x80000078: JAL x0, 0
1 0 0 0x0 0x0 0x80000078 0x0
0x80000078: JAL x0, 0
1 0 0 0x0 0x0 0x80000078 0x0
0x80000078: JAL x0, 0
1 0 0 0x0 0x0 0x80000078 0x0
0x80000078: JAL x0, 0
1 0 0 0x0 0x0 0x80000078 0x0
0x80000078: JAL x0, 0
1 0 0 0x0 0x0 0x80000078 0x0
0x80000078: JAL x0, 0
1 0 0 0x0 0x0 0x80000078 0x0
0x80000078: JAL x0, 0
1 0 0 0x0 0x0 0x80000078 0x0
0x80000078: JAL x0, 0
1 0 0 0x0 0x0 0x80000078 0x0
0x80000078: JAL x0, 0
1 0 0 0x0 0x0 0x80000078 0x0
0x80000078: JAL x0, 0
1 0 0 0x0 0x0 0x80000078 0x0
0x80000078: JAL x0, 0
1 0 0 0x0 0x0 0x80000078 0x0
0x80000078: JAL x0, 0
1 0 0 0x0 0x0 0x80000078 0x0
0x80000078: JAL x0, 0
1 0 0 0x0 0x0 0x80000078 0x0
0x80000078: JAL x0, 0
1 0 0 0x0 0x0 0x80000078 0x0
0x80000078: JAL x0, 0
1 0 0 0x0 0x0 0x80000078 0x0
0x80000078: JAL x0, 0
1 0 0 0x0 0x0 0x80000078 0x0
0x80000078: JAL x0, 0
1 0 0 0x0 0x0 0x80000078 0x0
0x80000078: JAL x0, 0
1 0 0 0x0 0x0 0x80000078 0x0
0x80000078: JAL x0, 0
1 0 0 0x0 0x0 0x80000078 0x0
0x80000078: JAL x0, 0
1 0 0 0x0 0x0 0x80000078 0x0
0x80000078: JAL x0, 0
1 0 0 0x0 0x0 0x80000078 0x0
0x80000078: JAL x0, 0
1 0 0 0x0 0x0 0x80000078 0x0
0x80000078: JAL x0, 0
1 0 0 0x0 0x0 0x80000078 0x0
0x80000078: JAL x0, 0
1 0 0 0x0 0x0 0x80000078 0x0
0x80000078: JAL x0, 0
1 0 0 0x0 0x0 0x80000078 0x0
0x80000078: JAL x0, 0
1 0 0 0x0 0x0 0x80000078 0x0
0x80000078: JAL x0, 0
1 0 0 0x0 0x0 0x80000078 0x0
0x80000078: JAL x0, 0
1 0 0 0x0 0x0 0x80000078 0x0
0x80000078: JAL x0, 0
1 0 0 0x0 0x0 0x80000078 0x0
0x80000078: JAL x0, 0
1 0 0 0x0 0x0 0x80000078 0x0
0x80000078: JAL x0, 0
1 0 0 0x0 0x0 0x80000078 0x0
