core   0: 3 0x00001000 (0x00000297) x5  0x00001000
core   0: 3 0x00001004 (0x02028593) x11 0x00001020
core   0: 3 0x00001008 (0xf1402573) x10 0x00000000
core   0: 3 0x0000100c (0x0182a283) x5  0x80000000 mem 0x00001018
core   0: 3 0x00001010 (0x00028067)
core   0: 3 0x80000000 (0x00000293) x5  0x00000000
core   0: 3 0x80000004 (0x10000313) x6  0x00000100
core   0: 3 0x80000008 (0x800103b7) x7  0x80010000
core   0: 3 0x8000000c (0x10038393) x7  0x80010100
core   0: 3 0x80000010 (0x00538023) mem 0x80010100 0x00
core   0: 3 0x80000014 (0x00128293) x5  0x00000001
core   0: 3 0x80000018 (0x00138393) x7  0x80010101
core   0: 3 0x8000001c (0xfe62eae3)
core   0: 3 0x80000010 (0x00538023) mem 0x80010101 0x01
core   0: 3 0x80000014 (0x00128293) x5  0x00000002
core   0: 3 0x80000018 (0x00138393) x7  0x80010102
core   0: 3 0x8000001c (0xfe62eae3)
core   0: 3 0x80000010 (0x00538023) mem 0x80010102 0x02
core   0: 3 0x80000014 (0x00128293) x5  0x00000003
core   0: 3 0x80000018 (0x00138393) x7  0x80010103
core   0: 3 0x8000001c (0xfe62eae3)
core   0: 3 0x80000010 (0x00538023) mem 0x80010103 0x03
core   0: 3 0x80000014 (0x00128293) x5  0x00000004
core   0: 3 0x80000018 (0x00138393) x7  0x80010104
core   0: 3 0x8000001c (0xfe62eae3)
core   0: 3 0x80000010 (0x00538023) mem 0x80010104 0x04
core   0: 3 0x80000014 (0x00128293) x5  0x00000005
core   0: 3 0x80000018 (0x00138393) x7  0x80010105
core   0: 3 0x8000001c (0xfe62eae3)
core   0: 3 0x80000010 (0x00538023) mem 0x80010105 0x05
core   0: 3 0x80000014 (0x00128293) x5  0x00000006
core   0: 3 0x80000018 (0x00138393) x7  0x80010106
core   0: 3 0x8000001c (0xfe62eae3)
core   0: 3 0x80000010 (0x00538023) mem 0x80010106 0x06
core   0: 3 0x80000014 (0x00128293) x5  0x00000007
core   0: 3 0x80000018 (0x00138393) x7  0x80010107
core   0: 3 0x8000001c (0xfe62eae3)
core   0: 3 0x80000010 (0x00538023) mem 0x80010107 0x07
core   0: 3 0x80000014 (0x00128293) x5  0x00000008
core   0: 3 0x80000018 (0x00138393) x7  0x80010108
core   0: 3 0x8000001c (0xfe62eae3)
core   0: 3 0x80000010 (0x00538023) mem 0x80010108 0x08
core   0: 3 0x80000014 (0x00128293) x5  0x00000009
core   0: 3 0x80000018 (0x00138393) x7  0x80010109
core   0: 3 0x8000001c (0xfe62eae3)
core   0: 3 0x80000010 (0x00538023) mem 0x80010109 0x09
core   0: 3 0x80000014 (0x00128293) x5  0x0000000a
core   0: 3 0x80000018 (0x00138393) x7  0x8001010a
core   0: 3 0x8000001c (0xfe62eae3)
core   0: 3 0x80000010 (0x00538023) mem 0x8001010a 0x0a
core   0: 3 0x80000014 (0x00128293) x5  0x0000000b
core   0: 3 0x80000018 (0x00138393) x7  0x8001010b
core   0: 3 0x8000001c (0xfe62eae3)
core   0: 3 0x80000010 (0x00538023) mem 0x8001010b 0x0b
core   0: 3 0x80000014 (0x00128293) x5  0x0000000c
core   0: 3 0x80000018 (0x00138393) x7  0x8001010c
core   0: 3 0x8000001c (0xfe62eae3)
core   0: 3 0x80000010 (0x00538023) mem 0x8001010c 0x0c
core   0: 3 0x80000014 (0x00128293) x5  0x0000000d
core   0: 3 0x80000018 (0x00138393) x7  0x8001010d
core   0: 3 0x8000001c (0xfe62eae3)
core   0: 3 0x80000010 (0x00538023) mem 0x8001010d 0x0d
core   0: 3 0x80000014 (0x00128293) x5  0x0000000e
core   0: 3 0x80000018 (0x00138393) x7  0x8001010e
core   0: 3 0x8000001c (0xfe62eae3)
core   0: 3 0x80000010 (0x00538023) mem 0x8001010e 0x0e
core   0: 3 0x80000014 (0x00128293) x5  0x0000000f
core   0: 3 0x80000018 (0x00138393) x7  0x8001010f
core   0: 3 0x8000001c (0xfe62eae3)
core   0: 3 0x80000010 (0x00538023) mem 0x8001010f 0x0f
core   0: 3 0x80000014 (0x00128293) x5  0x00000010
core   0: 3 0x80000018 (0x00138393) x7  0x80010110
core   0: 3 0x8000001c (0xfe62eae3)
core   0: 3 0x80000010 (0x00538023) mem 0x80010110 0x10
core   0: 3 0x80000014 (0x00128293) x5  0x00000011
core   0: 3 0x80000018 (0x00138393) x7  0x80010111
core   0: 3 0x8000001c (0xfe62eae3)
core   0: 3 0x80000010 (0x00538023) mem 0x80010111 0x11
core   0: 3 0x80000014 (0x00128293) x5  0x00000012
core   0: 3 0x80000018 (0x00138393) x7  0x80010112
core   0: 3 0x8000001c (0xfe62eae3)
core   0: 3 0x80000010 (0x00538023) mem 0x80010112 0x12
core   0: 3 0x80000014 (0x00128293) x5  0x00000013
core   0: 3 0x80000018 (0x00138393) x7  0x80010113
core   0: 3 0x8000001c (0xfe62eae3)
core   0: 3 0x80000010 (0x00538023) mem 0x80010113 0x13
core   0: 3 0x80000014 (0x00128293) x5  0x00000014
core   0: 3 0x80000018 (0x00138393) x7  0x80010114
core   0: 3 0x8000001c (0xfe62eae3)
core   0: 3 0x80000010 (0x00538023) mem 0x80010114 0x14
core   0: 3 0x80000014 (0x00128293) x5  0x00000015
core   0: 3 0x80000018 (0x00138393) x7  0x80010115
core   0: 3 0x8000001c (0xfe62eae3)
core   0: 3 0x80000010 (0x00538023) mem 0x80010115 0x15
core   0: 3 0x80000014 (0x00128293) x5  0x00000016
core   0: 3 0x80000018 (0x00138393) x7  0x80010116
core   0: 3 0x8000001c (0xfe62eae3)
core   0: 3 0x80000010 (0x00538023) mem 0x80010116 0x16
core   0: 3 0x80000014 (0x00128293) x5  0x00000017
core   0: 3 0x80000018 (0x00138393) x7  0x80010117
core   0: 3 0x8000001c (0xfe62eae3)
core   0: 3 0x80000010 (0x00538023) mem 0x80010117 0x17
core   0: 3 0x80000014 (0x00128293) x5  0x00000018
core   0: 3 0x80000018 (0x00138393) x7  0x80010118
core   0: 3 0x8000001c (0xfe62eae3)
core   0: 3 0x80000010 (0x00538023) mem 0x80010118 0x18
core   0: 3 0x80000014 (0x00128293) x5  0x00000019
core   0: 3 0x80000018 (0x00138393) x7  0x80010119
core   0: 3 0x8000001c (0xfe62eae3)
core   0: 3 0x80000010 (0x00538023) mem 0x80010119 0x19
core   0: 3 0x80000014 (0x00128293) x5  0x0000001a
core   0: 3 0x80000018 (0x00138393) x7  0x8001011a
core   0: 3 0x8000001c (0xfe62eae3)
core   0: 3 0x80000010 (0x00538023) mem 0x8001011a 0x1a
core   0: 3 0x80000014 (0x00128293) x5  0x0000001b
core   0: 3 0x80000018 (0x00138393) x7  0x8001011b
core   0: 3 0x8000001c (0xfe62eae3)
core   0: 3 0x80000010 (0x00538023) mem 0x8001011b 0x1b
core   0: 3 0x80000014 (0x00128293) x5  0x0000001c
core   0: 3 0x80000018 (0x00138393) x7  0x8001011c
core   0: 3 0x8000001c (0xfe62eae3)
core   0: 3 0x80000010 (0x00538023) mem 0x8001011c 0x1c
core   0: 3 0x80000014 (0x00128293) x5  0x0000001d
core   0: 3 0x80000018 (0x00138393) x7  0x8001011d
core   0: 3 0x8000001c (0xfe62eae3)
core   0: 3 0x80000010 (0x00538023) mem 0x8001011d 0x1d
core   0: 3 0x80000014 (0x00128293) x5  0x0000001e
core   0: 3 0x80000018 (0x00138393) x7  0x8001011e
core   0: 3 0x8000001c (0xfe62eae3)
core   0: 3 0x80000010 (0x00538023) mem 0x8001011e 0x1e
core   0: 3 0x80000014 (0x00128293) x5  0x0000001f
core   0: 3 0x80000018 (0x00138393) x7  0x8001011f
core   0: 3 0x8000001c (0xfe62eae3)
core   0: 3 0x80000010 (0x00538023) mem 0x8001011f 0x1f
core   0: 3 0x80000014 (0x00128293) x5  0x00000020
core   0: 3 0x80000018 (0x00138393) x7  0x80010120
core   0: 3 0x8000001c (0xfe62eae3)
core   0: 3 0x80000010 (0x00538023) mem 0x80010120 0x20
core   0: 3 0x80000014 (0x00128293) x5  0x00000021
core   0: 3 0x80000018 (0x00138393) x7  0x80010121
core   0: 3 0x8000001c (0xfe62eae3)
core   0: 3 0x80000010 (0x00538023) mem 0x80010121 0x21
core   0: 3 0x80000014 (0x00128293) x5  0x00000022
core   0: 3 0x80000018 (0x00138393) x7  0x80010122
core   0: 3 0x8000001c (0xfe62eae3)
core   0: 3 0x80000010 (0x00538023) mem 0x80010122 0x22
core   0: 3 0x80000014 (0x00128293) x5  0x00000023
core   0: 3 0x80000018 (0x00138393) x7  0x80010123
core   0: 3 0x8000001c (0xfe62eae3)
core   0: 3 0x80000010 (0x00538023) mem 0x80010123 0x23
core   0: 3 0x80000014 (0x00128293) x5  0x00000024
core   0: 3 0x80000018 (0x00138393) x7  0x80010124
core   0: 3 0x8000001c (0xfe62eae3)
core   0: 3 0x80000010 (0x00538023) mem 0x80010124 0x24
core   0: 3 0x80000014 (0x00128293) x5  0x00000025
core   0: 3 0x80000018 (0x00138393) x7  0x80010125
core   0: 3 0x8000001c (0xfe62eae3)
core   0: 3 0x80000010 (0x00538023) mem 0x80010125 0x25
core   0: 3 0x80000014 (0x00128293) x5  0x00000026
core   0: 3 0x80000018 (0x00138393) x7  0x80010126
core   0: 3 0x8000001c (0xfe62eae3)
core   0: 3 0x80000010 (0x00538023) mem 0x80010126 0x26
core   0: 3 0x80000014 (0x00128293) x5  0x00000027
core   0: 3 0x80000018 (0x00138393) x7  0x80010127
core   0: 3 0x8000001c (0xfe62eae3)
core   0: 3 0x80000010 (0x00538023) mem 0x80010127 0x27
core   0: 3 0x80000014 (0x00128293) x5  0x00000028
core   0: 3 0x80000018 (0x00138393) x7  0x80010128
core   0: 3 0x8000001c (0xfe62eae3)
core   0: 3 0x80000010 (0x00538023) mem 0x80010128 0x28
core   0: 3 0x80000014 (0x00128293) x5  0x00000029
core   0: 3 0x80000018 (0x00138393) x7  0x80010129
core   0: 3 0x8000001c (0xfe62eae3)
core   0: 3 0x80000010 (0x00538023) mem 0x80010129 0x29
core   0: 3 0x80000014 (0x00128293) x5  0x0000002a
core   0: 3 0x80000018 (0x00138393) x7  0x8001012a
core   0: 3 0x8000001c (0xfe62eae3)
core   0: 3 0x80000010 (0x00538023) mem 0x8001012a 0x2a
core   0: 3 0x80000014 (0x00128293) x5  0x0000002b
core   0: 3 0x80000018 (0x00138393) x7  0x8001012b
core   0: 3 0x8000001c (0xfe62eae3)
core   0: 3 0x80000010 (0x00538023) mem 0x8001012b 0x2b
core   0: 3 0x80000014 (0x00128293) x5  0x0000002c
core   0: 3 0x80000018 (0x00138393) x7  0x8001012c
core   0: 3 0x8000001c (0xfe62eae3)
core   0: 3 0x80000010 (0x00538023) mem 0x8001012c 0x2c
core   0: 3 0x80000014 (0x00128293) x5  0x0000002d
core   0: 3 0x80000018 (0x00138393) x7  0x8001012d
core   0: 3 0x8000001c (0xfe62eae3)
core   0: 3 0x80000010 (0x00538023) mem 0x8001012d 0x2d
core   0: 3 0x80000014 (0x00128293) x5  0x0000002e
core   0: 3 0x80000018 (0x00138393) x7  0x8001012e
core   0: 3 0x8000001c (0xfe62eae3)
core   0: 3 0x80000010 (0x00538023) mem 0x8001012e 0x2e
core   0: 3 0x80000014 (0x00128293) x5  0x0000002f
core   0: 3 0x80000018 (0x00138393) x7  0x8001012f
core   0: 3 0x8000001c (0xfe62eae3)
core   0: 3 0x80000010 (0x00538023) mem 0x8001012f 0x2f
core   0: 3 0x80000014 (0x00128293) x5  0x00000030
core   0: 3 0x80000018 (0x00138393) x7  0x80010130
core   0: 3 0x8000001c (0xfe62eae3)
core   0: 3 0x80000010 (0x00538023) mem 0x80010130 0x30
core   0: 3 0x80000014 (0x00128293) x5  0x00000031
core   0: 3 0x80000018 (0x00138393) x7  0x80010131
core   0: 3 0x8000001c (0xfe62eae3)
core   0: 3 0x80000010 (0x00538023) mem 0x80010131 0x31
core   0: 3 0x80000014 (0x00128293) x5  0x00000032
core   0: 3 0x80000018 (0x00138393) x7  0x80010132
core   0: 3 0x8000001c (0xfe62eae3)
core   0: 3 0x80000010 (0x00538023) mem 0x80010132 0x32
core   0: 3 0x80000014 (0x00128293) x5  0x00000033
core   0: 3 0x80000018 (0x00138393) x7  0x80010133
core   0: 3 0x8000001c (0xfe62eae3)
core   0: 3 0x80000010 (0x00538023) mem 0x80010133 0x33
core   0: 3 0x80000014 (0x00128293) x5  0x00000034
core   0: 3 0x80000018 (0x00138393) x7  0x80010134
core   0: 3 0x8000001c (0xfe62eae3)
core   0: 3 0x80000010 (0x00538023) mem 0x80010134 0x34
core   0: 3 0x80000014 (0x00128293) x5  0x00000035
core   0: 3 0x80000018 (0x00138393) x7  0x80010135
core   0: 3 0x8000001c (0xfe62eae3)
core   0: 3 0x80000010 (0x00538023) mem 0x80010135 0x35
core   0: 3 0x80000014 (0x00128293) x5  0x00000036
core   0: 3 0x80000018 (0x00138393) x7  0x80010136
core   0: 3 0x8000001c (0xfe62eae3)
core   0: 3 0x80000010 (0x00538023) mem 0x80010136 0x36
core   0: 3 0x80000014 (0x00128293) x5  0x00000037
core   0: 3 0x80000018 (0x00138393) x7  0x80010137
core   0: 3 0x8000001c (0xfe62eae3)
core   0: 3 0x80000010 (0x00538023) mem 0x80010137 0x37
core   0: 3 0x80000014 (0x00128293) x5  0x00000038
core   0: 3 0x80000018 (0x00138393) x7  0x80010138
core   0: 3 0x8000001c (0xfe62eae3)
core   0: 3 0x80000010 (0x00538023) mem 0x80010138 0x38
core   0: 3 0x80000014 (0x00128293) x5  0x00000039
core   0: 3 0x80000018 (0x00138393) x7  0x80010139
core   0: 3 0x8000001c (0xfe62eae3)
core   0: 3 0x80000010 (0x00538023) mem 0x80010139 0x39
core   0: 3 0x80000014 (0x00128293) x5  0x0000003a
core   0: 3 0x80000018 (0x00138393) x7  0x8001013a
core   0: 3 0x8000001c (0xfe62eae3)
core   0: 3 0x80000010 (0x00538023) mem 0x8001013a 0x3a
core   0: 3 0x80000014 (0x00128293) x5  0x0000003b
core   0: 3 0x80000018 (0x00138393) x7  0x8001013b
core   0: 3 0x8000001c (0xfe62eae3)
core   0: 3 0x80000010 (0x00538023) mem 0x8001013b 0x3b
core   0: 3 0x80000014 (0x00128293) x5  0x0000003c
core   0: 3 0x80000018 (0x00138393) x7  0x8001013c
core   0: 3 0x8000001c (0xfe62eae3)
core   0: 3 0x80000010 (0x00538023) mem 0x8001013c 0x3c
core   0: 3 0x80000014 (0x00128293) x5  0x0000003d
core   0: 3 0x80000018 (0x00138393) x7  0x8001013d
core   0: 3 0x8000001c (0xfe62eae3)
core   0: 3 0x80000010 (0x00538023) mem 0x8001013d 0x3d
core   0: 3 0x80000014 (0x00128293) x5  0x0000003e
core   0: 3 0x80000018 (0x00138393) x7  0x8001013e
core   0: 3 0x8000001c (0xfe62eae3)
core   0: 3 0x80000010 (0x00538023) mem 0x8001013e 0x3e
core   0: 3 0x80000014 (0x00128293) x5  0x0000003f
core   0: 3 0x80000018 (0x00138393) x7  0x8001013f
core   0: 3 0x8000001c (0xfe62eae3)
core   0: 3 0x80000010 (0x00538023) mem 0x8001013f 0x3f
core   0: 3 0x80000014 (0x00128293) x5  0x00000040
core   0: 3 0x80000018 (0x00138393) x7  0x80010140
core   0: 3 0x8000001c (0xfe62eae3)
core   0: 3 0x80000010 (0x00538023) mem 0x80010140 0x40
core   0: 3 0x80000014 (0x00128293) x5  0x00000041
core   0: 3 0x80000018 (0x00138393) x7  0x80010141
core   0: 3 0x8000001c (0xfe62eae3)
core   0: 3 0x80000010 (0x00538023) mem 0x80010141 0x41
core   0: 3 0x80000014 (0x00128293) x5  0x00000042
core   0: 3 0x80000018 (0x00138393) x7  0x80010142
core   0: 3 0x8000001c (0xfe62eae3)
core   0: 3 0x80000010 (0x00538023) mem 0x80010142 0x42
core   0: 3 0x80000014 (0x00128293) x5  0x00000043
core   0: 3 0x80000018 (0x00138393) x7  0x80010143
core   0: 3 0x8000001c (0xfe62eae3)
core   0: 3 0x80000010 (0x00538023) mem 0x80010143 0x43
core   0: 3 0x80000014 (0x00128293) x5  0x00000044
core   0: 3 0x80000018 (0x00138393) x7  0x80010144
core   0: 3 0x8000001c (0xfe62eae3)
core   0: 3 0x80000010 (0x00538023) mem 0x80010144 0x44
core   0: 3 0x80000014 (0x00128293) x5  0x00000045
core   0: 3 0x80000018 (0x00138393) x7  0x80010145
core   0: 3 0x8000001c (0xfe62eae3)
core   0: 3 0x80000010 (0x00538023) mem 0x80010145 0x45
core   0: 3 0x80000014 (0x00128293) x5  0x00000046
core   0: 3 0x80000018 (0x00138393) x7  0x80010146
core   0: 3 0x8000001c (0xfe62eae3)
core   0: 3 0x80000010 (0x00538023) mem 0x80010146 0x46
core   0: 3 0x80000014 (0x00128293) x5  0x00000047
core   0: 3 0x80000018 (0x00138393) x7  0x80010147
core   0: 3 0x8000001c (0xfe62eae3)
core   0: 3 0x80000010 (0x00538023) mem 0x80010147 0x47
core   0: 3 0x80000014 (0x00128293) x5  0x00000048
core   0: 3 0x80000018 (0x00138393) x7  0x80010148
core   0: 3 0x8000001c (0xfe62eae3)
core   0: 3 0x80000010 (0x00538023) mem 0x80010148 0x48
core   0: 3 0x80000014 (0x00128293) x5  0x00000049
core   0: 3 0x80000018 (0x00138393) x7  0x80010149
core   0: 3 0x8000001c (0xfe62eae3)
core   0: 3 0x80000010 (0x00538023) mem 0x80010149 0x49
core   0: 3 0x80000014 (0x00128293) x5  0x0000004a
core   0: 3 0x80000018 (0x00138393) x7  0x8001014a
core   0: 3 0x8000001c (0xfe62eae3)
core   0: 3 0x80000010 (0x00538023) mem 0x8001014a 0x4a
core   0: 3 0x80000014 (0x00128293) x5  0x0000004b
core   0: 3 0x80000018 (0x00138393) x7  0x8001014b
core   0: 3 0x8000001c (0xfe62eae3)
core   0: 3 0x80000010 (0x00538023) mem 0x8001014b 0x4b
core   0: 3 0x80000014 (0x00128293) x5  0x0000004c
core   0: 3 0x80000018 (0x00138393) x7  0x8001014c
core   0: 3 0x8000001c (0xfe62eae3)
core   0: 3 0x80000010 (0x00538023) mem 0x8001014c 0x4c
core   0: 3 0x80000014 (0x00128293) x5  0x0000004d
core   0: 3 0x80000018 (0x00138393) x7  0x8001014d
core   0: 3 0x8000001c (0xfe62eae3)
core   0: 3 0x80000010 (0x00538023) mem 0x8001014d 0x4d
core   0: 3 0x80000014 (0x00128293) x5  0x0000004e
core   0: 3 0x80000018 (0x00138393) x7  0x8001014e
core   0: 3 0x8000001c (0xfe62eae3)
core   0: 3 0x80000010 (0x00538023) mem 0x8001014e 0x4e
core   0: 3 0x80000014 (0x00128293) x5  0x0000004f
core   0: 3 0x80000018 (0x00138393) x7  0x8001014f
core   0: 3 0x8000001c (0xfe62eae3)
core   0: 3 0x80000010 (0x00538023) mem 0x8001014f 0x4f
core   0: 3 0x80000014 (0x00128293) x5  0x00000050
core   0: 3 0x80000018 (0x00138393) x7  0x80010150
core   0: 3 0x8000001c (0xfe62eae3)
core   0: 3 0x80000010 (0x00538023) mem 0x80010150 0x50
core   0: 3 0x80000014 (0x00128293) x5  0x00000051
core   0: 3 0x80000018 (0x00138393) x7  0x80010151
core   0: 3 0x8000001c (0xfe62eae3)
core   0: 3 0x80000010 (0x00538023) mem 0x80010151 0x51
core   0: 3 0x80000014 (0x00128293) x5  0x00000052
core   0: 3 0x80000018 (0x00138393) x7  0x80010152
core   0: 3 0x8000001c (0xfe62eae3)
core   0: 3 0x80000010 (0x00538023) mem 0x80010152 0x52
core   0: 3 0x80000014 (0x00128293) x5  0x00000053
core   0: 3 0x80000018 (0x00138393) x7  0x80010153
core   0: 3 0x8000001c (0xfe62eae3)
core   0: 3 0x80000010 (0x00538023) mem 0x80010153 0x53
core   0: 3 0x80000014 (0x00128293) x5  0x00000054
core   0: 3 0x80000018 (0x00138393) x7  0x80010154
core   0: 3 0x8000001c (0xfe62eae3)
core   0: 3 0x80000010 (0x00538023) mem 0x80010154 0x54
core   0: 3 0x80000014 (0x00128293) x5  0x00000055
core   0: 3 0x80000018 (0x00138393) x7  0x80010155
core   0: 3 0x8000001c (0xfe62eae3)
core   0: 3 0x80000010 (0x00538023) mem 0x80010155 0x55
core   0: 3 0x80000014 (0x00128293) x5  0x00000056
core   0: 3 0x80000018 (0x00138393) x7  0x80010156
core   0: 3 0x8000001c (0xfe62eae3)
core   0: 3 0x80000010 (0x00538023) mem 0x80010156 0x56
core   0: 3 0x80000014 (0x00128293) x5  0x00000057
core   0: 3 0x80000018 (0x00138393) x7  0x80010157
core   0: 3 0x8000001c (0xfe62eae3)
core   0: 3 0x80000010 (0x00538023) mem 0x80010157 0x57
core   0: 3 0x80000014 (0x00128293) x5  0x00000058
core   0: 3 0x80000018 (0x00138393) x7  0x80010158
core   0: 3 0x8000001c (0xfe62eae3)
core   0: 3 0x80000010 (0x00538023) mem 0x80010158 0x58
core   0: 3 0x80000014 (0x00128293) x5  0x00000059
core   0: 3 0x80000018 (0x00138393) x7  0x80010159
core   0: 3 0x8000001c (0xfe62eae3)
core   0: 3 0x80000010 (0x00538023) mem 0x80010159 0x59
core   0: 3 0x80000014 (0x00128293) x5  0x0000005a
core   0: 3 0x80000018 (0x00138393) x7  0x8001015a
core   0: 3 0x8000001c (0xfe62eae3)
core   0: 3 0x80000010 (0x00538023) mem 0x8001015a 0x5a
core   0: 3 0x80000014 (0x00128293) x5  0x0000005b
core   0: 3 0x80000018 (0x00138393) x7  0x8001015b
core   0: 3 0x8000001c (0xfe62eae3)
core   0: 3 0x80000010 (0x00538023) mem 0x8001015b 0x5b
core   0: 3 0x80000014 (0x00128293) x5  0x0000005c
core   0: 3 0x80000018 (0x00138393) x7  0x8001015c
core   0: 3 0x8000001c (0xfe62eae3)
core   0: 3 0x80000010 (0x00538023) mem 0x8001015c 0x5c
core   0: 3 0x80000014 (0x00128293) x5  0x0000005d
core   0: 3 0x80000018 (0x00138393) x7  0x8001015d
core   0: 3 0x8000001c (0xfe62eae3)
core   0: 3 0x80000010 (0x00538023) mem 0x8001015d 0x5d
core   0: 3 0x80000014 (0x00128293) x5  0x0000005e
core   0: 3 0x80000018 (0x00138393) x7  0x8001015e
core   0: 3 0x8000001c (0xfe62eae3)
core   0: 3 0x80000010 (0x00538023) mem 0x8001015e 0x5e
core   0: 3 0x80000014 (0x00128293) x5  0x0000005f
core   0: 3 0x80000018 (0x00138393) x7  0x8001015f
core   0: 3 0x8000001c (0xfe62eae3)
core   0: 3 0x80000010 (0x00538023) mem 0x8001015f 0x5f
core   0: 3 0x80000014 (0x00128293) x5  0x00000060
core   0: 3 0x80000018 (0x00138393) x7  0x80010160
core   0: 3 0x8000001c (0xfe62eae3)
core   0: 3 0x80000010 (0x00538023) mem 0x80010160 0x60
core   0: 3 0x80000014 (0x00128293) x5  0x00000061
core   0: 3 0x80000018 (0x00138393) x7  0x80010161
core   0: 3 0x8000001c (0xfe62eae3)
core   0: 3 0x80000010 (0x00538023) mem 0x80010161 0x61
core   0: 3 0x80000014 (0x00128293) x5  0x00000062
core   0: 3 0x80000018 (0x00138393) x7  0x80010162
core   0: 3 0x8000001c (0xfe62eae3)
core   0: 3 0x80000010 (0x00538023) mem 0x80010162 0x62
core   0: 3 0x80000014 (0x00128293) x5  0x00000063
core   0: 3 0x80000018 (0x00138393) x7  0x80010163
core   0: 3 0x8000001c (0xfe62eae3)
core   0: 3 0x80000010 (0x00538023) mem 0x80010163 0x63
core   0: 3 0x80000014 (0x00128293) x5  0x00000064
core   0: 3 0x80000018 (0x00138393) x7  0x80010164
core   0: 3 0x8000001c (0xfe62eae3)
core   0: 3 0x80000010 (0x00538023) mem 0x80010164 0x64
core   0: 3 0x80000014 (0x00128293) x5  0x00000065
core   0: 3 0x80000018 (0x00138393) x7  0x80010165
core   0: 3 0x8000001c (0xfe62eae3)
core   0: 3 0x80000010 (0x00538023) mem 0x80010165 0x65
core   0: 3 0x80000014 (0x00128293) x5  0x00000066
core   0: 3 0x80000018 (0x00138393) x7  0x80010166
core   0: 3 0x8000001c (0xfe62eae3)
core   0: 3 0x80000010 (0x00538023) mem 0x80010166 0x66
core   0: 3 0x80000014 (0x00128293) x5  0x00000067
core   0: 3 0x80000018 (0x00138393) x7  0x80010167
core   0: 3 0x8000001c (0xfe62eae3)
core   0: 3 0x80000010 (0x00538023) mem 0x80010167 0x67
core   0: 3 0x80000014 (0x00128293) x5  0x00000068
core   0: 3 0x80000018 (0x00138393) x7  0x80010168
core   0: 3 0x8000001c (0xfe62eae3)
core   0: 3 0x80000010 (0x00538023) mem 0x80010168 0x68
core   0: 3 0x80000014 (0x00128293) x5  0x00000069
core   0: 3 0x80000018 (0x00138393) x7  0x80010169
core   0: 3 0x8000001c (0xfe62eae3)
core   0: 3 0x80000010 (0x00538023) mem 0x80010169 0x69
core   0: 3 0x80000014 (0x00128293) x5  0x0000006a
core   0: 3 0x80000018 (0x00138393) x7  0x8001016a
core   0: 3 0x8000001c (0xfe62eae3)
core   0: 3 0x80000010 (0x00538023) mem 0x8001016a 0x6a
core   0: 3 0x80000014 (0x00128293) x5  0x0000006b
core   0: 3 0x80000018 (0x00138393) x7  0x8001016b
core   0: 3 0x8000001c (0xfe62eae3)
core   0: 3 0x80000010 (0x00538023) mem 0x8001016b 0x6b
core   0: 3 0x80000014 (0x00128293) x5  0x0000006c
core   0: 3 0x80000018 (0x00138393) x7  0x8001016c
core   0: 3 0x8000001c (0xfe62eae3)
core   0: 3 0x80000010 (0x00538023) mem 0x8001016c 0x6c
core   0: 3 0x80000014 (0x00128293) x5  0x0000006d
core   0: 3 0x80000018 (0x00138393) x7  0x8001016d
core   0: 3 0x8000001c (0xfe62eae3)
core   0: 3 0x80000010 (0x00538023) mem 0x8001016d 0x6d
core   0: 3 0x80000014 (0x00128293) x5  0x0000006e
core   0: 3 0x80000018 (0x00138393) x7  0x8001016e
core   0: 3 0x8000001c (0xfe62eae3)
core   0: 3 0x80000010 (0x00538023) mem 0x8001016e 0x6e
core   0: 3 0x80000014 (0x00128293) x5  0x0000006f
core   0: 3 0x80000018 (0x00138393) x7  0x8001016f
core   0: 3 0x8000001c (0xfe62eae3)
core   0: 3 0x80000010 (0x00538023) mem 0x8001016f 0x6f
core   0: 3 0x80000014 (0x00128293) x5  0x00000070
core   0: 3 0x80000018 (0x00138393) x7  0x80010170
core   0: 3 0x8000001c (0xfe62eae3)
core   0: 3 0x80000010 (0x00538023) mem 0x80010170 0x70
core   0: 3 0x80000014 (0x00128293) x5  0x00000071
core   0: 3 0x80000018 (0x00138393) x7  0x80010171
core   0: 3 0x8000001c (0xfe62eae3)
core   0: 3 0x80000010 (0x00538023) mem 0x80010171 0x71
core   0: 3 0x80000014 (0x00128293) x5  0x00000072
core   0: 3 0x80000018 (0x00138393) x7  0x80010172
core   0: 3 0x8000001c (0xfe62eae3)
core   0: 3 0x80000010 (0x00538023) mem 0x80010172 0x72
core   0: 3 0x80000014 (0x00128293) x5  0x00000073
core   0: 3 0x80000018 (0x00138393) x7  0x80010173
core   0: 3 0x8000001c (0xfe62eae3)
core   0: 3 0x80000010 (0x00538023) mem 0x80010173 0x73
core   0: 3 0x80000014 (0x00128293) x5  0x00000074
core   0: 3 0x80000018 (0x00138393) x7  0x80010174
core   0: 3 0x8000001c (0xfe62eae3)
core   0: 3 0x80000010 (0x00538023) mem 0x80010174 0x74
core   0: 3 0x80000014 (0x00128293) x5  0x00000075
core   0: 3 0x80000018 (0x00138393) x7  0x80010175
core   0: 3 0x8000001c (0xfe62eae3)
core   0: 3 0x80000010 (0x00538023) mem 0x80010175 0x75
core   0: 3 0x80000014 (0x00128293) x5  0x00000076
core   0: 3 0x80000018 (0x00138393) x7  0x80010176
core   0: 3 0x8000001c (0xfe62eae3)
core   0: 3 0x80000010 (0x00538023) mem 0x80010176 0x76
core   0: 3 0x80000014 (0x00128293) x5  0x00000077
core   0: 3 0x80000018 (0x00138393) x7  0x80010177
core   0: 3 0x8000001c (0xfe62eae3)
core   0: 3 0x80000010 (0x00538023) mem 0x80010177 0x77
core   0: 3 0x80000014 (0x00128293) x5  0x00000078
core   0: 3 0x80000018 (0x00138393) x7  0x80010178
core   0: 3 0x8000001c (0xfe62eae3)
core   0: 3 0x80000010 (0x00538023) mem 0x80010178 0x78
core   0: 3 0x80000014 (0x00128293) x5  0x00000079
core   0: 3 0x80000018 (0x00138393) x7  0x80010179
core   0: 3 0x8000001c (0xfe62eae3)
core   0: 3 0x80000010 (0x00538023) mem 0x80010179 0x79
core   0: 3 0x80000014 (0x00128293) x5  0x0000007a
core   0: 3 0x80000018 (0x00138393) x7  0x8001017a
core   0: 3 0x8000001c (0xfe62eae3)
core   0: 3 0x80000010 (0x00538023) mem 0x8001017a 0x7a
core   0: 3 0x80000014 (0x00128293) x5  0x0000007b
core   0: 3 0x80000018 (0x00138393) x7  0x8001017b
core   0: 3 0x8000001c (0xfe62eae3)
core   0: 3 0x80000010 (0x00538023) mem 0x8001017b 0x7b
core   0: 3 0x80000014 (0x00128293) x5  0x0000007c
core   0: 3 0x80000018 (0x00138393) x7  0x8001017c
core   0: 3 0x8000001c (0xfe62eae3)
core   0: 3 0x80000010 (0x00538023) mem 0x8001017c 0x7c
core   0: 3 0x80000014 (0x00128293) x5  0x0000007d
core   0: 3 0x80000018 (0x00138393) x7  0x8001017d
core   0: 3 0x8000001c (0xfe62eae3)
core   0: 3 0x80000010 (0x00538023) mem 0x8001017d 0x7d
core   0: 3 0x80000014 (0x00128293) x5  0x0000007e
core   0: 3 0x80000018 (0x00138393) x7  0x8001017e
core   0: 3 0x8000001c (0xfe62eae3)
core   0: 3 0x80000010 (0x00538023) mem 0x8001017e 0x7e
core   0: 3 0x80000014 (0x00128293) x5  0x0000007f
core   0: 3 0x80000018 (0x00138393) x7  0x8001017f
core   0: 3 0x8000001c (0xfe62eae3)
core   0: 3 0x80000010 (0x00538023) mem 0x8001017f 0x7f
core   0: 3 0x80000014 (0x00128293) x5  0x00000080
core   0: 3 0x80000018 (0x00138393) x7  0x80010180
core   0: 3 0x8000001c (0xfe62eae3)
core   0: 3 0x80000010 (0x00538023) mem 0x80010180 0x80
core   0: 3 0x80000014 (0x00128293) x5  0x00000081
core   0: 3 0x80000018 (0x00138393) x7  0x80010181
core   0: 3 0x8000001c (0xfe62eae3)
core   0: 3 0x80000010 (0x00538023) mem 0x80010181 0x81
core   0: 3 0x80000014 (0x00128293) x5  0x00000082
core   0: 3 0x80000018 (0x00138393) x7  0x80010182
core   0: 3 0x8000001c (0xfe62eae3)
core   0: 3 0x80000010 (0x00538023) mem 0x80010182 0x82
core   0: 3 0x80000014 (0x00128293) x5  0x00000083
core   0: 3 0x80000018 (0x00138393) x7  0x80010183
core   0: 3 0x8000001c (0xfe62eae3)
core   0: 3 0x80000010 (0x00538023) mem 0x80010183 0x83
core   0: 3 0x80000014 (0x00128293) x5  0x00000084
core   0: 3 0x80000018 (0x00138393) x7  0x80010184
core   0: 3 0x8000001c (0xfe62eae3)
core   0: 3 0x80000010 (0x00538023) mem 0x80010184 0x84
core   0: 3 0x80000014 (0x00128293) x5  0x00000085
core   0: 3 0x80000018 (0x00138393) x7  0x80010185
core   0: 3 0x8000001c (0xfe62eae3)
core   0: 3 0x80000010 (0x00538023) mem 0x80010185 0x85
core   0: 3 0x80000014 (0x00128293) x5  0x00000086
core   0: 3 0x80000018 (0x00138393) x7  0x80010186
core   0: 3 0x8000001c (0xfe62eae3)
core   0: 3 0x80000010 (0x00538023) mem 0x80010186 0x86
core   0: 3 0x80000014 (0x00128293) x5  0x00000087
core   0: 3 0x80000018 (0x00138393) x7  0x80010187
core   0: 3 0x8000001c (0xfe62eae3)
core   0: 3 0x80000010 (0x00538023) mem 0x80010187 0x87
core   0: 3 0x80000014 (0x00128293) x5  0x00000088
core   0: 3 0x80000018 (0x00138393) x7  0x80010188
core   0: 3 0x8000001c (0xfe62eae3)
core   0: 3 0x80000010 (0x00538023) mem 0x80010188 0x88
core   0: 3 0x80000014 (0x00128293) x5  0x00000089
core   0: 3 0x80000018 (0x00138393) x7  0x80010189
core   0: 3 0x8000001c (0xfe62eae3)
core   0: 3 0x80000010 (0x00538023) mem 0x80010189 0x89
core   0: 3 0x80000014 (0x00128293) x5  0x0000008a
core   0: 3 0x80000018 (0x00138393) x7  0x8001018a
core   0: 3 0x8000001c (0xfe62eae3)
core   0: 3 0x80000010 (0x00538023) mem 0x8001018a 0x8a
core   0: 3 0x80000014 (0x00128293) x5  0x0000008b
core   0: 3 0x80000018 (0x00138393) x7  0x8001018b
core   0: 3 0x8000001c (0xfe62eae3)
core   0: 3 0x80000010 (0x00538023) mem 0x8001018b 0x8b
core   0: 3 0x80000014 (0x00128293) x5  0x0000008c
core   0: 3 0x80000018 (0x00138393) x7  0x8001018c
core   0: 3 0x8000001c (0xfe62eae3)
core   0: 3 0x80000010 (0x00538023) mem 0x8001018c 0x8c
core   0: 3 0x80000014 (0x00128293) x5  0x0000008d
core   0: 3 0x80000018 (0x00138393) x7  0x8001018d
core   0: 3 0x8000001c (0xfe62eae3)
core   0: 3 0x80000010 (0x00538023) mem 0x8001018d 0x8d
core   0: 3 0x80000014 (0x00128293) x5  0x0000008e
core   0: 3 0x80000018 (0x00138393) x7  0x8001018e
core   0: 3 0x8000001c (0xfe62eae3)
core   0: 3 0x80000010 (0x00538023) mem 0x8001018e 0x8e
core   0: 3 0x80000014 (0x00128293) x5  0x0000008f
core   0: 3 0x80000018 (0x00138393) x7  0x8001018f
core   0: 3 0x8000001c (0xfe62eae3)
core   0: 3 0x80000010 (0x00538023) mem 0x8001018f 0x8f
core   0: 3 0x80000014 (0x00128293) x5  0x00000090
core   0: 3 0x80000018 (0x00138393) x7  0x80010190
core   0: 3 0x8000001c (0xfe62eae3)
core   0: 3 0x80000010 (0x00538023) mem 0x80010190 0x90
core   0: 3 0x80000014 (0x00128293) x5  0x00000091
core   0: 3 0x80000018 (0x00138393) x7  0x80010191
core   0: 3 0x8000001c (0xfe62eae3)
core   0: 3 0x80000010 (0x00538023) mem 0x80010191 0x91
core   0: 3 0x80000014 (0x00128293) x5  0x00000092
core   0: 3 0x80000018 (0x00138393) x7  0x80010192
core   0: 3 0x8000001c (0xfe62eae3)
core   0: 3 0x80000010 (0x00538023) mem 0x80010192 0x92
core   0: 3 0x80000014 (0x00128293) x5  0x00000093
core   0: 3 0x80000018 (0x00138393) x7  0x80010193
core   0: 3 0x8000001c (0xfe62eae3)
core   0: 3 0x80000010 (0x00538023) mem 0x80010193 0x93
core   0: 3 0x80000014 (0x00128293) x5  0x00000094
core   0: 3 0x80000018 (0x00138393) x7  0x80010194
core   0: 3 0x8000001c (0xfe62eae3)
core   0: 3 0x80000010 (0x00538023) mem 0x80010194 0x94
core   0: 3 0x80000014 (0x00128293) x5  0x00000095
core   0: 3 0x80000018 (0x00138393) x7  0x80010195
core   0: 3 0x8000001c (0xfe62eae3)
core   0: 3 0x80000010 (0x00538023) mem 0x80010195 0x95
core   0: 3 0x80000014 (0x00128293) x5  0x00000096
core   0: 3 0x80000018 (0x00138393) x7  0x80010196
core   0: 3 0x8000001c (0xfe62eae3)
core   0: 3 0x80000010 (0x00538023) mem 0x80010196 0x96
core   0: 3 0x80000014 (0x00128293) x5  0x00000097
core   0: 3 0x80000018 (0x00138393) x7  0x80010197
core   0: 3 0x8000001c (0xfe62eae3)
core   0: 3 0x80000010 (0x00538023) mem 0x80010197 0x97
core   0: 3 0x80000014 (0x00128293) x5  0x00000098
core   0: 3 0x80000018 (0x00138393) x7  0x80010198
core   0: 3 0x8000001c (0xfe62eae3)
core   0: 3 0x80000010 (0x00538023) mem 0x80010198 0x98
core   0: 3 0x80000014 (0x00128293) x5  0x00000099
core   0: 3 0x80000018 (0x00138393) x7  0x80010199
core   0: 3 0x8000001c (0xfe62eae3)
core   0: 3 0x80000010 (0x00538023) mem 0x80010199 0x99
core   0: 3 0x80000014 (0x00128293) x5  0x0000009a
core   0: 3 0x80000018 (0x00138393) x7  0x8001019a
core   0: 3 0x8000001c (0xfe62eae3)
core   0: 3 0x80000010 (0x00538023) mem 0x8001019a 0x9a
core   0: 3 0x80000014 (0x00128293) x5  0x0000009b
core   0: 3 0x80000018 (0x00138393) x7  0x8001019b
core   0: 3 0x8000001c (0xfe62eae3)
core   0: 3 0x80000010 (0x00538023) mem 0x8001019b 0x9b
core   0: 3 0x80000014 (0x00128293) x5  0x0000009c
core   0: 3 0x80000018 (0x00138393) x7  0x8001019c
core   0: 3 0x8000001c (0xfe62eae3)
core   0: 3 0x80000010 (0x00538023) mem 0x8001019c 0x9c
core   0: 3 0x80000014 (0x00128293) x5  0x0000009d
core   0: 3 0x80000018 (0x00138393) x7  0x8001019d
core   0: 3 0x8000001c (0xfe62eae3)
core   0: 3 0x80000010 (0x00538023) mem 0x8001019d 0x9d
core   0: 3 0x80000014 (0x00128293) x5  0x0000009e
core   0: 3 0x80000018 (0x00138393) x7  0x8001019e
core   0: 3 0x8000001c (0xfe62eae3)
core   0: 3 0x80000010 (0x00538023) mem 0x8001019e 0x9e
core   0: 3 0x80000014 (0x00128293) x5  0x0000009f
core   0: 3 0x80000018 (0x00138393) x7  0x8001019f
core   0: 3 0x8000001c (0xfe62eae3)
core   0: 3 0x80000010 (0x00538023) mem 0x8001019f 0x9f
core   0: 3 0x80000014 (0x00128293) x5  0x000000a0
core   0: 3 0x80000018 (0x00138393) x7  0x800101a0
core   0: 3 0x8000001c (0xfe62eae3)
core   0: 3 0x80000010 (0x00538023) mem 0x800101a0 0xa0
core   0: 3 0x80000014 (0x00128293) x5  0x000000a1
core   0: 3 0x80000018 (0x00138393) x7  0x800101a1
core   0: 3 0x8000001c (0xfe62eae3)
core   0: 3 0x80000010 (0x00538023) mem 0x800101a1 0xa1
core   0: 3 0x80000014 (0x00128293) x5  0x000000a2
core   0: 3 0x80000018 (0x00138393) x7  0x800101a2
core   0: 3 0x8000001c (0xfe62eae3)
core   0: 3 0x80000010 (0x00538023) mem 0x800101a2 0xa2
core   0: 3 0x80000014 (0x00128293) x5  0x000000a3
core   0: 3 0x80000018 (0x00138393) x7  0x800101a3
core   0: 3 0x8000001c (0xfe62eae3)
core   0: 3 0x80000010 (0x00538023) mem 0x800101a3 0xa3
core   0: 3 0x80000014 (0x00128293) x5  0x000000a4
core   0: 3 0x80000018 (0x00138393) x7  0x800101a4
core   0: 3 0x8000001c (0xfe62eae3)
core   0: 3 0x80000010 (0x00538023) mem 0x800101a4 0xa4
core   0: 3 0x80000014 (0x00128293) x5  0x000000a5
core   0: 3 0x80000018 (0x00138393) x7  0x800101a5
core   0: 3 0x8000001c (0xfe62eae3)
core   0: 3 0x80000010 (0x00538023) mem 0x800101a5 0xa5
core   0: 3 0x80000014 (0x00128293) x5  0x000000a6
core   0: 3 0x80000018 (0x00138393) x7  0x800101a6
core   0: 3 0x8000001c (0xfe62eae3)
core   0: 3 0x80000010 (0x00538023) mem 0x800101a6 0xa6
core   0: 3 0x80000014 (0x00128293) x5  0x000000a7
core   0: 3 0x80000018 (0x00138393) x7  0x800101a7
core   0: 3 0x8000001c (0xfe62eae3)
core   0: 3 0x80000010 (0x00538023) mem 0x800101a7 0xa7
core   0: 3 0x80000014 (0x00128293) x5  0x000000a8
core   0: 3 0x80000018 (0x00138393) x7  0x800101a8
core   0: 3 0x8000001c (0xfe62eae3)
core   0: 3 0x80000010 (0x00538023) mem 0x800101a8 0xa8
core   0: 3 0x80000014 (0x00128293) x5  0x000000a9
core   0: 3 0x80000018 (0x00138393) x7  0x800101a9
core   0: 3 0x8000001c (0xfe62eae3)
core   0: 3 0x80000010 (0x00538023) mem 0x800101a9 0xa9
core   0: 3 0x80000014 (0x00128293) x5  0x000000aa
core   0: 3 0x80000018 (0x00138393) x7  0x800101aa
core   0: 3 0x8000001c (0xfe62eae3)
core   0: 3 0x80000010 (0x00538023) mem 0x800101aa 0xaa
core   0: 3 0x80000014 (0x00128293) x5  0x000000ab
core   0: 3 0x80000018 (0x00138393) x7  0x800101ab
core   0: 3 0x8000001c (0xfe62eae3)
core   0: 3 0x80000010 (0x00538023) mem 0x800101ab 0xab
core   0: 3 0x80000014 (0x00128293) x5  0x000000ac
core   0: 3 0x80000018 (0x00138393) x7  0x800101ac
core   0: 3 0x8000001c (0xfe62eae3)
core   0: 3 0x80000010 (0x00538023) mem 0x800101ac 0xac
core   0: 3 0x80000014 (0x00128293) x5  0x000000ad
core   0: 3 0x80000018 (0x00138393) x7  0x800101ad
core   0: 3 0x8000001c (0xfe62eae3)
core   0: 3 0x80000010 (0x00538023) mem 0x800101ad 0xad
core   0: 3 0x80000014 (0x00128293) x5  0x000000ae
core   0: 3 0x80000018 (0x00138393) x7  0x800101ae
core   0: 3 0x8000001c (0xfe62eae3)
core   0: 3 0x80000010 (0x00538023) mem 0x800101ae 0xae
core   0: 3 0x80000014 (0x00128293) x5  0x000000af
core   0: 3 0x80000018 (0x00138393) x7  0x800101af
core   0: 3 0x8000001c (0xfe62eae3)
core   0: 3 0x80000010 (0x00538023) mem 0x800101af 0xaf
core   0: 3 0x80000014 (0x00128293) x5  0x000000b0
core   0: 3 0x80000018 (0x00138393) x7  0x800101b0
core   0: 3 0x8000001c (0xfe62eae3)
core   0: 3 0x80000010 (0x00538023) mem 0x800101b0 0xb0
core   0: 3 0x80000014 (0x00128293) x5  0x000000b1
core   0: 3 0x80000018 (0x00138393) x7  0x800101b1
core   0: 3 0x8000001c (0xfe62eae3)
core   0: 3 0x80000010 (0x00538023) mem 0x800101b1 0xb1
core   0: 3 0x80000014 (0x00128293) x5  0x000000b2
core   0: 3 0x80000018 (0x00138393) x7  0x800101b2
core   0: 3 0x8000001c (0xfe62eae3)
core   0: 3 0x80000010 (0x00538023) mem 0x800101b2 0xb2
core   0: 3 0x80000014 (0x00128293) x5  0x000000b3
core   0: 3 0x80000018 (0x00138393) x7  0x800101b3
core   0: 3 0x8000001c (0xfe62eae3)
core   0: 3 0x80000010 (0x00538023) mem 0x800101b3 0xb3
core   0: 3 0x80000014 (0x00128293) x5  0x000000b4
core   0: 3 0x80000018 (0x00138393) x7  0x800101b4
core   0: 3 0x8000001c (0xfe62eae3)
core   0: 3 0x80000010 (0x00538023) mem 0x800101b4 0xb4
core   0: 3 0x80000014 (0x00128293) x5  0x000000b5
core   0: 3 0x80000018 (0x00138393) x7  0x800101b5
core   0: 3 0x8000001c (0xfe62eae3)
core   0: 3 0x80000010 (0x00538023) mem 0x800101b5 0xb5
core   0: 3 0x80000014 (0x00128293) x5  0x000000b6
core   0: 3 0x80000018 (0x00138393) x7  0x800101b6
core   0: 3 0x8000001c (0xfe62eae3)
core   0: 3 0x80000010 (0x00538023) mem 0x800101b6 0xb6
core   0: 3 0x80000014 (0x00128293) x5  0x000000b7
core   0: 3 0x80000018 (0x00138393) x7  0x800101b7
core   0: 3 0x8000001c (0xfe62eae3)
core   0: 3 0x80000010 (0x00538023) mem 0x800101b7 0xb7
core   0: 3 0x80000014 (0x00128293) x5  0x000000b8
core   0: 3 0x80000018 (0x00138393) x7  0x800101b8
core   0: 3 0x8000001c (0xfe62eae3)
core   0: 3 0x80000010 (0x00538023) mem 0x800101b8 0xb8
core   0: 3 0x80000014 (0x00128293) x5  0x000000b9
core   0: 3 0x80000018 (0x00138393) x7  0x800101b9
core   0: 3 0x8000001c (0xfe62eae3)
core   0: 3 0x80000010 (0x00538023) mem 0x800101b9 0xb9
core   0: 3 0x80000014 (0x00128293) x5  0x000000ba
core   0: 3 0x80000018 (0x00138393) x7  0x800101ba
core   0: 3 0x8000001c (0xfe62eae3)
core   0: 3 0x80000010 (0x00538023) mem 0x800101ba 0xba
core   0: 3 0x80000014 (0x00128293) x5  0x000000bb
core   0: 3 0x80000018 (0x00138393) x7  0x800101bb
core   0: 3 0x8000001c (0xfe62eae3)
core   0: 3 0x80000010 (0x00538023) mem 0x800101bb 0xbb
core   0: 3 0x80000014 (0x00128293) x5  0x000000bc
core   0: 3 0x80000018 (0x00138393) x7  0x800101bc
core   0: 3 0x8000001c (0xfe62eae3)
core   0: 3 0x80000010 (0x00538023) mem 0x800101bc 0xbc
core   0: 3 0x80000014 (0x00128293) x5  0x000000bd
core   0: 3 0x80000018 (0x00138393) x7  0x800101bd
core   0: 3 0x8000001c (0xfe62eae3)
core   0: 3 0x80000010 (0x00538023) mem 0x800101bd 0xbd
core   0: 3 0x80000014 (0x00128293) x5  0x000000be
core   0: 3 0x80000018 (0x00138393) x7  0x800101be
core   0: 3 0x8000001c (0xfe62eae3)
core   0: 3 0x80000010 (0x00538023) mem 0x800101be 0xbe
core   0: 3 0x80000014 (0x00128293) x5  0x000000bf
core   0: 3 0x80000018 (0x00138393) x7  0x800101bf
core   0: 3 0x8000001c (0xfe62eae3)
core   0: 3 0x80000010 (0x00538023) mem 0x800101bf 0xbf
core   0: 3 0x80000014 (0x00128293) x5  0x000000c0
core   0: 3 0x80000018 (0x00138393) x7  0x800101c0
core   0: 3 0x8000001c (0xfe62eae3)
core   0: 3 0x80000010 (0x00538023) mem 0x800101c0 0xc0
core   0: 3 0x80000014 (0x00128293) x5  0x000000c1
core   0: 3 0x80000018 (0x00138393) x7  0x800101c1
core   0: 3 0x8000001c (0xfe62eae3)
core   0: 3 0x80000010 (0x00538023) mem 0x800101c1 0xc1
core   0: 3 0x80000014 (0x00128293) x5  0x000000c2
core   0: 3 0x80000018 (0x00138393) x7  0x800101c2
core   0: 3 0x8000001c (0xfe62eae3)
core   0: 3 0x80000010 (0x00538023) mem 0x800101c2 0xc2
core   0: 3 0x80000014 (0x00128293) x5  0x000000c3
core   0: 3 0x80000018 (0x00138393) x7  0x800101c3
core   0: 3 0x8000001c (0xfe62eae3)
core   0: 3 0x80000010 (0x00538023) mem 0x800101c3 0xc3
core   0: 3 0x80000014 (0x00128293) x5  0x000000c4
core   0: 3 0x80000018 (0x00138393) x7  0x800101c4
core   0: 3 0x8000001c (0xfe62eae3)
core   0: 3 0x80000010 (0x00538023) mem 0x800101c4 0xc4
core   0: 3 0x80000014 (0x00128293) x5  0x000000c5
core   0: 3 0x80000018 (0x00138393) x7  0x800101c5
core   0: 3 0x8000001c (0xfe62eae3)
core   0: 3 0x80000010 (0x00538023) mem 0x800101c5 0xc5
core   0: 3 0x80000014 (0x00128293) x5  0x000000c6
core   0: 3 0x80000018 (0x00138393) x7  0x800101c6
core   0: 3 0x8000001c (0xfe62eae3)
core   0: 3 0x80000010 (0x00538023) mem 0x800101c6 0xc6
core   0: 3 0x80000014 (0x00128293) x5  0x000000c7
core   0: 3 0x80000018 (0x00138393) x7  0x800101c7
core   0: 3 0x8000001c (0xfe62eae3)
core   0: 3 0x80000010 (0x00538023) mem 0x800101c7 0xc7
core   0: 3 0x80000014 (0x00128293) x5  0x000000c8
core   0: 3 0x80000018 (0x00138393) x7  0x800101c8
core   0: 3 0x8000001c (0xfe62eae3)
core   0: 3 0x80000010 (0x00538023) mem 0x800101c8 0xc8
core   0: 3 0x80000014 (0x00128293) x5  0x000000c9
core   0: 3 0x80000018 (0x00138393) x7  0x800101c9
core   0: 3 0x8000001c (0xfe62eae3)
core   0: 3 0x80000010 (0x00538023) mem 0x800101c9 0xc9
core   0: 3 0x80000014 (0x00128293) x5  0x000000ca
core   0: 3 0x80000018 (0x00138393) x7  0x800101ca
core   0: 3 0x8000001c (0xfe62eae3)
core   0: 3 0x80000010 (0x00538023) mem 0x800101ca 0xca
core   0: 3 0x80000014 (0x00128293) x5  0x000000cb
core   0: 3 0x80000018 (0x00138393) x7  0x800101cb
core   0: 3 0x8000001c (0xfe62eae3)
core   0: 3 0x80000010 (0x00538023) mem 0x800101cb 0xcb
core   0: 3 0x80000014 (0x00128293) x5  0x000000cc
core   0: 3 0x80000018 (0x00138393) x7  0x800101cc
core   0: 3 0x8000001c (0xfe62eae3)
core   0: 3 0x80000010 (0x00538023) mem 0x800101cc 0xcc
core   0: 3 0x80000014 (0x00128293) x5  0x000000cd
core   0: 3 0x80000018 (0x00138393) x7  0x800101cd
core   0: 3 0x8000001c (0xfe62eae3)
core   0: 3 0x80000010 (0x00538023) mem 0x800101cd 0xcd
core   0: 3 0x80000014 (0x00128293) x5  0x000000ce
core   0: 3 0x80000018 (0x00138393) x7  0x800101ce
core   0: 3 0x8000001c (0xfe62eae3)
core   0: 3 0x80000010 (0x00538023) mem 0x800101ce 0xce
core   0: 3 0x80000014 (0x00128293) x5  0x000000cf
core   0: 3 0x80000018 (0x00138393) x7  0x800101cf
core   0: 3 0x8000001c (0xfe62eae3)
core   0: 3 0x80000010 (0x00538023) mem 0x800101cf 0xcf
core   0: 3 0x80000014 (0x00128293) x5  0x000000d0
core   0: 3 0x80000018 (0x00138393) x7  0x800101d0
core   0: 3 0x8000001c (0xfe62eae3)
core   0: 3 0x80000010 (0x00538023) mem 0x800101d0 0xd0
core   0: 3 0x80000014 (0x00128293) x5  0x000000d1
core   0: 3 0x80000018 (0x00138393) x7  0x800101d1
core   0: 3 0x8000001c (0xfe62eae3)
core   0: 3 0x80000010 (0x00538023) mem 0x800101d1 0xd1
core   0: 3 0x80000014 (0x00128293) x5  0x000000d2
core   0: 3 0x80000018 (0x00138393) x7  0x800101d2
core   0: 3 0x8000001c (0xfe62eae3)
core   0: 3 0x80000010 (0x00538023) mem 0x800101d2 0xd2
core   0: 3 0x80000014 (0x00128293) x5  0x000000d3
core   0: 3 0x80000018 (0x00138393) x7  0x800101d3
core   0: 3 0x8000001c (0xfe62eae3)
core   0: 3 0x80000010 (0x00538023) mem 0x800101d3 0xd3
core   0: 3 0x80000014 (0x00128293) x5  0x000000d4
core   0: 3 0x80000018 (0x00138393) x7  0x800101d4
core   0: 3 0x8000001c (0xfe62eae3)
core   0: 3 0x80000010 (0x00538023) mem 0x800101d4 0xd4
core   0: 3 0x80000014 (0x00128293) x5  0x000000d5
core   0: 3 0x80000018 (0x00138393) x7  0x800101d5
core   0: 3 0x8000001c (0xfe62eae3)
core   0: 3 0x80000010 (0x00538023) mem 0x800101d5 0xd5
core   0: 3 0x80000014 (0x00128293) x5  0x000000d6
core   0: 3 0x80000018 (0x00138393) x7  0x800101d6
core   0: 3 0x8000001c (0xfe62eae3)
core   0: 3 0x80000010 (0x00538023) mem 0x800101d6 0xd6
core   0: 3 0x80000014 (0x00128293) x5  0x000000d7
core   0: 3 0x80000018 (0x00138393) x7  0x800101d7
core   0: 3 0x8000001c (0xfe62eae3)
core   0: 3 0x80000010 (0x00538023) mem 0x800101d7 0xd7
core   0: 3 0x80000014 (0x00128293) x5  0x000000d8
core   0: 3 0x80000018 (0x00138393) x7  0x800101d8
core   0: 3 0x8000001c (0xfe62eae3)
core   0: 3 0x80000010 (0x00538023) mem 0x800101d8 0xd8
core   0: 3 0x80000014 (0x00128293) x5  0x000000d9
core   0: 3 0x80000018 (0x00138393) x7  0x800101d9
core   0: 3 0x8000001c (0xfe62eae3)
core   0: 3 0x80000010 (0x00538023) mem 0x800101d9 0xd9
core   0: 3 0x80000014 (0x00128293) x5  0x000000da
core   0: 3 0x80000018 (0x00138393) x7  0x800101da
core   0: 3 0x8000001c (0xfe62eae3)
core   0: 3 0x80000010 (0x00538023) mem 0x800101da 0xda
core   0: 3 0x80000014 (0x00128293) x5  0x000000db
core   0: 3 0x80000018 (0x00138393) x7  0x800101db
core   0: 3 0x8000001c (0xfe62eae3)
core   0: 3 0x80000010 (0x00538023) mem 0x800101db 0xdb
core   0: 3 0x80000014 (0x00128293) x5  0x000000dc
core   0: 3 0x80000018 (0x00138393) x7  0x800101dc
core   0: 3 0x8000001c (0xfe62eae3)
core   0: 3 0x80000010 (0x00538023) mem 0x800101dc 0xdc
core   0: 3 0x80000014 (0x00128293) x5  0x000000dd
core   0: 3 0x80000018 (0x00138393) x7  0x800101dd
core   0: 3 0x8000001c (0xfe62eae3)
core   0: 3 0x80000010 (0x00538023) mem 0x800101dd 0xdd
core   0: 3 0x80000014 (0x00128293) x5  0x000000de
core   0: 3 0x80000018 (0x00138393) x7  0x800101de
core   0: 3 0x8000001c (0xfe62eae3)
core   0: 3 0x80000010 (0x00538023) mem 0x800101de 0xde
core   0: 3 0x80000014 (0x00128293) x5  0x000000df
core   0: 3 0x80000018 (0x00138393) x7  0x800101df
core   0: 3 0x8000001c (0xfe62eae3)
core   0: 3 0x80000010 (0x00538023) mem 0x800101df 0xdf
core   0: 3 0x80000014 (0x00128293) x5  0x000000e0
core   0: 3 0x80000018 (0x00138393) x7  0x800101e0
core   0: 3 0x8000001c (0xfe62eae3)
core   0: 3 0x80000010 (0x00538023) mem 0x800101e0 0xe0
core   0: 3 0x80000014 (0x00128293) x5  0x000000e1
core   0: 3 0x80000018 (0x00138393) x7  0x800101e1
core   0: 3 0x8000001c (0xfe62eae3)
core   0: 3 0x80000010 (0x00538023) mem 0x800101e1 0xe1
core   0: 3 0x80000014 (0x00128293) x5  0x000000e2
core   0: 3 0x80000018 (0x00138393) x7  0x800101e2
core   0: 3 0x8000001c (0xfe62eae3)
core   0: 3 0x80000010 (0x00538023) mem 0x800101e2 0xe2
core   0: 3 0x80000014 (0x00128293) x5  0x000000e3
core   0: 3 0x80000018 (0x00138393) x7  0x800101e3
core   0: 3 0x8000001c (0xfe62eae3)
core   0: 3 0x80000010 (0x00538023) mem 0x800101e3 0xe3
core   0: 3 0x80000014 (0x00128293) x5  0x000000e4
core   0: 3 0x80000018 (0x00138393) x7  0x800101e4
core   0: 3 0x8000001c (0xfe62eae3)
core   0: 3 0x80000010 (0x00538023) mem 0x800101e4 0xe4
core   0: 3 0x80000014 (0x00128293) x5  0x000000e5
core   0: 3 0x80000018 (0x00138393) x7  0x800101e5
core   0: 3 0x8000001c (0xfe62eae3)
core   0: 3 0x80000010 (0x00538023) mem 0x800101e5 0xe5
core   0: 3 0x80000014 (0x00128293) x5  0x000000e6
core   0: 3 0x80000018 (0x00138393) x7  0x800101e6
core   0: 3 0x8000001c (0xfe62eae3)
core   0: 3 0x80000010 (0x00538023) mem 0x800101e6 0xe6
core   0: 3 0x80000014 (0x00128293) x5  0x000000e7
core   0: 3 0x80000018 (0x00138393) x7  0x800101e7
core   0: 3 0x8000001c (0xfe62eae3)
core   0: 3 0x80000010 (0x00538023) mem 0x800101e7 0xe7
core   0: 3 0x80000014 (0x00128293) x5  0x000000e8
core   0: 3 0x80000018 (0x00138393) x7  0x800101e8
core   0: 3 0x8000001c (0xfe62eae3)
core   0: 3 0x80000010 (0x00538023) mem 0x800101e8 0xe8
core   0: 3 0x80000014 (0x00128293) x5  0x000000e9
core   0: 3 0x80000018 (0x00138393) x7  0x800101e9
core   0: 3 0x8000001c (0xfe62eae3)
core   0: 3 0x80000010 (0x00538023) mem 0x800101e9 0xe9
core   0: 3 0x80000014 (0x00128293) x5  0x000000ea
core   0: 3 0x80000018 (0x00138393) x7  0x800101ea
core   0: 3 0x8000001c (0xfe62eae3)
core   0: 3 0x80000010 (0x00538023) mem 0x800101ea 0xea
core   0: 3 0x80000014 (0x00128293) x5  0x000000eb
core   0: 3 0x80000018 (0x00138393) x7  0x800101eb
core   0: 3 0x8000001c (0xfe62eae3)
core   0: 3 0x80000010 (0x00538023) mem 0x800101eb 0xeb
core   0: 3 0x80000014 (0x00128293) x5  0x000000ec
core   0: 3 0x80000018 (0x00138393) x7  0x800101ec
core   0: 3 0x8000001c (0xfe62eae3)
core   0: 3 0x80000010 (0x00538023) mem 0x800101ec 0xec
core   0: 3 0x80000014 (0x00128293) x5  0x000000ed
core   0: 3 0x80000018 (0x00138393) x7  0x800101ed
core   0: 3 0x8000001c (0xfe62eae3)
core   0: 3 0x80000010 (0x00538023) mem 0x800101ed 0xed
core   0: 3 0x80000014 (0x00128293) x5  0x000000ee
core   0: 3 0x80000018 (0x00138393) x7  0x800101ee
core   0: 3 0x8000001c (0xfe62eae3)
core   0: 3 0x80000010 (0x00538023) mem 0x800101ee 0xee
core   0: 3 0x80000014 (0x00128293) x5  0x000000ef
core   0: 3 0x80000018 (0x00138393) x7  0x800101ef
core   0: 3 0x8000001c (0xfe62eae3)
core   0: 3 0x80000010 (0x00538023) mem 0x800101ef 0xef
core   0: 3 0x80000014 (0x00128293) x5  0x000000f0
core   0: 3 0x80000018 (0x00138393) x7  0x800101f0
core   0: 3 0x8000001c (0xfe62eae3)
core   0: 3 0x80000010 (0x00538023) mem 0x800101f0 0xf0
core   0: 3 0x80000014 (0x00128293) x5  0x000000f1
core   0: 3 0x80000018 (0x00138393) x7  0x800101f1
core   0: 3 0x8000001c (0xfe62eae3)
core   0: 3 0x80000010 (0x00538023) mem 0x800101f1 0xf1
core   0: 3 0x80000014 (0x00128293) x5  0x000000f2
core   0: 3 0x80000018 (0x00138393) x7  0x800101f2
core   0: 3 0x8000001c (0xfe62eae3)
core   0: 3 0x80000010 (0x00538023) mem 0x800101f2 0xf2
core   0: 3 0x80000014 (0x00128293) x5  0x000000f3
core   0: 3 0x80000018 (0x00138393) x7  0x800101f3
core   0: 3 0x8000001c (0xfe62eae3)
core   0: 3 0x80000010 (0x00538023) mem 0x800101f3 0xf3
core   0: 3 0x80000014 (0x00128293) x5  0x000000f4
core   0: 3 0x80000018 (0x00138393) x7  0x800101f4
core   0: 3 0x8000001c (0xfe62eae3)
core   0: 3 0x80000010 (0x00538023) mem 0x800101f4 0xf4
core   0: 3 0x80000014 (0x00128293) x5  0x000000f5
core   0: 3 0x80000018 (0x00138393) x7  0x800101f5
core   0: 3 0x8000001c (0xfe62eae3)
core   0: 3 0x80000010 (0x00538023) mem 0x800101f5 0xf5
core   0: 3 0x80000014 (0x00128293) x5  0x000000f6
core   0: 3 0x80000018 (0x00138393) x7  0x800101f6
core   0: 3 0x8000001c (0xfe62eae3)
core   0: 3 0x80000010 (0x00538023) mem 0x800101f6 0xf6
core   0: 3 0x80000014 (0x00128293) x5  0x000000f7
core   0: 3 0x80000018 (0x00138393) x7  0x800101f7
core   0: 3 0x8000001c (0xfe62eae3)
core   0: 3 0x80000010 (0x00538023) mem 0x800101f7 0xf7
core   0: 3 0x80000014 (0x00128293) x5  0x000000f8
core   0: 3 0x80000018 (0x00138393) x7  0x800101f8
core   0: 3 0x8000001c (0xfe62eae3)
core   0: 3 0x80000010 (0x00538023) mem 0x800101f8 0xf8
core   0: 3 0x80000014 (0x00128293) x5  0x000000f9
core   0: 3 0x80000018 (0x00138393) x7  0x800101f9
core   0: 3 0x8000001c (0xfe62eae3)
core   0: 3 0x80000010 (0x00538023) mem 0x800101f9 0xf9
core   0: 3 0x80000014 (0x00128293) x5  0x000000fa
core   0: 3 0x80000018 (0x00138393) x7  0x800101fa
core   0: 3 0x8000001c (0xfe62eae3)
core   0: 3 0x80000010 (0x00538023) mem 0x800101fa 0xfa
core   0: 3 0x80000014 (0x00128293) x5  0x000000fb
core   0: 3 0x80000018 (0x00138393) x7  0x800101fb
core   0: 3 0x8000001c (0xfe62eae3)
core   0: 3 0x80000010 (0x00538023) mem 0x800101fb 0xfb
core   0: 3 0x80000014 (0x00128293) x5  0x000000fc
core   0: 3 0x80000018 (0x00138393) x7  0x800101fc
core   0: 3 0x8000001c (0xfe62eae3)
core   0: 3 0x80000010 (0x00538023) mem 0x800101fc 0xfc
core   0: 3 0x80000014 (0x00128293) x5  0x000000fd
core   0: 3 0x80000018 (0x00138393) x7  0x800101fd
core   0: 3 0x8000001c (0xfe62eae3)
core   0: 3 0x80000010 (0x00538023) mem 0x800101fd 0xfd
core   0: 3 0x80000014 (0x00128293) x5  0x000000fe
core   0: 3 0x80000018 (0x00138393) x7  0x800101fe
core   0: 3 0x8000001c (0xfe62eae3)
core   0: 3 0x80000010 (0x00538023) mem 0x800101fe 0xfe
core   0: 3 0x80000014 (0x00128293) x5  0x000000ff
core   0: 3 0x80000018 (0x00138393) x7  0x800101ff
core   0: 3 0x8000001c (0xfe62eae3)
core   0: 3 0x80000010 (0x00538023) mem 0x800101ff 0xff
core   0: 3 0x80000014 (0x00128293) x5  0x00000100
core   0: 3 0x80000018 (0x00138393) x7  0x80010200
core   0: 3 0x8000001c (0xfe62eae3)
core   0: 3 0x80000020 (0x01100513) x10 0x00000011
core   0: 3 0x80000024 (0x02200593) x11 0x00000022
core   0: 3 0x80000028 (0x03300613) x12 0x00000033
core   0: 3 0x8000002c (0x04400693) x13 0x00000044
core   0: 3 0x80000030 (0x05500713) x14 0x00000055
core   0: 3 0x80000034 (0x06600793) x15 0x00000066
core   0: 3 0x80000038 (0x07700813) x16 0x00000077
core   0: 3 0x8000003c (0x08800893) x17 0x00000088
core   0: 3 0x80000040 (0x09900913) x18 0x00000099
core   0: 3 0x80000044 (0x0aa00993) x19 0x000000aa
core   0: 3 0x80000048 (0x0bb00a13) x20 0x000000bb
core   0: 3 0x8000004c (0x0cc00a93) x21 0x000000cc
core   0: 3 0x80000050 (0x012900b3) x1  0x00000132
core   0: 3 0x80000054 (0xf8f7b713) x14 0x00000001
core   0: 3 0x80000058 (0xffff18b7) x17 0xffff1000
core   0: 3 0x8000005c (0x00e6eab3) x21 0x00000045
core   0: 3 0x80000060 (0xffff78b7) x17 0xffff7000
core   0: 3 0x80000064 (0x4116d733) x14 0x00000044
core   0: 3 0x80000068 (0x00f72333) x6  0x00000001
core   0: 3 0x8000006c (0x00653f93) x31 0x00000000
core   0: 3 0x80000070 (0x40055933) x18 0x00000011
core   0: 3 0x80000074 (0x0119d833) x16 0x000000aa
core   0: 3 0x80000078 (0xffffd4b7) x9  0xffffd000
core   0: 3 0x8000007c (0x0c606493) x9  0x000000c6
core   0: 3 0x80000080 (0x0005d893) x17 0x00000022
core   0: 3 0x80000084 (0x01554033)
core   0: 3 0x80000088 (0x00f65a33) x20 0x00000000
core   0: 3 0x8000008c (0x01e89a93) x21 0x80000000
core   0: 3 0x80000090 (0x00007017)
core   0: 3 0x80000094 (0x402a5693) x13 0x00000000
core   0: 3 0x80000098 (0x03498263)
core   0: 3 0x8000009c (0x00a73433) x8  0x00000000
core   0: 3 0x800000a0 (0x0000bf17) x30 0x8000b0a0
core   0: 3 0x800000a4 (0x00009f17) x30 0x800090a4
core   0: 3 0x800000a8 (0x0013a0b3) x1  0x00000001
core   0: 3 0x800000ac (0x010947b3) x15 0x000000bb
core   0: 3 0x800000b0 (0x02780e13) x28 0x000000d1
core   0: 3 0x800000b4 (0xf6c5c993) x19 0xffffff4e
core   0: 3 0x800000b8 (0x0096df33) x30 0x00000000
core   0: 3 0x800000bc (0x0a8f8f93) x31 0x000000a8
core   0: 3 0x800000c0 (0x00f06c33) x24 0x000000bb
core   0: 3 0x800000c4 (0x00c8d833) x16 0x00000000
core   0: 3 0x800000c8 (0x06278e93) x29 0x0000011d
core   0: 3 0x800000cc (0x000a2413) x8  0x00000000
core   0: 3 0x800000d0 (0xfc15c893) x17 0xffffffe3
core   0: 3 0x800000d4 (0xf4c8cd13) x26 0x000000af
core   0: 3 0x800000d8 (0x00e4e093) x1  0x000000ce
core   0: 3 0x800000dc (0x0042dd13) x26 0x00000010
core   0: 3 0x800000e0 (0xffff0f37) x30 0xffff0000
core   0: 3 0x800000e4 (0x40030c33) x24 0x00000001
core   0: 3 0x800000e8 (0x40b38db3) x27 0x800101de
core   0: 3 0x800000ec (0x80010237) x4  0x80010000
core   0: 3 0x800000f0 (0x10020213) x4  0x80010100
core   0: 3 0x800000f4 (0xf66d9303) x6  0x00004544 mem 0x80010144
core   0: 3 0x800000f8 (0x01d245b3) x11 0x8001001d
core   0: 3 0x800000fc (0x41b8d5b3) x11 0xffffffff
core   0: 3 0x80000100 (0x086f3793) x15 0x00000000
core   0: 3 0x80000104 (0x00016a17) x20 0x80016104
core   0: 3 0x80000108 (0x03e41063)
core   0: 3 0x80000128 (0x4007d313) x6  0x00000000
core   0: 3 0x8000012c (0x00bac233) x4  0x7fffffff
core   0: 3 0x80000130 (0x40745bb3) x23 0x00000000
core   0: 3 0x80000134 (0x015f1393) x7  0x00000000
core   0: 3 0x80000138 (0xfe0db693) x13 0x00000001
core   0: 3 0x8000013c (0x018719b3) x19 0x00000088
core   0: 3 0x80000140 (0x00394593) x11 0x00000012
core   0: 3 0x80000144 (0x41f8d633) x12 0xffffffff
core   0: 3 0x80000148 (0x41add293) x5  0xffffffe0
core   0: 3 0x8000014c (0x800109b7) x19 0x80010000
core   0: 3 0x80000150 (0x10098993) x19 0x80010100
core   0: 3 0x80000154 (0x0cb9ca83) x21 0x000000cb mem 0x800101cb
core   0: 3 0x80000158 (0xffffa637) x12 0xffffa000
core   0: 3 0x8000015c (0x004fee33) x28 0x7fffffff
core   0: 3 0x80000160 (0x40470133) x2  0x80000045
core   0: 3 0x80000164 (0x018b44b3) x9  0x00000001
core   0: 3 0x80000168 (0xfffe8f17) x30 0x7ffe8168
core   0: 3 0x8000016c (0x01c29a13) x20 0x00000000
core   0: 3 0x80000170 (0x01ad1133) x2  0x00100000
core   0: 3 0x80000174 (0x00e803b3) x7  0x00000044
core   0: 3 0x80000178 (0x40ba0f33) x30 0xffffffee
core   0: 3 0x8000017c (0x0002a197) x3  0x8002a17c
core   0: 3 0x80000180 (0x00004697) x13 0x80004180
core   0: 3 0x80000184 (0xfc663a13) x20 0x00000001
core   0: 3 0x80000188 (0x40695893) x17 0x00000000
core   0: 3 0x8000018c (0x0043dfb3) x31 0x00000000
core   0: 3 0x80000190 (0x017c5493) x9  0x00000000
core   0: 3 0x80000194 (0x060f8a13) x20 0x00000060
core   0: 3 0x80000198 (0x000133b7) x7  0x00013000
core   0: 3 0x8000019c (0x01b69f33) x30 0x00000000
core   0: 3 0x800001a0 (0xfe012113) x2  0x00000000
core   0: 3 0x800001a4 (0x09967613) x12 0x00000000
core   0: 3 0x800001a8 (0x009b9513) x10 0x00000000
core   0: 3 0x800001ac (0xf5bfb813) x16 0x00000001
core   0: 3 0x800001b0 (0x02054313) x6  0x00000020
core   0: 3 0x800001b4 (0x01eb9033)
core   0: 3 0x800001b8 (0x40e3d813) x16 0x00000004
core   0: 3 0x800001bc (0x00beda13) x20 0x00000000
core   0: 3 0x800001c0 (0x01f99a93) x21 0x00000000
core   0: 3 0x800001c4 (0xf6c2fa13) x20 0xffffff60
core   0: 3 0x800001c8 (0x01bedb13) x22 0x00000000
core   0: 3 0x800001cc (0x00000517) x10 0x800001cc
core   0: 3 0x800001d0 (0x00850513) x10 0x800001d4
core   0: 3 0x800001d4 (0x00850a67) x20 0x800001d8
core   0: 3 0x800001dc (0x7429ae23) mem 0x8001085c 0x00000000
core   0: 3 0x800001e0 (0x0001b9b3) x19 0x00000000
core   0: 3 0x800001e4 (0x00090cb3) x25 0x00000011
core   0: 3 0x800001e8 (0xf6b9c513) x10 0xffffff6b
core   0: 3 0x800001ec (0x40598bb3) x23 0x00000020
core   0: 3 0x800001f0 (0x41130633) x12 0x00000020
core   0: 3 0x800001f4 (0x04b1a013)
core   0: 3 0x800001f8 (0xfd7a6313) x6  0xffffffdf
core   0: 3 0x800001fc (0xf6c92a13) x20 0x00000000
core   0: 3 0x80000200 (0x00659733) x14 0x00000000
core   0: 3 0x80000204 (0x419e5493) x9  0x0000003f
core   0: 3 0x80000208 (0x010364b3) x9  0xffffffdf
core   0: 3 0x8000020c (0xffff7137) x2  0xffff7000
core   0: 3 0x80000210 (0x093f4d13) x26 0x00000093
core   0: 3 0x80000214 (0x00001f17) x30 0x80001214
core   0: 3 0x80000218 (0x019ddc33) x24 0x00004000
core   0: 3 0x8000021c (0x04d92393) x7  0x00000001
core   0: 3 0x80000220 (0xf83d7e13) x28 0x00000083
core   0: 3 0x80000224 (0x000a1893) x17 0x00000000
core   0: 3 0x80000228 (0x00f7f233) x4  0x00000000
core   0: 3 0x8000022c (0x007daeb3) x29 0x00000001
core   0: 3 0x80000230 (0x406586b3) x13 0x00000033
core   0: 3 0x80000234 (0x00000e97) x29 0x80000234
core   0: 3 0x80000238 (0x008e8e93) x29 0x8000023c
core   0: 3 0x8000023c (0x00ce89e7) x19 0x80000240
core   0: 3 0x80000248 (0x800109b7) x19 0x80010000
core   0: 3 0x8000024c (0x10098993) x19 0x80010100
core   0: 3 0x80000250 (0x393d8023) mem 0x8001055e 0x00
core   0: 3 0x80000254 (0x0138bd33) x26 0x00000001
core   0: 3 0x80000258 (0x01f9a8b3) x17 0x00000001
core   0: 3 0x8000025c (0x015917b3) x15 0x00000011
core   0: 3 0x80000260 (0xffff9637) x12 0xffff9000
core   0: 3 0x80000264 (0xf4deb813) x16 0x00000001
core   0: 3 0x80000268 (0x0ad48813) x16 0x0000008c
core   0: 3 0x8000026c (0x06814013)
core   0: 3 0x80000270 (0x00002197) x3  0x80002270
core   0: 3 0x80000274 (0x002c19b3) x19 0x00004000
core   0: 3 0x80000278 (0x010b9e33) x28 0x00020000
core   0: 3 0x8000027c (0x0095c3b3) x7  0xffffffcd
core   0: 3 0x80000280 (0x00084233) x4  0x0000008c
core   0: 3 0x80000284 (0xf614ec13) x24 0xffffffff
core   0: 3 0x80000288 (0x019d9c33) x24 0x03bc0000
core   0: 3 0x8000028c (0x0200f793) x15 0x00000000
core   0: 3 0x80000290 (0xfb64b893) x17 0x00000000
core   0: 3 0x80000294 (0x01fea1b3) x3  0x00000001
core   0: 3 0x80000298 (0x0150da93) x21 0x00000000
core   0: 3 0x8000029c (0x01b1d913) x18 0x00000000
core   0: 3 0x800002a0 (0x0132d133) x2  0xffffffe0
core   0: 3 0x800002a4 (0x080f2013)
core   0: 3 0x800002a8 (0x00355913) x18 0x1fffffed
core   0: 3 0x800002ac (0x00db3c33) x24 0x00000001
core   0: 3 0x800002b0 (0x4070d013)
core   0: 3 0x800002b4 (0xfb9c6613) x12 0xffffffb9
core   0: 3 0x800002b8 (0x01815293) x5  0x000000ff
core   0: 3 0x800002bc (0x00d36d33) x26 0xffffffff
core   0: 3 0x800002c0 (0x01f09c33) x24 0x000000ce
core   0: 3 0x800002c4 (0x00f7d093) x1  0x00000000
core   0: 3 0x800002c8 (0x0133f8b3) x17 0x00004000
core   0: 3 0x800002cc (0x012dce33) x28 0x9ffefe33
core   0: 3 0x800002d0 (0x01240463)
core   0: 3 0x800002d4 (0xffdc4b93) x23 0xffffff33
core   0: 3 0x800002d8 (0x01eedd13) x26 0x00000002
core   0: 3 0x800002dc (0x011f5c13) x24 0x00004000
core   0: 3 0x800002e0 (0x0025bf33) x30 0x00000001
core   0: 3 0x800002e4 (0xf96a2513) x10 0x00000000
core   0: 3 0x800002e8 (0x03bdbd13) x26 0x00000000
core   0: 3 0x800002ec (0x00c90633) x12 0x1fffffa6
core   0: 3 0x800002f0 (0x00006317) x6  0x800062f0
core   0: 3 0x800002f4 (0x419805b3) x11 0x0000007b
core   0: 3 0x800002f8 (0x016cfcb3) x25 0x00000000
core   0: 3 0x800002fc (0xffff18b7) x17 0xffff1000
core   0: 3 0x80000300 (0x80010937) x18 0x80010000
core   0: 3 0x80000304 (0x10090913) x18 0x80010100
core   0: 3 0x80000308 (0xf99dc783) x15 0x00000077 mem 0x80010177
core   0: 3 0x8000030c (0x41c38f33) x30 0x6001019a
core   0: 3 0x80000310 (0x00d70833) x16 0x00000033
core   0: 3 0x80000314 (0x008788b3) x17 0x00000077
core   0: 3 0x80000318 (0x08bc6813) x16 0x0000408b
core   0: 3 0x8000031c (0x40208bb3) x23 0x00000020
core   0: 3 0x80000320 (0x013b1b33) x22 0x00000000
core   0: 3 0x80000324 (0x01a2b513) x10 0x00000000
core   0: 3 0x80000328 (0x00cc58b3) x17 0x00000100
core   0: 3 0x8000032c (0x043aad93) x27 0x00000001
core   0: 3 0x80000330 (0xfe7def93) x31 0xffffffe7
core   0: 3 0x80000334 (0xfa38c793) x15 0xfffffea3
core   0: 3 0x80000338 (0xf8af4893) x17 0x9ffefe10
core   0: 3 0x8000033c (0x01dfea63)
core   0: 3 0x80000340 (0x41d70533) x10 0x7ffffdc4
core   0: 3 0x80000344 (0x00071093) x1  0x00000000
core   0: 3 0x80000348 (0x00ae8e33) x28 0x00000000
core   0: 3 0x8000034c (0x01f59fb3) x31 0x00003d80
core   0: 3 0x80000350 (0x00edc4b3) x9  0x00000001
core   0: 3 0x80000354 (0x021a7a93) x21 0x00000000
core   0: 3 0x80000358 (0x08730093) x1  0x80006377
core   0: 3 0x8000035c (0xf5b94a93) x21 0x7ffefe5b
core   0: 3 0x80000360 (0x05948413) x8  0x0000005a
core   0: 3 0x80000364 (0x00e6c333) x6  0x00000033
core   0: 3 0x80000368 (0x00d57cb3) x25 0x00000000
core   0: 3 0x8000036c (0xfa06e513) x10 0xffffffb3
core   0: 3 0x80000370 (0x018c1633) x12 0x00004000
core   0: 3 0x80000374 (0x01dd8733) x14 0x8000023d
core   0: 3 0x80000378 (0x01a312b3) x5  0x00000033
core   0: 3 0x8000037c (0xfb0c0513) x10 0x00003fb0
core   0: 3 0x80000380 (0x06194583) x11 0x00000061 mem 0x80010161
core   0: 3 0x80000384 (0xfea4f513) x10 0x00000000
core   0: 3 0x80000388 (0x00cbdc33) x24 0x00000020
core   0: 3 0x8000038c (0xfde48b93) x23 0xffffffdf
core   0: 3 0x80000390 (0x40e2d1b3) x3  0x00000000
core   0: 3 0x80000394 (0xfffecc97) x25 0x7ffec394
core   0: 3 0x80000398 (0x0198deb3) x29 0x000009ff
core   0: 3 0x8000039c (0x004c4433) x8  0x000000ac
core   0: 3 0x800003a0 (0x004825b3) x11 0x00000000
core   0: 3 0x800003a4 (0x01e3fb33) x22 0x60010188
core   0: 3 0x800003a8 (0x00000db7) x27 0x00000000
core   0: 3 0x800003ac (0x08a54993) x19 0x0000008a
core   0: 3 0x800003b0 (0x0054a5b3) x11 0x00000001
core   0: 3 0x800003b4 (0xfa1f7913) x18 0x60010180
core   0: 3 0x800003b8 (0x0ad5c813) x16 0x000000ac
core   0: 3 0x800003bc (0x014ade93) x29 0x000007ff
core   0: 3 0x800003c0 (0x0a6e4d13) x26 0x000000a6
core   0: 3 0x800003c4 (0xf9d3b693) x13 0x00000000
core   0: 3 0x800003c8 (0x0b808413) x8  0x8000642f
core   0: 3 0x800003cc (0x0a0fee13) x28 0x00003da0
core   0: 3 0x800003d0 (0xfe853393) x7  0x00000001
core   0: 3 0x800003d4 (0x0163e5b3) x11 0x60010189
core   0: 3 0x800003d8 (0x0103ddb3) x27 0x00000000
core   0: 3 0x800003dc (0x0699aa13) x20 0x00000000
core   0: 3 0x800003e0 (0x01367433) x8  0x00000000
core   0: 3 0x800003e4 (0x015d4c33) x24 0x7ffefefd
core   0: 3 0x800003e8 (0x00e204b3) x9  0x800002c9
core   0: 3 0x800003ec (0x0bebb113) x2  0x00000000
core   0: 3 0x800003f0 (0x0073b533) x10 0x00000000
core   0: 3 0x800003f4 (0x40f604b3) x9  0x0000415d
core   0: 3 0x800003f8 (0x01898093) x1  0x000000a2
core   0: 3 0x800003fc (0x017a1693) x13 0x00000000
core   0: 3 0x80000400 (0xf3bc8d13) x26 0x7ffec2cf
core   0: 3 0x80000404 (0x416d0833) x16 0x1ffdc147
core   0: 3 0x80000408 (0x00007917) x18 0x80007408
core   0: 3 0x8000040c (0x00d1da33) x20 0x00000000
core   0: 3 0x80000410 (0x004745b3) x11 0x800002b1
core   0: 3 0x80000414 (0x00da1f93) x31 0x00000000
core   0: 3 0x80000418 (0x00000897) x17 0x80000418
core   0: 3 0x8000041c (0x00888893) x17 0x80000420
core   0: 3 0x80000420 (0x01c88a67) x20 0x80000424
core   0: 3 0x8000043c (0x06887a13) x20 0x00000040
core   0: 3 0x80000440 (0x41ecd4b3) x9  0x0000001f
core   0: 3 0x80000444 (0xfefbc313) x6  0x00000030
core   0: 3 0x80000448 (0x008798b3) x17 0xfffffea3
core   0: 3 0x8000044c (0x002c02b3) x5  0x7ffefefd
core   0: 3 0x80000450 (0x01dcd513) x10 0x00000003
core   0: 3 0x80000454 (0x01a55213) x4  0x00000000
core   0: 3 0x80000458 (0xf4d2bb93) x23 0x00000001
core   0: 3 0x8000045c (0x01bb9db3) x27 0x00000001
core   0: 3 0x80000460 (0x012216b3) x13 0x00000000
core   0: 3 0x80000464 (0x80010eb7) x29 0x80010000
core   0: 3 0x80000468 (0x100e8e93) x29 0x80010100
core   0: 3 0x8000046c (0x016e9383) x7  0x00001716 mem 0x80010116
core   0: 3 0x80000470 (0x0639be93) x29 0x00000000
core   0: 3 0x80000474 (0x07c62e93) x29 0x00000000
core   0: 3 0x80000478 (0x01420133) x2  0x00000040
core   0: 3 0x8000047c (0x0075d133) x2  0x00000200
core   0: 3 0x80000480 (0x01728db3) x27 0x7ffefefe
core   0: 3 0x80000484 (0x01a21f93) x31 0x00000000
core   0: 3 0x80000488 (0x0c14ff13) x30 0x00000001
core   0: 3 0x8000048c (0x002ea8b3) x17 0x00000001
core   0: 3 0x80000490 (0x41c45013)
core   0: 3 0x80000494 (0x03f5ec13) x24 0x800002bf
core   0: 3 0x80000498 (0x00b01db3) x27 0x00000000
core   0: 3 0x8000049c (0xf533f693) x13 0x00001712
core   0: 3 0x800004a0 (0x01cf8b93) x23 0x0000001c
core   0: 3 0x800004a4 (0x002c2a33) x20 0x00000001
core   0: 3 0x800004a8 (0x001c0a33) x20 0x80000361
core   0: 3 0x800004ac (0x01d19333) x6  0x00000000
core   0: 3 0x800004b0 (0x01765513) x10 0x00000000
core   0: 3 0x800004b4 (0x00234233) x4  0x00000200
core   0: 3 0x800004b8 (0x00252213) x4  0x00000001
core   0: 3 0x800004bc (0x03144063)
core   0: 3 0x800004dc (0x00565c93) x25 0x00000200
core   0: 3 0x800004e0 (0xfd38ab93) x23 0x00000000
core   0: 3 0x800004e4 (0x00a964b3) x9  0x80007408
core   0: 3 0x800004e8 (0xffff5917) x18 0x7fff54e8
core   0: 3 0x800004ec (0xffffc6b7) x13 0xffffc000
core   0: 3 0x800004f0 (0x004f2333) x6  0x00000000
core   0: 3 0x800004f4 (0x010ac5b3) x11 0x60033f1c
core   0: 3 0x800004f8 (0x08933c13) x24 0x00000001
core   0: 3 0x800004fc (0x80010ab7) x21 0x80010000
core   0: 3 0x80000500 (0x100a8a93) x21 0x80010100
core   0: 3 0x80000504 (0x0c4acd83) x27 0x000000c4 mem 0x800101c4
core   0: 3 0x80000508 (0xfc6b4513) x10 0x9ffefe4e
core   0: 3 0x8000050c (0xffff1897) x17 0x7fff150c
core   0: 3 0x80000510 (0x031cc793) x15 0x00000231
core   0: 3 0x80000514 (0x400807b3) x15 0x1ffdc147
core   0: 3 0x80000518 (0xfc40eb13) x22 0xffffffe6
core   0: 3 0x8000051c (0x02ed0063)
core   0: 3 0x80000520 (0xfd027493) x9  0x00000000
core   0: 3 0x80000524 (0x0029d533) x10 0x0000008a
core   0: 3 0x80000528 (0x00d3fd33) x26 0x00000000
core   0: 3 0x8000052c (0x019ee333) x6  0x00000200
core   0: 3 0x80000530 (0x05b5a613) x12 0x00000000
core   0: 3 0x80000534 (0x41a95133) x2  0x7fff54e8
core   0: 3 0x80000538 (0x01b314b3) x9  0x00002000
core   0: 3 0x8000053c (0x1dfa9a23) mem 0x800102d4 0x0000
core   0: 3 0x80000540 (0xf81ae993) x19 0xffffff81
core   0: 3 0x80000544 (0x00951913) x18 0x00011400
core   0: 3 0x80000548 (0xf524f093) x1  0x00002000
core   0: 3 0x8000054c (0xf6dc6593) x11 0xffffff6d
core   0: 3 0x80000550 (0x0afd8b93) x23 0x00000173
core   0: 3 0x80000554 (0x000068b7) x17 0x00006000
core   0: 3 0x80000558 (0x402f88b3) x17 0x8000ab18
core   0: 3 0x8000055c (0x011fd0b3) x1  0x00000000
core   0: 3 0x80000560 (0x00567933) x18 0x00000000
core   0: 3 0x80000564 (0x00717e33) x28 0x00001400
core   0: 3 0x80000568 (0x07984f13) x30 0x1ffdc13e
core   0: 3 0x8000056c (0x0c0a0513) x10 0x80000421
core   0: 3 0x80000570 (0x01223993) x19 0x00000001
core   0: 3 0x80000574 (0xfbdf8093) x1  0xffffffbd
core   0: 3 0x80000578 (0xffffc117) x2  0x7fffc578
core   0: 3 0x8000057c (0x00c77433) x8  0x00000000
core   0: 3 0x80000580 (0x010de333) x6  0x1ffdc1c7
core   0: 3 0x80000584 (0x00b6c133) x2  0x00003f6d
core   0: 3 0x80000588 (0x00127833) x16 0x00000001
core   0: 3 0x8000058c (0x09f8e813) x16 0x8000ab9f
core   0: 3 0x80000590 (0x41a35c33) x24 0x1ffdc1c7
core   0: 3 0x80000594 (0xfe4ba093) x1  0x00000000
core   0: 3 0x80000598 (0x00045b93) x23 0x00000000
core   0: 3 0x8000059c (0x0073dc93) x25 0x0000002e
core   0: 3 0x800005a0 (0x405f5eb3) x29 0x00000000
core   0: 3 0x800005a4 (0x00000a17) x20 0x800005a4
core   0: 3 0x800005a8 (0x008a0a13) x20 0x800005ac
core   0: 3 0x800005ac (0x014a0667) x12 0x800005b0
core   0: 3 0x800005c0 (0xffffba17) x20 0x7fffb5c0
core   0: 3 0x800005c4 (0x01a5f6b3) x13 0x00000000
core   0: 3 0x800005c8 (0x07178d13) x26 0x1ffdc1b8
core   0: 3 0x800005cc (0x06590913) x18 0x00000065
core   0: 3 0x800005d0 (0x08ad7213) x4  0x00000088
core   0: 3 0x800005d4 (0xffff40b7) x1  0xffff4000
core   0: 3 0x800005d8 (0x41408233) x4  0x7fff8a40
core   0: 3 0x800005dc (0x008a2b33) x22 0x00000000
core   0: 3 0x800005e0 (0xfdbcb793) x15 0x00000001
core   0: 3 0x800005e4 (0xffd42193) x3  0x00000000
core   0: 3 0x800005e8 (0x400a0433) x8  0x7fffb5c0
core   0: 3 0x800005ec (0x01571c93) x25 0x47a00000
core   0: 3 0x800005f0 (0x01312ab3) x21 0x00000000
core   0: 3 0x800005f4 (0x01eaaf33) x30 0x00000001
core   0: 3 0x800005f8 (0x019b35b3) x11 0x00000001
core   0: 3 0x800005fc (0x00125893) x17 0x3fffc520
core   0: 3 0x80000600 (0x413a0c33) x24 0x7fffb5bf
core   0: 3 0x80000604 (0x01dffab3) x21 0x00000000
core   0: 3 0x80000608 (0x0098c033)
core   0: 3 0x8000060c (0xf489c493) x9  0xffffff49
core   0: 3 0x80000610 (0x800101b7) x3  0x80010000
core   0: 3 0x80000614 (0x10018193) x3  0x80010100
core   0: 3 0x80000618 (0x07f18a23) mem 0x80010174 0x00
core   0: 3 0x8000061c (0x026ca413) x8  0x00000000
core   0: 3 0x80000620 (0x00c1b2b3) x5  0x00000000
core   0: 3 0x80000624 (0x004c70b3) x1  0x7fff8000
core   0: 3 0x80000628 (0x005a1b33) x22 0x7fffb5c0
core   0: 3 0x8000062c (0x0580c613) x12 0x7fff8058
core   0: 3 0x80000630 (0x40ebd693) x13 0x00000000
core   0: 3 0x80000634 (0x00812733) x14 0x00000000
core   0: 3 0x80000638 (0x01f40433) x8  0x00000000
core   0: 3 0x8000063c (0x001cd433) x8  0x47a00000
core   0: 3 0x80000640 (0x019a2e33) x28 0x00000000
core   0: 3 0x80000644 (0x00ae8633) x12 0x80000421
core   0: 3 0x80000648 (0x017daa33) x20 0x00000000
core   0: 3 0x8000064c (0xffff3b37) x22 0xffff3000
core   0: 3 0x80000650 (0x40795893) x17 0x00000000
core   0: 3 0x80000654 (0x418652b3) x5  0xffffffff
core   0: 3 0x80000658 (0x40278833) x16 0xffffc094
core   0: 3 0x8000065c (0x01c09a33) x20 0x7fff8000
core   0: 3 0x80000660 (0x016bbbb3) x23 0x00000001
core   0: 3 0x80000664 (0x011c1f93) x31 0x6b7e0000
core   0: 3 0x80000668 (0x4168d413) x8  0x00000000
core   0: 3 0x8000066c (0x40abd293) x5  0x00000000
core   0: 3 0x80000670 (0x00e30c63)
core   0: 3 0x80000674 (0xf4c9fd13) x26 0x00000000
core   0: 3 0x80000678 (0x01083233) x4  0x00000000
core   0: 3 0x8000067c (0x41555393) x7  0xfffffc00
core   0: 3 0x80000680 (0x0187c0b3) x1  0x7fffb5be
core   0: 3 0x80000684 (0x01f508b3) x17 0xeb7e0421
core   0: 3 0x80000688 (0x01335bb3) x23 0x0ffee0e3
core   0: 3 0x8000068c (0xffff57b7) x15 0xffff5000
core   0: 3 0x80000690 (0xfdca4593) x11 0x80007fdc
core   0: 3 0x80000694 (0x0aeb0493) x9  0xffff30ae
core   0: 3 0x80000698 (0xfd9a8d93) x27 0xffffffd9
core   0: 3 0x8000069c (0x0a99b293) x5  0x00000001
core   0: 3 0x800006a0 (0x003d07b3) x15 0x80010100
core   0: 3 0x800006a4 (0x010e9533) x10 0x00000000
core   0: 3 0x800006a8 (0x08e1ce83) x29 0x0000008e mem 0x8001018e
core   0: 3 0x800006ac (0xf628a613) x12 0x00000001
core   0: 3 0x800006b0 (0x00f53633) x12 0x00000001
core   0: 3 0x800006b4 (0x00956c33) x24 0xffff30ae
core   0: 3 0x800006b8 (0x0bcb7813) x16 0x00000000
core   0: 3 0x800006bc (0x00f81093) x1  0x00000000
core   0: 3 0x800006c0 (0x00368633) x12 0x80010100
core   0: 3 0x800006c4 (0x40725013)
core   0: 3 0x800006c8 (0xf7a07e13) x28 0x00000000
core   0: 3 0x800006cc (0x0190edb3) x27 0x47a00000
core   0: 3 0x800006d0 (0x04adcc93) x25 0x47a0004a
core   0: 3 0x800006d4 (0x006082b3) x5  0x1ffdc1c7
core   0: 3 0x800006d8 (0x00000c97) x25 0x800006d8
core   0: 3 0x800006dc (0x008c8c93) x25 0x800006e0
core   0: 3 0x800006e0 (0x01cc8767) x14 0x800006e4
core   0: 3 0x800006fc (0xf5096213) x4  0xffffff75
core   0: 3 0x80000700 (0x01e590b3) x1  0x0000ffb8
core   0: 3 0x80000704 (0x00007317) x6  0x80007704
core   0: 3 0x80000708 (0x0bf78703) x14 0xffffffbf mem 0x800101bf
core   0: 3 0x8000070c (0x410bd713) x14 0x00000ffe
core   0: 3 0x80000710 (0x0105af33) x30 0x00000001
core   0: 3 0x80000714 (0x41e35fb3) x31 0xc0003b82
core   0: 3 0x80000718 (0x0114b333) x6  0x00000000
core   0: 3 0x8000071c (0x009301b3) x3  0xffff30ae
core   0: 3 0x80000720 (0x000009b7) x19 0x00000000
core   0: 3 0x80000724 (0xff383c93) x25 0x00000001
core   0: 3 0x80000728 (0x01ad1393) x7  0x00000000
core   0: 3 0x8000072c (0x01d51eb3) x29 0x00000000
core   0: 3 0x80000730 (0x40165633) x12 0xffffff80
core   0: 3 0x80000734 (0x00a00233) x4  0x00000000
core   0: 3 0x80000738 (0xf87dba13) x20 0x00000001
core   0: 3 0x8000073c (0x41efdb93) x23 0xffffffff
core   0: 3 0x80000740 (0x07464813) x16 0xfffffff4
core   0: 3 0x80000744 (0x001459b3) x19 0x00000000
core   0: 3 0x80000748 (0x00000997) x19 0x80000748
core   0: 3 0x8000074c (0x00898993) x19 0x80000750
core   0: 3 0x80000750 (0x018989e7) x19 0x80000754
core   0: 3 0x80000768 (0xfed5e893) x17 0xfffffffd
core   0: 3 0x8000076c (0xfffef917) x18 0x7ffef76c
core   0: 3 0x80000770 (0xfb07c093) x1  0x7ffefeb0
core   0: 3 0x80000774 (0x4052d713) x14 0x00ffee0e
core   0: 3 0x80000778 (0xf910f613) x12 0x7ffefe90
core   0: 3 0x8000077c (0x016c41b3) x3  0x000000ae
core   0: 3 0x80000780 (0x00364b33) x22 0x7ffefe3e
core   0: 3 0x80000784 (0xff7dc213) x4  0xb85ffff7
core   0: 3 0x80000788 (0x00d4dc33) x24 0xffff30ae
core   0: 3 0x8000078c (0x004d7533) x10 0x00000000
core   0: 3 0x80000790 (0x0095ffb3) x31 0x8000308c
core   0: 3 0x80000794 (0xfb163593) x11 0x00000001
core   0: 3 0x80000798 (0x00349813) x16 0xfff98570
core   0: 3 0x8000079c (0x0e07da03) x20 0x0000e1e0 mem 0x800101e0
core   0: 3 0x800007a0 (0x4077df93) x31 0xff000202
core   0: 3 0x800007a4 (0x014480b3) x1  0x0000128e
core   0: 3 0x800007a8 (0x005594b3) x9  0x00000080
core   0: 3 0x800007ac (0x40ce5093) x1  0x00000000
core   0: 3 0x800007b0 (0x41c8dc13) x24 0xffffffff
core   0: 3 0x800007b4 (0xfffebf17) x30 0x7ffeb7b4
core   0: 3 0x800007b8 (0x4050dfb3) x31 0x00000000
core   0: 3 0x800007bc (0x406c5b33) x22 0xffffffff
core   0: 3 0x800007c0 (0xffff51b7) x3  0xffff5000
core   0: 3 0x800007c4 (0x00b997b3) x15 0x00000ea8
core   0: 3 0x800007c8 (0xf8fd7893) x17 0x00000000
core   0: 3 0x800007cc (0x414a5ab3) x21 0x0000e1e0
core   0: 3 0x800007d0 (0xfffff197) x3  0x7ffff7d0
core   0: 3 0x800007d4 (0x41d95db3) x27 0x7ffef76c
core   0: 3 0x800007d8 (0x00c1bcb3) x25 0x00000000
core   0: 3 0x800007dc (0x40f007b3) x15 0xfffff158
core   0: 3 0x800007e0 (0x00445713) x14 0x00000000
core   0: 3 0x800007e4 (0x4194d333) x6  0x00000080
core   0: 3 0x800007e8 (0x01235fb3) x31 0x00000000
core   0: 3 0x800007ec (0x017b0333) x6  0xfffffffe
core   0: 3 0x800007f0 (0x416c55b3) x11 0xffffffff
core   0: 3 0x800007f4 (0x01cb4833) x16 0xffffffff
core   0: 3 0x800007f8 (0x002f1d33) x26 0xd6f68000
core   0: 3 0x800007fc (0x40cedfb3) x31 0x00000000
core   0: 3 0x80000800 (0x01609f13) x30 0x00000000
core   0: 3 0x80000804 (0x00df0e63)
core   0: 3 0x80000820 (0x0212e393) x7  0x1ffdc1e7
core   0: 3 0x80000824 (0x015b3133) x2  0x00000000
core   0: 3 0x80000828 (0x06adbd93) x27 0x00000000
core   0: 3 0x8000082c (0x04f16c13) x24 0x0000004f
core   0: 3 0x80000830 (0x00752db3) x27 0x00000001
core   0: 3 0x80000834 (0x80010c37) x24 0x80010000
core   0: 3 0x80000838 (0x100c0c13) x24 0x80010100
core   0: 3 0x8000083c (0x268c03a3) mem 0x80010367 0x00
core   0: 3 0x80000840 (0x407d0a33) x20 0xb6f8be19
core   0: 3 0x80000844 (0xf7db6213) x4  0xffffffff
core   0: 3 0x80000848 (0x0703a813) x16 0x00000000
core   0: 3 0x8000084c (0xfbad4c13) x24 0x29097fba
core   0: 3 0x80000850 (0x0168afb3) x31 0x00000000
core   0: 3 0x80000854 (0x01e49ab3) x21 0x00000080
core   0: 3 0x80000858 (0x01f15d13) x26 0x00000000
core   0: 3 0x8000085c (0x406b0e33) x28 0x00000001
core   0: 3 0x80000860 (0x01e781b3) x3  0xfffff158
core   0: 3 0x80000864 (0xfb81e793) x15 0xfffffff8
core   0: 3 0x80000868 (0x01523e33) x28 0x00000000
core   0: 3 0x8000086c (0x4148d393) x7  0x00000000
core   0: 3 0x80000870 (0x009aa633) x12 0x00000000
core   0: 3 0x80000874 (0xff458b13) x22 0xfffffff3
core   0: 3 0x80000878 (0x00ff94b3) x9  0x00000000
core   0: 3 0x8000087c (0x018e1f93) x31 0x00000000
core   0: 3 0x80000880 (0xf4314913) x18 0xffffff43
core   0: 3 0x80000884 (0x0020bcb3) x25 0x00000000
core   0: 3 0x80000888 (0x000b30b3) x1  0x00000000
core   0: 3 0x8000088c (0x0014f9b3) x19 0x00000000
core   0: 3 0x80000890 (0x415485b3) x11 0xffffff80
core   0: 3 0x80000894 (0x015b7433) x8  0x00000080
core   0: 3 0x80000898 (0x014fd433) x8  0x00000000
core   0: 3 0x8000089c (0xf86f8c93) x25 0xffffff86
core   0: 3 0x800008a0 (0x000010b7) x1  0x00001000
core   0: 3 0x800008a4 (0x01978db3) x27 0xffffff7e
core   0: 3 0x800008a8 (0x01f15133) x2  0x00000000
core   0: 3 0x800008ac (0x00e9aab3) x21 0x00000000
core   0: 3 0x800008b0 (0x01dd8c63)
core   0: 3 0x800008b4 (0x01ba6db3) x27 0xffffff7f
core   0: 3 0x800008b8 (0x06d54613) x12 0x0000006d
core   0: 3 0x800008bc (0x800104b7) x9  0x80010000
core   0: 3 0x800008c0 (0x10048493) x9  0x80010100
core   0: 3 0x800008c4 (0x0cc4d083) x1  0x0000cdcc mem 0x800101cc
core   0: 3 0x800008c8 (0xffff6d17) x26 0x7fff68c8
core   0: 3 0x800008cc (0x019979b3) x19 0xffffff02
core   0: 3 0x800008d0 (0x067aae13) x28 0x00000001
core   0: 3 0x800008d4 (0x01d555b3) x11 0x00000000
core   0: 3 0x800008d8 (0x016cc7b3) x15 0x00000075
core   0: 3 0x800008dc (0x0487be93) x29 0x00000000
core   0: 3 0x800008e0 (0x402bd413) x8  0xffffffff
core   0: 3 0x800008e4 (0x00a7ea33) x20 0x00000075
core   0: 3 0x800008e8 (0x007214b3) x9  0xffffffff
core   0: 3 0x800008ec (0x00545e33) x28 0x01ffffff
core   0: 3 0x800008f0 (0xffffef37) x30 0xffffe000
core   0: 3 0x800008f4 (0xffffb437) x8  0xffffb000
core   0: 3 0x800008f8 (0x00705b33) x22 0x00000000
core   0: 3 0x800008fc (0x40ed5913) x18 0x0001fffd
core   0: 3 0x80000900 (0x00486733) x14 0xffffffff
core   0: 3 0x80000904 (0x01c72fb3) x31 0x00000001
core   0: 3 0x80000908 (0x00931313) x6  0xfffffc00
core   0: 3 0x8000090c (0x01f6d7b3) x15 0x00000000
core   0: 3 0x80000910 (0xfbc73893) x17 0x00000000
core   0: 3 0x80000914 (0x02ae0c13) x24 0x02000029
core   0: 3 0x80000918 (0x41825533) x10 0xffffffff
core   0: 3 0x8000091c (0x00645d13) x26 0x03fffec0
core   0: 3 0x80000920 (0x0417a993) x19 0x00000001
core   0: 3 0x80000924 (0x019f8663)
core   0: 3 0x80000928 (0xfa38fd93) x27 0x00000000
core   0: 3 0x8000092c (0x016bf633) x12 0x00000000
core   0: 3 0x80000930 (0x0c2d8413) x8  0x000000c2
core   0: 3 0x80000934 (0x002c5213) x4  0x0080000a
core   0: 3 0x80000938 (0x014e22b3) x5  0x00000000
core   0: 3 0x8000093c (0x00afd233) x4  0x00000000
core   0: 3 0x80000940 (0x0320ea93) x21 0x0000cdfe
core   0: 3 0x80000944 (0x00efe0b3) x1  0xffffffff
core   0: 3 0x80000948 (0x006f96b3) x13 0x00000001
core   0: 3 0x8000094c (0x01b59d13) x26 0x00000000
core   0: 3 0x80000950 (0x01a59bb3) x23 0x00000000
core   0: 3 0x80000954 (0x41d50db3) x27 0xffffffff
core   0: 3 0x80000958 (0x40bc0633) x12 0x02000029
core   0: 3 0x8000095c (0xf9267193) x3  0x02000000
core   0: 3 0x80000960 (0x80010db7) x27 0x80010000
core   0: 3 0x80000964 (0x100d8d93) x27 0x80010100
core   0: 3 0x80000968 (0x56dda423) mem 0x80010668 0x00000001
core   0: 3 0x8000096c (0x00000e97) x29 0x8000096c
core   0: 3 0x80000970 (0x008e8e93) x29 0x80000974
core   0: 3 0x80000974 (0x018e8c67) x24 0x80000978
core   0: 3 0x8000098c (0x005e1333) x6  0x01ffffff
core   0: 3 0x80000990 (0x01b5efb3) x31 0x80010100
core   0: 3 0x80000994 (0x031fce03) x28 0x00000031 mem 0x80010131
core   0: 3 0x80000998 (0x00921413) x8  0x00000000
core   0: 3 0x8000099c (0x0096d693) x13 0x00000000
core   0: 3 0x800009a0 (0xf8666a13) x20 0xffffffaf
core   0: 3 0x800009a4 (0x01531813) x16 0xffe00000
core   0: 3 0x800009a8 (0xfdedf813) x16 0x80010100
core   0: 3 0x800009ac (0x009ea833) x16 0x00000001
core   0: 3 0x800009b0 (0x00a69193) x3  0x00000000
core   0: 3 0x800009b4 (0x01b79633) x12 0x00000000
core   0: 3 0x800009b8 (0x058f0993) x19 0xffffe058
core   0: 3 0x800009bc (0x002a3db3) x27 0x00000000
core   0: 3 0x800009c0 (0x01fed813) x16 0x00000001
core   0: 3 0x800009c4 (0x0bafa893) x17 0x00000001
core   0: 3 0x800009c8 (0x00cddf33) x30 0x00000000
core   0: 3 0x800009cc (0x00010997) x19 0x800109cc
core   0: 3 0x800009d0 (0x41485e93) x29 0x00000000
core   0: 3 0x800009d4 (0x009fc433) x8  0x7ffefeff
core   0: 3 0x800009d8 (0x01971f93) x31 0xfe000000
core   0: 3 0x800009dc (0x01c50033)
core   0: 3 0x800009e0 (0x07e08393) x7  0x0000007d
core   0: 3 0x800009e4 (0x011d42b3) x5  0x00000001
core   0: 3 0x800009e8 (0x00000917) x18 0x800009e8
core   0: 3 0x800009ec (0x00890913) x18 0x800009f0
core   0: 3 0x800009f0 (0x01490467) x8  0x800009f4
core   0: 3 0x80000a04 (0x007cd333) x6  0x00000007
core   0: 3 0x80000a08 (0x00d5d293) x5  0x00000000
core   0: 3 0x80000a0c (0xfffefdb7) x27 0xfffef000
core   0: 3 0x80000a10 (0x0278e913) x18 0x00000027
core   0: 3 0x80000a14 (0x00002d17) x26 0x80002a14
core   0: 3 0x80000a18 (0xf54db393) x7  0x00000001
core   0: 3 0x80000a1c (0x00ddfdb3) x27 0x00000000
core   0: 3 0x80000a20 (0x09d78893) x17 0x0000009d
core   0: 3 0x80000a24 (0x00d16bb3) x23 0x00000000
core   0: 3 0x80000a28 (0xff7a7213) x4  0xffffffa7
core   0: 3 0x80000a2c (0x0004de33) x28 0xffffffff
core   0: 3 0x80000a30 (0x01741013)
core   0: 3 0x80000a34 (0x01b361b3) x3  0x00000007
core   0: 3 0x80000a38 (0x0856fb93) x23 0x00000000
core   0: 3 0x80000a3c (0x00008737) x14 0x00008000
core   0: 3 0x80000a40 (0x01ecd013)
core   0: 3 0x80000a44 (0xf5fd8893) x17 0xffffff5f
core   0: 3 0x80000a48 (0x80010a37) x20 0x80010000
core   0: 3 0x80000a4c (0x100a0a13) x20 0x80010100
core   0: 3 0x80000a50 (0x0dda4983) x19 0x000000dd mem 0x800101dd
core   0: 3 0x80000a54 (0x01d50433) x8  0xffffffff
core   0: 3 0x80000a58 (0xf4f08b93) x23 0xffffff4e
core   0: 3 0x80000a5c (0x00a46b93) x23 0xffffffff
core   0: 3 0x80000a60 (0xfb2ea393) x7  0x00000000
core   0: 3 0x80000a64 (0x001dd113) x2  0x00000000
core   0: 3 0x80000a68 (0x02188e93) x29 0xffffff80
core   0: 3 0x80000a6c (0x00018a33) x20 0x00000007
core   0: 3 0x80000a70 (0x00262233) x4  0x00000000
core   0: 3 0x80000a74 (0x01767bb3) x23 0x00000000
core   0: 3 0x80000a78 (0xffffe137) x2  0xffffe000
core   0: 3 0x80000a7c (0x00000e97) x29 0x80000a7c
core   0: 3 0x80000a80 (0x008e8e93) x29 0x80000a84
core   0: 3 0x80000a84 (0x004e8fe7) x31 0x80000a88
core   0: 3 0x80000a88 (0xfbfc3d13) x26 0x00000001
core   0: 3 0x80000a8c (0x800105b7) x11 0x80010000
core   0: 3 0x80000a90 (0x10058593) x11 0x80010100
core   0: 3 0x80000a94 (0x3b059323) mem 0x800104a6 0x0001
core   0: 3 0x80000a98 (0xfddc8b93) x23 0xffffff63
core   0: 3 0x80000a9c (0x0069d9b3) x19 0x00000001
core   0: 3 0x80000aa0 (0xfffe5617) x12 0x7ffe5aa0
core   0: 3 0x80000aa4 (0x00000f17) x30 0x80000aa4
core   0: 3 0x80000aa8 (0x008f0f13) x30 0x80000aac
core   0: 3 0x80000aac (0x024f07e7) x15 0x80000ab0
core   0: 3 0x80000ad0 (0x41ced433) x8  0xffffffff
core   0: 3 0x80000ad4 (0x006fdd13) x26 0x0200002a
core   0: 3 0x80000ad8 (0x40ef0233) x4  0x7fff8aac
core   0: 3 0x80000adc (0x09e2f593) x11 0x00000000
core   0: 3 0x80000ae0 (0x41f65913) x18 0x00000000
core   0: 3 0x80000ae4 (0x00318633) x12 0x0000000e
core   0: 3 0x80000ae8 (0x80010137) x2  0x80010000
core   0: 3 0x80000aec (0x10010113) x2  0x80010100
core   0: 3 0x80000af0 (0x5c510123) mem 0x800106c2 0x00
core   0: 3 0x80000af4 (0x41ab8a33) x20 0xfdffff39
core   0: 3 0x80000af8 (0x00f1a7b3) x15 0x00000000
core   0: 3 0x80000afc (0x00fcf5b3) x11 0x00000000
core   0: 3 0x80000b00 (0x00002017)
core   0: 3 0x80000b04 (0xfa64ca93) x21 0x00000059
core   0: 3 0x80000b08 (0x01f05b13) x22 0x00000000
core   0: 3 0x80000b0c (0x0124d133) x2  0xffffffff
core   0: 3 0x80000b10 (0xf50c0293) x5  0x800008c8
core   0: 3 0x80000b14 (0x049f7213) x4  0x00000008
core   0: 3 0x80000b18 (0xf841f113) x2  0x00000004
core   0: 3 0x80000b1c (0x01de57b3) x15 0x0fffffff
core   0: 3 0x80000b20 (0x0ab56a93) x21 0xffffffff
core   0: 3 0x80000b24 (0xffffb5b7) x11 0xffffb000
core   0: 3 0x80000b28 (0x03cc0413) x8  0x800009b4
core   0: 3 0x80000b2c (0x00fd4cb3) x25 0x0dffffd5
core   0: 3 0x80000b30 (0x00f6dd93) x27 0x00000000
core   0: 3 0x80000b34 (0x080bef93) x31 0xffffffe3
core   0: 3 0x80000b38 (0xffff9097) x1  0x7fff9b38
core   0: 3 0x80000b3c (0x404081b3) x3  0x7fff9b30
core   0: 3 0x80000b40 (0x01f54433) x8  0x0000001c
core   0: 3 0x80000b44 (0x0a5f4b13) x22 0x80000a09
core   0: 3 0x80000b48 (0x00742db3) x27 0x00000000
core   0: 3 0x80000b4c (0x0a626513) x10 0x000000ae
core   0: 3 0x80000b50 (0x01784e33) x28 0xffffff62
core   0: 3 0x80000b54 (0x00ada233) x4  0x00000001
core   0: 3 0x80000b58 (0x0137a233) x4  0x00000000
core   0: 3 0x80000b5c (0x009d49b3) x19 0xfdffffd5
core   0: 3 0x80000b60 (0x00ded113) x2  0x00040000
core   0: 3 0x80000b64 (0x00e38d33) x26 0x00008000
core   0: 3 0x80000b68 (0x00311693) x13 0x00200000
core   0: 3 0x80000b6c (0x014acd33) x26 0x020000c6
core   0: 3 0x80000b70 (0xfb884113) x2  0xffffffb9
core   0: 3 0x80000b74 (0x0129e5b3) x11 0xfdffffd5
core   0: 3 0x80000b78 (0x014c7433) x8  0x80000938
core   0: 3 0x80000b7c (0x01ed5c13) x24 0x00000000
core   0: 3 0x80000b80 (0x00007f17) x30 0x80007b80
core   0: 3 0x80000b84 (0x0082da33) x20 0x00000080
core   0: 3 0x80000b88 (0x02326063)
core   0: 3 0x80000ba8 (0x40dadd33) x26 0xffffffff
core   0: 3 0x80000bac (0x06d48693) x13 0x0000006c
core   0: 3 0x80000bb0 (0x01ede3b3) x7  0x80007b80
core   0: 3 0x80000bb4 (0x00c41693) x13 0x00938000
core   0: 3 0x80000bb8 (0xf7e64913) x18 0xffffff70
core   0: 3 0x80000bbc (0x06c77d93) x27 0x00000000
core   0: 3 0x80000bc0 (0x00901433) x8  0x00000000
core   0: 3 0x80000bc4 (0xf4206113) x2  0xffffff42
core   0: 3 0x80000bc8 (0x00442d33) x26 0x00000000
core   0: 3 0x80000bcc (0x800109b7) x19 0x80010000
core   0: 3 0x80000bd0 (0x10098993) x19 0x80010100
core   0: 3 0x80000bd4 (0x79f98f23) mem 0x8001089e 0xe3
core   0: 3 0x80000bd8 (0x01b0de13) x28 0x0000000f
core   0: 3 0x80000bdc (0x017bf4b3) x9  0xffffff63
core   0: 3 0x80000be0 (0x006a9c33) x24 0xffffff80
core   0: 3 0x80000be4 (0xffffcc37) x24 0xffffc000
core   0: 3 0x80000be8 (0x01b77133) x2  0x00000000
core   0: 3 0x80000bec (0xffff4c37) x24 0xffff4000
core   0: 3 0x80000bf0 (0xffffc837) x16 0xffffc000
core   0: 3 0x80000bf4 (0x4066d1b3) x3  0x00012700
core   0: 3 0x80000bf8 (0xfffffeb7) x29 0xfffff000
core   0: 3 0x80000bfc (0x4009dd33) x26 0x80010100
core   0: 3 0x80000c00 (0x00541e13) x28 0x00000000
core   0: 3 0x80000c04 (0xf9faac13) x24 0x00000000
core   0: 3 0x80000c08 (0x00230463)
core   0: 3 0x80000c0c (0x04cd2a83) x21 0x4f4e4d4c mem 0x8001014c
core   0: 3 0x80000c10 (0xffffb837) x16 0xffffb000
core   0: 3 0x80000c14 (0x0020f613) x12 0x00000000
core   0: 3 0x80000c18 (0x0001c517) x10 0x8001cc18
core   0: 3 0x80000c1c (0x009c3113) x2  0x00000001
core   0: 3 0x80000c20 (0xfffef6b7) x13 0xfffef000
core   0: 3 0x80000c24 (0xfab03d13) x26 0x00000001
core   0: 3 0x80000c28 (0x401ed713) x14 0xfffff800
core   0: 3 0x80000c2c (0x08a2a213) x4  0x00000001
core   0: 3 0x80000c30 (0xf7a0b613) x12 0x00000001
core   0: 3 0x80000c34 (0xf4f53993) x19 0x00000001
core   0: 3 0x80000c38 (0x00009637) x12 0x00009000
core   0: 3 0x80000c3c (0xf66f0a93) x21 0x80007ae6
core   0: 3 0x80000c40 (0x0496ec93) x25 0xfffef049
core   0: 3 0x80000c44 (0x04684a13) x20 0xffffb046
core   0: 3 0x80000c48 (0x00400d6f) x26 0x80000c4c
core   0: 3 0x80000c4c (0x0c07a593) x11 0x00000000
core   0: 3 0x80000c50 (0x01ec6f33) x30 0x80007b80
core   0: 3 0x80000c54 (0xfdb40c13) x24 0xffffffdb
core   0: 3 0x80000c58 (0x41d75833) x16 0xfffff800
core   0: 3 0x80000c5c (0x01379e13) x28 0xfff80000
core   0: 3 0x80000c60 (0x01b14eb3) x29 0x00000001
core   0: 3 0x80000c64 (0x40ea09b3) x19 0xffffb846
core   0: 3 0x80000c68 (0x0b9aae13) x28 0x00000001
core   0: 3 0x80000c6c (0x013f2c33) x24 0x00000001
core   0: 3 0x80000c70 (0x00e823b3) x7  0x00000000
core   0: 3 0x80000c74 (0x005b4033)
core   0: 3 0x80000c78 (0x0112a633) x12 0x00000001
core   0: 3 0x80000c7c (0x0096b933) x18 0x00000001
core   0: 3 0x80000c80 (0x01715c93) x25 0x00000000
core   0: 3 0x80000c84 (0x00909133) x2  0xfffcd9c0
core   0: 3 0x80000c88 (0x80010f37) x30 0x80010000
core   0: 3 0x80000c8c (0x100f0f13) x30 0x80010100
core   0: 3 0x80000c90 (0x062f1b83) x23 0x00006362 mem 0x80010162
core   0: 3 0x80000c94 (0x0089f713) x14 0x00000000
core   0: 3 0x80000c98 (0x00a145b3) x11 0x7ffd15d8
core   0: 3 0x80000c9c (0x01f6a733) x14 0x00000001
core   0: 3 0x80000ca0 (0x08ae7d93) x27 0x00000000
core   0: 3 0x80000ca4 (0xfdf57113) x2  0x8001cc18
core   0: 3 0x80000ca8 (0x02800aef) x21 0x80000cac
core   0: 3 0x80000cd0 (0x0a430013)
core   0: 3 0x80000cd4 (0x00113db3) x27 0x00000000
core   0: 3 0x80000cd8 (0xfc23c713) x14 0xffffffc2
core   0: 3 0x80000cdc (0x0016b033)
core   0: 3 0x80000ce0 (0xf5d17493) x9  0x8001cc18
core   0: 3 0x80000ce4 (0x01e8fa33) x20 0x80010100
core   0: 3 0x80000ce8 (0xf6488c93) x25 0xfffffec3
core   0: 3 0x80000cec (0x00376633) x12 0xffffffc2
core   0: 3 0x80000cf0 (0x006f2c33) x24 0x00000001
core   0: 3 0x80000cf4 (0x0003d493) x9  0x00000000
core   0: 3 0x80000cf8 (0x00934433) x8  0x00000007
core   0: 3 0x80000cfc (0x5e4a0e23) mem 0x800106fc 0x01
core   0: 3 0x80000d00 (0x012a9893) x17 0x32b00000
core   0: 3 0x80000d04 (0xfffe4a97) x21 0x7ffe4d04
core   0: 3 0x80000d08 (0x01f41d13) x26 0x80000000
core   0: 3 0x80000d0c (0x0044e433) x8  0x00000001
core   0: 3 0x80000d10 (0xffff5897) x17 0x7fff5d10
core   0: 3 0x80000d14 (0x40c0d733) x14 0x1fffe6ce
core   0: 3 0x80000d18 (0x01fb7913) x18 0x00000009
core   0: 3 0x80000d1c (0x01921c93) x25 0x02000000
core   0: 3 0x80000d20 (0x41dc5093) x1  0x00000000
core   0: 3 0x80000d24 (0xfffefb97) x23 0x7ffefd24
core   0: 3 0x80000d28 (0xffffdfb7) x31 0xffffd000
core   0: 3 0x80000d2c (0x0700e313) x6  0x00000070
core   0: 3 0x80000d30 (0x013dbdb3) x27 0x00000001
core   0: 3 0x80000d34 (0x00000397) x7  0x80000d34
core   0: 3 0x80000d38 (0x00838393) x7  0x80000d3c
core   0: 3 0x80000d3c (0x018384e7) x9  0x80000d40
core   0: 3 0x80000d54 (0x00202e33) x28 0x00000000
core   0: 3 0x80000d58 (0x164a2223) mem 0x80010264 0x00000001
core   0: 3 0x80000d5c (0xffff28b7) x17 0xffff2000
core   0: 3 0x80000d60 (0x0153ecb3) x25 0xfffe4d3c
core   0: 3 0x80000d64 (0x011981b3) x3  0xfffed846
core   0: 3 0x80000d68 (0x0b4a2c93) x25 0x00000001
core   0: 3 0x80000d6c (0x003ede93) x29 0x00000000
core   0: 3 0x80000d70 (0x00e461b3) x3  0x1fffe6cf
core   0: 3 0x80000d74 (0x00d15f13) x30 0x0004000e
core   0: 3 0x80000d78 (0xfd077713) x14 0x1fffe6c0
core   0: 3 0x80000d7c (0x00f807b3) x15 0x0ffff7ff
core   0: 3 0x80000d80 (0x0127f433) x8  0x00000009
core   0: 3 0x80000d84 (0x41a88ab3) x21 0x7fff2000
core   0: 3 0x80000d88 (0x01da6eb3) x29 0x80010100
core   0: 3 0x80000d8c (0x01a54bb3) x23 0x0001cc18
core   0: 3 0x80000d90 (0x0b6bc593) x11 0x0001ccae
core   0: 3 0x80000d94 (0x004aa9b3) x19 0x00000000
core   0: 3 0x80000d98 (0x001f20b3) x1  0x00000000
core   0: 3 0x80000d9c (0x00843c33) x24 0x00000000
core   0: 3 0x80000da0 (0x404b5ab3) x21 0xc0000504
core   0: 3 0x80000da4 (0x015421b3) x3  0x00000000
core   0: 3 0x80000da8 (0x06978793) x15 0x0ffff868
core   0: 3 0x80000dac (0xffffdc17) x24 0x7fffddac
core   0: 3 0x80000db0 (0x00d961b3) x3  0xfffef009
core   0: 3 0x80000db4 (0x01bc5893) x17 0x0000000f
core   0: 3 0x80000db8 (0x00c00aef) x21 0x80000dbc
core   0: 3 0x80000dc4 (0x01dd0233) x4  0x00010100
core   0: 3 0x80000dc8 (0x40055533) x10 0x8001cc18
core   0: 3 0x80000dcc (0x00012cb7) x25 0x00012000
core   0: 3 0x80000dd0 (0x0b423893) x17 0x00000000
core   0: 3 0x80000dd4 (0x002bdab3) x21 0x00000000
core   0: 3 0x80000dd8 (0x002c1613) x12 0xffff76b0
core   0: 3 0x80000ddc (0x007a79b3) x19 0x80000100
core   0: 3 0x80000de0 (0x019fdb33) x22 0xffffd000
core   0: 3 0x80000de4 (0x0167d5b3) x11 0x0ffff868
core   0: 3 0x80000de8 (0x000041b7) x3  0x00004000
core   0: 3 0x80000dec (0x418dd713) x14 0x00000000
core   0: 3 0x80000df0 (0x018bc233) x4  0x7ffe11b4
core   0: 3 0x80000df4 (0x01735713) x14 0x00000000
core   0: 3 0x80000df8 (0xfe9b7513) x10 0xffffd000
core   0: 3 0x80000dfc (0x00052d33) x26 0x00000001
core   0: 3 0x80000e00 (0x008ddc13) x24 0x00000000
core   0: 3 0x80000e04 (0x734a0223) mem 0x80010824 0x00
core   0: 3 0x80000e08 (0x0c143e13) x28 0x00000001
core   0: 3 0x80000e0c (0x00644533) x10 0x00000079
core   0: 3 0x80000e10 (0x016134b3) x9  0x00000001
core   0: 3 0x80000e14 (0x008bdfb3) x31 0x000000e6
core   0: 3 0x80000e18 (0x416b8fb3) x31 0x0001fc18
core   0: 3 0x80000e1c (0xffff11b7) x3  0xffff1000
core   0: 3 0x80000e20 (0x01336cb3) x25 0x80000170
core   0: 3 0x80000e24 (0x007f9513) x10 0x00fe0c00
core   0: 3 0x80000e28 (0xfffc6413) x8  0xffffffff
core   0: 3 0x80000e2c (0x407c0033)
core   0: 3 0x80000e30 (0xf5497e93) x29 0x00000000
core   0: 3 0x80000e34 (0x057c4e93) x29 0x00000057
core   0: 3 0x80000e38 (0xff508b13) x22 0xfffffff5
core   0: 3 0x80000e3c (0xffffd0b7) x1  0xffffd000
core   0: 3 0x80000e40 (0x005c53b3) x7  0x00000000
core   0: 3 0x80000e44 (0x019e6e33) x28 0x80000171
core   0: 3 0x80000e48 (0x01865d93) x27 0x000000ff
core   0: 3 0x80000e4c (0x007a7fb3) x31 0x00000000
core   0: 3 0x80000e50 (0xff4bfe93) x29 0x0001cc10
core   0: 3 0x80000e54 (0x00abc1b3) x3  0x00ffc018
core   0: 3 0x80000e58 (0xf6564d93) x27 0x000089d5
core   0: 3 0x80000e5c (0xfffe7f17) x30 0x7ffe7e5c
core   0: 3 0x80000e60 (0x001764b3) x9  0xffffd000
core   0: 3 0x80000e64 (0xffff8c37) x24 0xffff8000
core   0: 3 0x80000e68 (0x00406333) x6  0x7ffe11b4
core   0: 3 0x80000e6c (0xfbad6093) x1  0xffffffbb
core   0: 3 0x80000e70 (0xf617a993) x19 0x00000000
core   0: 3 0x80000e74 (0x00435a33) x20 0x000007ff
core   0: 3 0x80000e78 (0xf3863813) x16 0x00000001
core   0: 3 0x80000e7c (0x0b5b6c13) x24 0xfffffff5
core   0: 3 0x80000e80 (0x01104133) x2  0x00000000
core   0: 3 0x80000e84 (0x0bddf113) x2  0x00000095
core   0: 3 0x80000e88 (0x00000e97) x29 0x80000e88
core   0: 3 0x80000e8c (0x008e8e93) x29 0x80000e90
core   0: 3 0x80000e90 (0x020e85e7) x11 0x80000e94
core   0: 3 0x80000eb0 (0x00829a33) x20 0x00000000
core   0: 3 0x80000eb4 (0x012729b3) x19 0x00000001
core   0: 3 0x80000eb8 (0xf9ec2a13) x20 0x00000000
core   0: 3 0x80000ebc (0x01799a93) x21 0x00800000
core   0: 3 0x80000ec0 (0x01c932b3) x5  0x00000001
core   0: 3 0x80000ec4 (0x80010ab7) x21 0x80010000
core   0: 3 0x80000ec8 (0x100a8a93) x21 0x80010100
core   0: 3 0x80000ecc (0x048ad183) x3  0x00004948 mem 0x80010148
core   0: 3 0x80000ed0 (0x0110efb3) x31 0xffffffbb
core   0: 3 0x80000ed4 (0xffffc297) x5  0x7fffced4
core   0: 3 0x80000ed8 (0x012e6713) x14 0x80000173
core   0: 3 0x80000edc (0x00006797) x15 0x80006edc
core   0: 3 0x80000ee0 (0xf812c593) x11 0x80003155
core   0: 3 0x80000ee4 (0x41b75a33) x20 0xfffffc00
core   0: 3 0x80000ee8 (0x41a408b3) x17 0xfffffffe
core   0: 3 0x80000eec (0x01116933) x18 0xffffffff
core   0: 3 0x80000ef0 (0x003c7cb3) x25 0x00004940
core   0: 3 0x80000ef4 (0x01165eb3) x29 0x00000003
core   0: 3 0x80000ef8 (0xfffecb17) x22 0x7ffecef8
core   0: 3 0x80000efc (0x411484b3) x9  0xffffd002
core   0: 3 0x80000f00 (0x0893c013)
core   0: 3 0x80000f04 (0x0c6e2513) x10 0x00000001
core   0: 3 0x80000f08 (0x00e12333) x6  0x00000000
core   0: 3 0x80000f0c (0x0099f0b3) x1  0x00000000
core   0: 3 0x80000f10 (0x014b05b3) x11 0x7ffecaf8
core   0: 3 0x80000f14 (0x0058ceb3) x29 0x8000312a
core   0: 3 0x80000f18 (0x007bea33) x20 0x0001cc18
core   0: 3 0x80000f1c (0x413d5693) x13 0x00000000
core   0: 3 0x80000f20 (0xffffc297) x5  0x7fffcf20
core   0: 3 0x80000f24 (0x03c64263)
core   0: 3 0x80000f28 (0x00c91693) x13 0xfffff000
core   0: 3 0x80000f2c (0x00847e33) x28 0xffffffff
core   0: 3 0x80000f30 (0x40758333) x6  0x7ffecaf8
core   0: 3 0x80000f34 (0x03a0a913) x18 0x00000001
core   0: 3 0x80000f38 (0xf70a3313) x6  0x00000001
core   0: 3 0x80000f3c (0x01aa87b3) x15 0x80010101
core   0: 3 0x80000f40 (0x094de093) x1  0x000089d5
core   0: 3 0x80000f44 (0x005a5493) x9  0x00000e60
core   0: 3 0x80000f48 (0x000f1b33) x22 0x7ffe7e5c
core   0: 3 0x80000f4c (0x4103d293) x5  0x00000000
core   0: 3 0x80000f50 (0x0bd7c483) x9  0x000000be mem 0x800101be
core   0: 3 0x80000f54 (0x01b1c8b3) x17 0x0000c09d
core   0: 3 0x80000f58 (0x4156d033)
core   0: 3 0x80000f5c (0xf581b813) x16 0x00000001
core   0: 3 0x80000f60 (0x01031813) x16 0x00010000
core   0: 3 0x80000f64 (0xf8d14393) x7  0xffffff18
core   0: 3 0x80000f68 (0x0ba9cd13) x26 0x000000bb
core   0: 3 0x80000f6c (0xfb52f693) x13 0x00000000
core   0: 3 0x80000f70 (0x011fe0b3) x1  0xffffffbf
core   0: 3 0x80000f74 (0x009ba8b3) x17 0x00000000
core   0: 3 0x80000f78 (0x002707b3) x15 0x80000208
core   0: 3 0x80000f7c (0x00ba3533) x10 0x00000001
core   0: 3 0x80000f80 (0x0c7bee93) x29 0x0001ccdf
core   0: 3 0x80000f84 (0xffff0537) x10 0xffff0000
core   0: 3 0x80000f88 (0x01963713) x14 0x00000000
core   0: 3 0x80000f8c (0x01ced3b3) x7  0x00000000
core   0: 3 0x80000f90 (0x419d8d33) x26 0x00004095
core   0: 3 0x80000f94 (0x00000c97) x25 0x80000f94
core   0: 3 0x80000f98 (0x008c8c93) x25 0x80000f9c
core   0: 3 0x80000f9c (0x010c84e7) x9  0x80000fa0
core   0: 3 0x80000fac (0x0128a2b3) x5  0x00000001
core   0: 3 0x80000fb0 (0x00d78233) x4  0x80000208
core   0: 3 0x80000fb4 (0x00e0d613) x12 0x0003ffff
core   0: 3 0x80000fb8 (0x01bbdb33) x22 0x00000000
core   0: 3 0x80000fbc (0xf881eb93) x23 0xffffffc8
core   0: 3 0x80000fc0 (0x00c3db13) x22 0x00000000
core   0: 3 0x80000fc4 (0xfeeb4013)
core   0: 3 0x80000fc8 (0x01b24433) x8  0x80008bdd
core   0: 3 0x80000fcc (0xfc274193) x3  0xffffffc2
core   0: 3 0x80000fd0 (0x40b1db13) x22 0xffffffff
core   0: 3 0x80000fd4 (0x0184de13) x28 0x00000080
core   0: 3 0x80000fd8 (0x006f9e33) x28 0xffffff76
core   0: 3 0x80000fdc (0x23aa9523) mem 0x8001032a 0x4095
core   0: 3 0x80000fe0 (0x00d11b93) x23 0x0012a000
core   0: 3 0x80000fe4 (0x0193e4b3) x9  0x80000f9c
core   0: 3 0x80000fe8 (0x404d5eb3) x29 0x00000040
core   0: 3 0x80000fec (0x01bc0b33) x22 0x000089ca
core   0: 3 0x80000ff0 (0x0812a293) x5  0x00000001
core   0: 3 0x80000ff4 (0x004e47b3) x15 0x7ffffd7e
core   0: 3 0x80000ff8 (0x00998f33) x30 0x80000f9d
core   0: 3 0x80000ffc (0x00001f97) x31 0x80001ffc
core   0: 3 0x80001000 (0x408056b3) x13 0x00000000
core   0: 3 0x80001004 (0x01f35913) x18 0x00000000
core   0: 3 0x80001008 (0x00627933) x18 0x00000000
core   0: 3 0x8000100c (0x02470193) x3  0x00000024
core   0: 3 0x80001010 (0x00ca1b33) x22 0x00000000
core   0: 3 0x80001014 (0x03258413) x8  0x7ffecb2a
core   0: 3 0x80001018 (0xfb4cba13) x20 0x00000001
core   0: 3 0x8000101c (0x06678f13) x30 0x7ffffde4
core   0: 3 0x80001020 (0xffffa537) x10 0xffffa000
core   0: 3 0x80001024 (0x00d3b433) x8  0x00000000
core   0: 3 0x80001028 (0x41690733) x14 0x00000000
core   0: 3 0x8000102c (0x40820833) x16 0x80000208
core   0: 3 0x80001030 (0xffff8637) x12 0xffff8000
core   0: 3 0x80001034 (0xfffea097) x1  0x7ffeb034
core   0: 3 0x80001038 (0x40328eb3) x29 0xffffffdd
core   0: 3 0x8000103c (0x00c74fb3) x31 0xffff8000
core   0: 3 0x80001040 (0x02ecf993) x19 0x0000000c
core   0: 3 0x80001044 (0x00ae8663)
core   0: 3 0x80001048 (0x3e0a8a23) mem 0x800104f4 0x00
core   0: 3 0x8000104c (0x00505033)
core   0: 3 0x80001050 (0x01d8ecb3) x25 0xffffffdd
core   0: 3 0x80001054 (0xf5080c13) x24 0x80000158
core   0: 3 0x80001058 (0x4041d313) x6  0x00000002
core   0: 3 0x8000105c (0x01e4deb3) x29 0x080000f9
core   0: 3 0x80001060 (0x01309293) x5  0x81a00000
core   0: 3 0x80001064 (0x000e9113) x2  0x080000f9
core   0: 3 0x80001068 (0xf71a8613) x12 0x80010071
core   0: 3 0x8000106c (0x01ab0e33) x28 0x00004095
core   0: 3 0x80001070 (0x41630ab3) x21 0x00000002
core   0: 3 0x80001074 (0x092dc293) x5  0x00008947
core   0: 3 0x80001078 (0x00c64133) x2  0x00000000
core   0: 3 0x8000107c (0x00a758b3) x17 0x00000000
core   0: 3 0x80001080 (0x009d09b3) x19 0x80005031
core   0: 3 0x80001084 (0x017c4233) x4  0x8012a158
core   0: 3 0x80001088 (0x00246bb3) x23 0x00000000
core   0: 3 0x8000108c (0x012f5a33) x20 0x7ffffde4
core   0: 3 0x80001090 (0x00006697) x13 0x80007090
core   0: 3 0x80001094 (0x00000117) x2  0x80001094
core   0: 3 0x80001098 (0x00810113) x2  0x8000109c
core   0: 3 0x8000109c (0x028107e7) x15 0x800010a0
core   0: 3 0x800010c4 (0x41e8d633) x12 0x00000000
core   0: 3 0x800010c8 (0x4105d393) x7  0x00007ffe
core   0: 3 0x800010cc (0x00bcf233) x4  0x7ffecad8
core   0: 3 0x800010d0 (0x40c35ab3) x21 0x00000002
core   0: 3 0x800010d4 (0x00360db3) x27 0x00000024
core   0: 3 0x800010d8 (0xf4d24893) x17 0x80013595
core   0: 3 0x800010dc (0xfd370213) x4  0xffffffd3
core   0: 3 0x800010e0 (0x000eadb3) x27 0x00000000
core   0: 3 0x800010e4 (0x00203a33) x20 0x00000001
core   0: 3 0x800010e8 (0x01f578b3) x17 0xffff8000
core   0: 3 0x800010ec (0x00e0a433) x8  0x00000000
core   0: 3 0x800010f0 (0x0ad54013)
core   0: 3 0x800010f4 (0x01bd7e33) x28 0x00000000
core   0: 3 0x800010f8 (0xf795f093) x1  0x7ffeca78
core   0: 3 0x800010fc (0xf4723313) x6  0x00000000
core   0: 3 0x80001100 (0x414ad1b3) x3  0x00000001
core   0: 3 0x80001104 (0x0c8d3213) x4  0x00000000
